<?xml version="1.0" encoding="UTF-8"?>
<TestRun id="90ea87cd-fa4d-4758-bd2f-a3c17e6ac1a1" name="oujun@OUJUN-PC 2011-01-09 14:51:12" runUser="oujun-PC\oujun" xmlns="http://microsoft.com/schemas/VisualStudio/TeamTest/2006">
  <TestRunConfiguration name="本地测试运行" id="77befa6a-4fce-432e-8fce-cb422d293a79">
    <Description>这是本地测试运行的默认测试运行配置。</Description>
    <Deployment runDeploymentRoot="C:\Users\oujun\Desktop\read_more\read_more\read_more Beta\TestResults\oujun_OUJUN-PC 2011-01-09 14_51_12">
      <DeploymentItem filename="C:\Users\oujun\Desktop\read_more\read_more\read_more Beta\bin\Debug\read_more.exe" />
    </Deployment>
    <TestTypeSpecific />
  </TestRunConfiguration>
  <ResultSummary outcome="Completed">
    <Counters total="22" executed="22" passed="22" error="0" failed="0" timeout="0" aborted="0" inconclusive="0" passedButRunAborted="0" notRunnable="0" notExecuted="0" disconnected="0" warning="0" completed="0" inProgress="0" pending="0" />
  </ResultSummary>
  <Times creation="2011-01-09T14:51:12.6213047+08:00" queuing="2011-01-09T14:51:18.8879063+08:00" start="2011-01-09T14:51:19.3830234+08:00" finish="2011-01-09T14:51:22.6427891+08:00" />
  <TestDefinitions>
    <UnitTest name="GetRelativeAppDirTest" storage="c:\users\oujun\desktop\read_more\read_more\read_more beta\testprojectreadmore\bin\debug\testprojectreadmore.dll" id="c23b9e62-2b38-abf3-74fe-976b3e963270">
      <Css projectStructure="" iteration="" />
      <Owners>
        <Owner name="" />
      </Owners>
      <Execution id="75f736be-1a5b-4b30-92dc-cf8c35286a7c" />
      <TestMethod codeBase="C:\Users\oujun\Desktop\read_more\read_more\read_more Beta\TestProjectReadMore\bin\Debug\TestProjectReadMore.dll" adapterTypeName="Microsoft.VisualStudio.TestTools.TestTypes.Unit.UnitTestAdapter, Microsoft.VisualStudio.QualityTools.Tips.UnitTest.Adapter, Version=9.0.0.0, Culture=neutral, PublicKeyToken=b03f5f7f11d50a3a" className="TestProjectReadMore.CommonUtilTest, TestProjectReadMore" name="GetRelativeAppDirTest" />
    </UnitTest>
    <UnitTest name="CopyDirExtTest" storage="c:\users\oujun\desktop\read_more\read_more\read_more beta\testprojectreadmore\bin\debug\testprojectreadmore.dll" id="6b320bcc-4da7-e499-316c-a90c5fec1e9f">
      <Css projectStructure="" iteration="" />
      <Owners>
        <Owner name="" />
      </Owners>
      <Execution id="ddb4ab3f-4f7a-48ea-beb7-fb1a5a078427" />
      <TestMethod codeBase="C:\Users\oujun\Desktop\read_more\read_more\read_more Beta\TestProjectReadMore\bin\Debug\TestProjectReadMore.dll" adapterTypeName="Microsoft.VisualStudio.TestTools.TestTypes.Unit.UnitTestAdapter, Microsoft.VisualStudio.QualityTools.Tips.UnitTest.Adapter, Version=9.0.0.0, Culture=neutral, PublicKeyToken=b03f5f7f11d50a3a" className="TestProjectReadMore.CommonUtilTest, TestProjectReadMore" name="CopyDirExtTest" />
    </UnitTest>
    <UnitTest name="GetFolderNameTest" storage="c:\users\oujun\desktop\read_more\read_more\read_more beta\testprojectreadmore\bin\debug\testprojectreadmore.dll" id="52fd6cca-514c-504a-c1ca-f22d224aa47c">
      <Css projectStructure="" iteration="" />
      <Owners>
        <Owner name="" />
      </Owners>
      <Execution id="4e6ffa37-dc9b-4d66-a4ab-b64df510362d" />
      <TestMethod codeBase="C:\Users\oujun\Desktop\read_more\read_more\read_more Beta\TestProjectReadMore\bin\Debug\TestProjectReadMore.dll" adapterTypeName="Microsoft.VisualStudio.TestTools.TestTypes.Unit.UnitTestAdapter, Microsoft.VisualStudio.QualityTools.Tips.UnitTest.Adapter, Version=9.0.0.0, Culture=neutral, PublicKeyToken=b03f5f7f11d50a3a" className="TestProjectReadMore.CommonUtilTest, TestProjectReadMore" name="GetFolderNameTest" />
    </UnitTest>
    <UnitTest name="CreateBookNodeTest" storage="c:\users\oujun\desktop\read_more\read_more\read_more beta\testprojectreadmore\bin\debug\testprojectreadmore.dll" id="be9f75e5-decf-6223-5081-6fe6becf3c26">
      <Css projectStructure="" iteration="" />
      <Owners>
        <Owner name="" />
      </Owners>
      <Execution id="f7efbc65-50be-48ad-a13d-24ffdc81af32" />
      <TestMethod codeBase="C:\Users\oujun\Desktop\read_more\read_more\read_more Beta\TestProjectReadMore\bin\Debug\TestProjectReadMore.dll" adapterTypeName="Microsoft.VisualStudio.TestTools.TestTypes.Unit.UnitTestAdapter, Microsoft.VisualStudio.QualityTools.Tips.UnitTest.Adapter, Version=9.0.0.0, Culture=neutral, PublicKeyToken=b03f5f7f11d50a3a" className="TestProjectReadMore.FormUtilTest, TestProjectReadMore" name="CreateBookNodeTest" />
    </UnitTest>
    <UnitTest name="AnalyseCurNodeTest" storage="c:\users\oujun\desktop\read_more\read_more\read_more beta\testprojectreadmore\bin\debug\testprojectreadmore.dll" id="98d10aa3-ff17-648b-cc7e-ed011c1423e2">
      <Css projectStructure="" iteration="" />
      <Owners>
        <Owner name="" />
      </Owners>
      <Execution id="0606da73-4544-41ed-9e2b-6d351dc61a73" />
      <TestMethod codeBase="C:\Users\oujun\Desktop\read_more\read_more\read_more Beta\TestProjectReadMore\bin\Debug\TestProjectReadMore.dll" adapterTypeName="Microsoft.VisualStudio.TestTools.TestTypes.Unit.UnitTestAdapter, Microsoft.VisualStudio.QualityTools.Tips.UnitTest.Adapter, Version=9.0.0.0, Culture=neutral, PublicKeyToken=b03f5f7f11d50a3a" className="TestProjectReadMore.FormUtilTest, TestProjectReadMore" name="AnalyseCurNodeTest" />
    </UnitTest>
    <UnitTest name="GetFileNameTest" storage="c:\users\oujun\desktop\read_more\read_more\read_more beta\testprojectreadmore\bin\debug\testprojectreadmore.dll" id="79458f1c-03c9-40c6-ec04-fec1e5a0f6aa">
      <Css projectStructure="" iteration="" />
      <Owners>
        <Owner name="" />
      </Owners>
      <Execution id="4315ec34-0606-4958-b079-08f9f67dd708" />
      <TestMethod codeBase="C:\Users\oujun\Desktop\read_more\read_more\read_more Beta\TestProjectReadMore\bin\Debug\TestProjectReadMore.dll" adapterTypeName="Microsoft.VisualStudio.TestTools.TestTypes.Unit.UnitTestAdapter, Microsoft.VisualStudio.QualityTools.Tips.UnitTest.Adapter, Version=9.0.0.0, Culture=neutral, PublicKeyToken=b03f5f7f11d50a3a" className="TestProjectReadMore.CommonUtilTest, TestProjectReadMore" name="GetFileNameTest" />
    </UnitTest>
    <UnitTest name="BookConstructorTest" storage="c:\users\oujun\desktop\read_more\read_more\read_more beta\testprojectreadmore\bin\debug\testprojectreadmore.dll" id="54a7f750-b04b-c012-a7e8-dafee4bd00f9">
      <Css projectStructure="" iteration="" />
      <Owners>
        <Owner name="" />
      </Owners>
      <Execution id="00173a4e-8c1e-4c4d-8002-b135135b250a" />
      <TestMethod codeBase="C:\Users\oujun\Desktop\read_more\read_more\read_more Beta\TestProjectReadMore\bin\Debug\TestProjectReadMore.dll" adapterTypeName="Microsoft.VisualStudio.TestTools.TestTypes.Unit.UnitTestAdapter, Microsoft.VisualStudio.QualityTools.Tips.UnitTest.Adapter, Version=9.0.0.0, Culture=neutral, PublicKeyToken=b03f5f7f11d50a3a" className="TestProjectReadMore.BookTest, TestProjectReadMore" name="BookConstructorTest" />
    </UnitTest>
    <UnitTest name="BookConstructorTest1" storage="c:\users\oujun\desktop\read_more\read_more\read_more beta\testprojectreadmore\bin\debug\testprojectreadmore.dll" id="c05ede38-2791-b312-2879-8d65bf73fd94">
      <Css projectStructure="" iteration="" />
      <Owners>
        <Owner name="" />
      </Owners>
      <Execution id="a3a521c0-9822-4241-a5e9-61dc671f9a7b" />
      <TestMethod codeBase="C:\Users\oujun\Desktop\read_more\read_more\read_more Beta\TestProjectReadMore\bin\Debug\TestProjectReadMore.dll" adapterTypeName="Microsoft.VisualStudio.TestTools.TestTypes.Unit.UnitTestAdapter, Microsoft.VisualStudio.QualityTools.Tips.UnitTest.Adapter, Version=9.0.0.0, Culture=neutral, PublicKeyToken=b03f5f7f11d50a3a" className="TestProjectReadMore.BookTest, TestProjectReadMore" name="BookConstructorTest1" />
    </UnitTest>
    <UnitTest name="ContainNodeTest" storage="c:\users\oujun\desktop\read_more\read_more\read_more beta\testprojectreadmore\bin\debug\testprojectreadmore.dll" id="2efad361-4af2-b529-ac09-b5b305b3dc5d">
      <Css projectStructure="" iteration="" />
      <Owners>
        <Owner name="" />
      </Owners>
      <Execution id="bbe1e793-beee-485d-bfeb-dddaab2d73a9" />
      <TestMethod codeBase="C:\Users\oujun\Desktop\read_more\read_more\read_more Beta\TestProjectReadMore\bin\Debug\TestProjectReadMore.dll" adapterTypeName="Microsoft.VisualStudio.TestTools.TestTypes.Unit.UnitTestAdapter, Microsoft.VisualStudio.QualityTools.Tips.UnitTest.Adapter, Version=9.0.0.0, Culture=neutral, PublicKeyToken=b03f5f7f11d50a3a" className="TestProjectReadMore.FormUtilTest, TestProjectReadMore" name="ContainNodeTest" />
    </UnitTest>
    <UnitTest name="OutputBookListConstructorTest" storage="c:\users\oujun\desktop\read_more\read_more\read_more beta\testprojectreadmore\bin\debug\testprojectreadmore.dll" id="6cb14709-22bb-4299-3ea7-c19c58578070">
      <Css projectStructure="" iteration="" />
      <Owners>
        <Owner name="" />
      </Owners>
      <Execution id="f9f0a70c-15e8-42cc-ac66-af1723a3030e" />
      <TestMethod codeBase="C:\Users\oujun\Desktop\read_more\read_more\read_more Beta\TestProjectReadMore\bin\Debug\TestProjectReadMore.dll" adapterTypeName="Microsoft.VisualStudio.TestTools.TestTypes.Unit.UnitTestAdapter, Microsoft.VisualStudio.QualityTools.Tips.UnitTest.Adapter, Version=9.0.0.0, Culture=neutral, PublicKeyToken=b03f5f7f11d50a3a" className="TestProjectReadMore.OutputBookListTest, TestProjectReadMore" name="OutputBookListConstructorTest" />
    </UnitTest>
    <UnitTest name="CopyFilesExtTest" storage="c:\users\oujun\desktop\read_more\read_more\read_more beta\testprojectreadmore\bin\debug\testprojectreadmore.dll" id="a9907a87-e931-0fbb-5120-eb8b90749c91">
      <Css projectStructure="" iteration="" />
      <Owners>
        <Owner name="" />
      </Owners>
      <DeploymentItems>
        <DeploymentItem filename="read_more.exe" />
      </DeploymentItems>
      <Execution id="1e232bb2-9d17-4df8-83fc-a0f554b97cc7" />
      <TestMethod codeBase="C:\Users\oujun\Desktop\read_more\read_more\read_more Beta\TestProjectReadMore\bin\Debug\TestProjectReadMore.dll" adapterTypeName="Microsoft.VisualStudio.TestTools.TestTypes.Unit.UnitTestAdapter, Microsoft.VisualStudio.QualityTools.Tips.UnitTest.Adapter, Version=9.0.0.0, Culture=neutral, PublicKeyToken=b03f5f7f11d50a3a" className="TestProjectReadMore.CommonUtilTest, TestProjectReadMore" name="CopyFilesExtTest" />
    </UnitTest>
    <UnitTest name="GetNewNodeTest" storage="c:\users\oujun\desktop\read_more\read_more\read_more beta\testprojectreadmore\bin\debug\testprojectreadmore.dll" id="385238eb-0e86-cab3-edcc-952ab494f745">
      <Css projectStructure="" iteration="" />
      <Owners>
        <Owner name="" />
      </Owners>
      <Execution id="074bc27b-7e09-4b80-8be9-769dd59bf4ff" />
      <TestMethod codeBase="C:\Users\oujun\Desktop\read_more\read_more\read_more Beta\TestProjectReadMore\bin\Debug\TestProjectReadMore.dll" adapterTypeName="Microsoft.VisualStudio.TestTools.TestTypes.Unit.UnitTestAdapter, Microsoft.VisualStudio.QualityTools.Tips.UnitTest.Adapter, Version=9.0.0.0, Culture=neutral, PublicKeyToken=b03f5f7f11d50a3a" className="TestProjectReadMore.FormUtilTest, TestProjectReadMore" name="GetNewNodeTest" />
    </UnitTest>
    <UnitTest name="DescriptionTest" storage="c:\users\oujun\desktop\read_more\read_more\read_more beta\testprojectreadmore\bin\debug\testprojectreadmore.dll" id="3d730d73-27b1-9b8d-7120-843d5d4f105e">
      <Css projectStructure="" iteration="" />
      <Owners>
        <Owner name="" />
      </Owners>
      <Execution id="612c344c-b839-42d3-b940-f3c3508b059e" />
      <TestMethod codeBase="C:\Users\oujun\Desktop\read_more\read_more\read_more Beta\TestProjectReadMore\bin\Debug\TestProjectReadMore.dll" adapterTypeName="Microsoft.VisualStudio.TestTools.TestTypes.Unit.UnitTestAdapter, Microsoft.VisualStudio.QualityTools.Tips.UnitTest.Adapter, Version=9.0.0.0, Culture=neutral, PublicKeyToken=b03f5f7f11d50a3a" className="TestProjectReadMore.BookTest, TestProjectReadMore" name="DescriptionTest" />
    </UnitTest>
    <UnitTest name="AuthorTest" storage="c:\users\oujun\desktop\read_more\read_more\read_more beta\testprojectreadmore\bin\debug\testprojectreadmore.dll" id="1e655fec-4128-95dd-6c75-d4fae3337339">
      <Css projectStructure="" iteration="" />
      <Owners>
        <Owner name="" />
      </Owners>
      <Execution id="eecaf17d-1daf-4d61-b5f7-0f041d3204f7" />
      <TestMethod codeBase="C:\Users\oujun\Desktop\read_more\read_more\read_more Beta\TestProjectReadMore\bin\Debug\TestProjectReadMore.dll" adapterTypeName="Microsoft.VisualStudio.TestTools.TestTypes.Unit.UnitTestAdapter, Microsoft.VisualStudio.QualityTools.Tips.UnitTest.Adapter, Version=9.0.0.0, Culture=neutral, PublicKeyToken=b03f5f7f11d50a3a" className="TestProjectReadMore.BookTest, TestProjectReadMore" name="AuthorTest" />
    </UnitTest>
    <UnitTest name="GetNewListItemTest" storage="c:\users\oujun\desktop\read_more\read_more\read_more beta\testprojectreadmore\bin\debug\testprojectreadmore.dll" id="12f37cbd-9345-5dc8-b845-2a7f0f9298cb">
      <Css projectStructure="" iteration="" />
      <Owners>
        <Owner name="" />
      </Owners>
      <Execution id="eee2d05c-099f-432a-8e80-0597a257326f" />
      <TestMethod codeBase="C:\Users\oujun\Desktop\read_more\read_more\read_more Beta\TestProjectReadMore\bin\Debug\TestProjectReadMore.dll" adapterTypeName="Microsoft.VisualStudio.TestTools.TestTypes.Unit.UnitTestAdapter, Microsoft.VisualStudio.QualityTools.Tips.UnitTest.Adapter, Version=9.0.0.0, Culture=neutral, PublicKeyToken=b03f5f7f11d50a3a" className="TestProjectReadMore.FormUtilTest, TestProjectReadMore" name="GetNewListItemTest" />
    </UnitTest>
    <UnitTest name="NameTest" storage="c:\users\oujun\desktop\read_more\read_more\read_more beta\testprojectreadmore\bin\debug\testprojectreadmore.dll" id="e6f610f5-d53a-9081-bbad-5e133df8f67b">
      <Css projectStructure="" iteration="" />
      <Owners>
        <Owner name="" />
      </Owners>
      <Execution id="01004f84-dc34-4c7a-b64b-5a01210dc4d3" />
      <TestMethod codeBase="C:\Users\oujun\Desktop\read_more\read_more\read_more Beta\TestProjectReadMore\bin\Debug\TestProjectReadMore.dll" adapterTypeName="Microsoft.VisualStudio.TestTools.TestTypes.Unit.UnitTestAdapter, Microsoft.VisualStudio.QualityTools.Tips.UnitTest.Adapter, Version=9.0.0.0, Culture=neutral, PublicKeyToken=b03f5f7f11d50a3a" className="TestProjectReadMore.BookTest, TestProjectReadMore" name="NameTest" />
    </UnitTest>
    <UnitTest name="GetParentPathTest" storage="c:\users\oujun\desktop\read_more\read_more\read_more beta\testprojectreadmore\bin\debug\testprojectreadmore.dll" id="4b63a06f-9885-091f-ef14-0a354e103e54">
      <Css projectStructure="" iteration="" />
      <Owners>
        <Owner name="" />
      </Owners>
      <Execution id="d2f5c00b-cfe1-40b8-966d-4e9dc55dc283" />
      <TestMethod codeBase="C:\Users\oujun\Desktop\read_more\read_more\read_more Beta\TestProjectReadMore\bin\Debug\TestProjectReadMore.dll" adapterTypeName="Microsoft.VisualStudio.TestTools.TestTypes.Unit.UnitTestAdapter, Microsoft.VisualStudio.QualityTools.Tips.UnitTest.Adapter, Version=9.0.0.0, Culture=neutral, PublicKeyToken=b03f5f7f11d50a3a" className="TestProjectReadMore.CommonUtilTest, TestProjectReadMore" name="GetParentPathTest" />
    </UnitTest>
    <UnitTest name="CanDragTest" storage="c:\users\oujun\desktop\read_more\read_more\read_more beta\testprojectreadmore\bin\debug\testprojectreadmore.dll" id="e217c5dc-0a15-ad75-020f-d43885fa6bc4">
      <Css projectStructure="" iteration="" />
      <Owners>
        <Owner name="" />
      </Owners>
      <Execution id="67206748-070c-4138-bb66-80284c3a587c" />
      <TestMethod codeBase="C:\Users\oujun\Desktop\read_more\read_more\read_more Beta\TestProjectReadMore\bin\Debug\TestProjectReadMore.dll" adapterTypeName="Microsoft.VisualStudio.TestTools.TestTypes.Unit.UnitTestAdapter, Microsoft.VisualStudio.QualityTools.Tips.UnitTest.Adapter, Version=9.0.0.0, Culture=neutral, PublicKeyToken=b03f5f7f11d50a3a" className="TestProjectReadMore.FormUtilTest, TestProjectReadMore" name="CanDragTest" />
    </UnitTest>
    <UnitTest name="DelDirTest" storage="c:\users\oujun\desktop\read_more\read_more\read_more beta\testprojectreadmore\bin\debug\testprojectreadmore.dll" id="aa1c672f-deac-5517-8626-c3562f752d29">
      <Css projectStructure="" iteration="" />
      <Owners>
        <Owner name="" />
      </Owners>
      <Execution id="5886969d-ce55-442e-88c8-d4521f17fb23" />
      <TestMethod codeBase="C:\Users\oujun\Desktop\read_more\read_more\read_more Beta\TestProjectReadMore\bin\Debug\TestProjectReadMore.dll" adapterTypeName="Microsoft.VisualStudio.TestTools.TestTypes.Unit.UnitTestAdapter, Microsoft.VisualStudio.QualityTools.Tips.UnitTest.Adapter, Version=9.0.0.0, Culture=neutral, PublicKeyToken=b03f5f7f11d50a3a" className="TestProjectReadMore.CommonUtilTest, TestProjectReadMore" name="DelDirTest" />
    </UnitTest>
    <UnitTest name="DateTest" storage="c:\users\oujun\desktop\read_more\read_more\read_more beta\testprojectreadmore\bin\debug\testprojectreadmore.dll" id="c8df8285-b6e9-ff80-79cf-4c1cb9fb54cb">
      <Css projectStructure="" iteration="" />
      <Owners>
        <Owner name="" />
      </Owners>
      <Execution id="96a0d536-1836-4fdd-9bc8-9a17d8b88814" />
      <TestMethod codeBase="C:\Users\oujun\Desktop\read_more\read_more\read_more Beta\TestProjectReadMore\bin\Debug\TestProjectReadMore.dll" adapterTypeName="Microsoft.VisualStudio.TestTools.TestTypes.Unit.UnitTestAdapter, Microsoft.VisualStudio.QualityTools.Tips.UnitTest.Adapter, Version=9.0.0.0, Culture=neutral, PublicKeyToken=b03f5f7f11d50a3a" className="TestProjectReadMore.BookTest, TestProjectReadMore" name="DateTest" />
    </UnitTest>
    <UnitTest name="AddOutputRangeTest" storage="c:\users\oujun\desktop\read_more\read_more\read_more beta\testprojectreadmore\bin\debug\testprojectreadmore.dll" id="02b1d76b-a05d-2aa7-8d32-a7c54074278d">
      <Css projectStructure="" iteration="" />
      <Owners>
        <Owner name="" />
      </Owners>
      <Execution id="02b9081f-5176-422e-9aec-0d4f16eb7ae4" />
      <TestMethod codeBase="C:\Users\oujun\Desktop\read_more\read_more\read_more Beta\TestProjectReadMore\bin\Debug\TestProjectReadMore.dll" adapterTypeName="Microsoft.VisualStudio.TestTools.TestTypes.Unit.UnitTestAdapter, Microsoft.VisualStudio.QualityTools.Tips.UnitTest.Adapter, Version=9.0.0.0, Culture=neutral, PublicKeyToken=b03f5f7f11d50a3a" className="TestProjectReadMore.OutputBookListTest, TestProjectReadMore" name="AddOutputRangeTest" />
    </UnitTest>
    <UnitTest name="CreateDirTest" storage="c:\users\oujun\desktop\read_more\read_more\read_more beta\testprojectreadmore\bin\debug\testprojectreadmore.dll" id="c85bd1df-f5c9-a74e-03cb-51ae5a966b18">
      <Css projectStructure="" iteration="" />
      <Owners>
        <Owner name="" />
      </Owners>
      <Execution id="299cb87f-5f08-4c90-a92e-3b11a95f3b87" />
      <TestMethod codeBase="C:\Users\oujun\Desktop\read_more\read_more\read_more Beta\TestProjectReadMore\bin\Debug\TestProjectReadMore.dll" adapterTypeName="Microsoft.VisualStudio.TestTools.TestTypes.Unit.UnitTestAdapter, Microsoft.VisualStudio.QualityTools.Tips.UnitTest.Adapter, Version=9.0.0.0, Culture=neutral, PublicKeyToken=b03f5f7f11d50a3a" className="TestProjectReadMore.CommonUtilTest, TestProjectReadMore" name="CreateDirTest" />
    </UnitTest>
  </TestDefinitions>
  <TestLists>
    <TestList name="列表中未列出的结果" id="8c84fa94-04c1-424b-9868-57a2d4851a1d" />
    <TestList name="所有已加载的结果" id="19431567-8539-422a-85d7-44ee4e166bda" />
  </TestLists>
  <TestEntries>
    <TestEntry testId="c23b9e62-2b38-abf3-74fe-976b3e963270" executionId="75f736be-1a5b-4b30-92dc-cf8c35286a7c" testListId="8c84fa94-04c1-424b-9868-57a2d4851a1d" />
    <TestEntry testId="79458f1c-03c9-40c6-ec04-fec1e5a0f6aa" executionId="4315ec34-0606-4958-b079-08f9f67dd708" testListId="8c84fa94-04c1-424b-9868-57a2d4851a1d" />
    <TestEntry testId="52fd6cca-514c-504a-c1ca-f22d224aa47c" executionId="4e6ffa37-dc9b-4d66-a4ab-b64df510362d" testListId="8c84fa94-04c1-424b-9868-57a2d4851a1d" />
    <TestEntry testId="c85bd1df-f5c9-a74e-03cb-51ae5a966b18" executionId="299cb87f-5f08-4c90-a92e-3b11a95f3b87" testListId="8c84fa94-04c1-424b-9868-57a2d4851a1d" />
    <TestEntry testId="aa1c672f-deac-5517-8626-c3562f752d29" executionId="5886969d-ce55-442e-88c8-d4521f17fb23" testListId="8c84fa94-04c1-424b-9868-57a2d4851a1d" />
    <TestEntry testId="4b63a06f-9885-091f-ef14-0a354e103e54" executionId="d2f5c00b-cfe1-40b8-966d-4e9dc55dc283" testListId="8c84fa94-04c1-424b-9868-57a2d4851a1d" />
    <TestEntry testId="a9907a87-e931-0fbb-5120-eb8b90749c91" executionId="1e232bb2-9d17-4df8-83fc-a0f554b97cc7" testListId="8c84fa94-04c1-424b-9868-57a2d4851a1d" />
    <TestEntry testId="6b320bcc-4da7-e499-316c-a90c5fec1e9f" executionId="ddb4ab3f-4f7a-48ea-beb7-fb1a5a078427" testListId="8c84fa94-04c1-424b-9868-57a2d4851a1d" />
    <TestEntry testId="54a7f750-b04b-c012-a7e8-dafee4bd00f9" executionId="00173a4e-8c1e-4c4d-8002-b135135b250a" testListId="8c84fa94-04c1-424b-9868-57a2d4851a1d" />
    <TestEntry testId="c05ede38-2791-b312-2879-8d65bf73fd94" executionId="a3a521c0-9822-4241-a5e9-61dc671f9a7b" testListId="8c84fa94-04c1-424b-9868-57a2d4851a1d" />
    <TestEntry testId="1e655fec-4128-95dd-6c75-d4fae3337339" executionId="eecaf17d-1daf-4d61-b5f7-0f041d3204f7" testListId="8c84fa94-04c1-424b-9868-57a2d4851a1d" />
    <TestEntry testId="c8df8285-b6e9-ff80-79cf-4c1cb9fb54cb" executionId="96a0d536-1836-4fdd-9bc8-9a17d8b88814" testListId="8c84fa94-04c1-424b-9868-57a2d4851a1d" />
    <TestEntry testId="3d730d73-27b1-9b8d-7120-843d5d4f105e" executionId="612c344c-b839-42d3-b940-f3c3508b059e" testListId="8c84fa94-04c1-424b-9868-57a2d4851a1d" />
    <TestEntry testId="e6f610f5-d53a-9081-bbad-5e133df8f67b" executionId="01004f84-dc34-4c7a-b64b-5a01210dc4d3" testListId="8c84fa94-04c1-424b-9868-57a2d4851a1d" />
    <TestEntry testId="385238eb-0e86-cab3-edcc-952ab494f745" executionId="074bc27b-7e09-4b80-8be9-769dd59bf4ff" testListId="8c84fa94-04c1-424b-9868-57a2d4851a1d" />
    <TestEntry testId="2efad361-4af2-b529-ac09-b5b305b3dc5d" executionId="bbe1e793-beee-485d-bfeb-dddaab2d73a9" testListId="8c84fa94-04c1-424b-9868-57a2d4851a1d" />
    <TestEntry testId="12f37cbd-9345-5dc8-b845-2a7f0f9298cb" executionId="eee2d05c-099f-432a-8e80-0597a257326f" testListId="8c84fa94-04c1-424b-9868-57a2d4851a1d" />
    <TestEntry testId="e217c5dc-0a15-ad75-020f-d43885fa6bc4" executionId="67206748-070c-4138-bb66-80284c3a587c" testListId="8c84fa94-04c1-424b-9868-57a2d4851a1d" />
    <TestEntry testId="98d10aa3-ff17-648b-cc7e-ed011c1423e2" executionId="0606da73-4544-41ed-9e2b-6d351dc61a73" testListId="8c84fa94-04c1-424b-9868-57a2d4851a1d" />
    <TestEntry testId="be9f75e5-decf-6223-5081-6fe6becf3c26" executionId="f7efbc65-50be-48ad-a13d-24ffdc81af32" testListId="8c84fa94-04c1-424b-9868-57a2d4851a1d" />
    <TestEntry testId="6cb14709-22bb-4299-3ea7-c19c58578070" executionId="f9f0a70c-15e8-42cc-ac66-af1723a3030e" testListId="8c84fa94-04c1-424b-9868-57a2d4851a1d" />
    <TestEntry testId="02b1d76b-a05d-2aa7-8d32-a7c54074278d" executionId="02b9081f-5176-422e-9aec-0d4f16eb7ae4" testListId="8c84fa94-04c1-424b-9868-57a2d4851a1d" />
  </TestEntries>
  <Results>
    <UnitTestResult executionId="75f736be-1a5b-4b30-92dc-cf8c35286a7c" testId="c23b9e62-2b38-abf3-74fe-976b3e963270" testName="GetRelativeAppDirTest" computerName="OUJUN-PC" duration="00:00:00.0361368" startTime="2011-01-09T14:51:19.5363438+08:00" endTime="2011-01-09T14:51:20.1623203+08:00" testType="13cdc9d9-ddb5-4fa4-a97d-d965ccfc6d4b" outcome="Passed" testListId="8c84fa94-04c1-424b-9868-57a2d4851a1d">
      <Output>
      </Output>
    </UnitTestResult>
    <UnitTestResult executionId="4315ec34-0606-4958-b079-08f9f67dd708" testId="79458f1c-03c9-40c6-ec04-fec1e5a0f6aa" testName="GetFileNameTest" computerName="OUJUN-PC" duration="00:00:00.0008691" startTime="2011-01-09T14:51:20.1730625+08:00" endTime="2011-01-09T14:51:20.1867344+08:00" testType="13cdc9d9-ddb5-4fa4-a97d-d965ccfc6d4b" outcome="Passed" testListId="8c84fa94-04c1-424b-9868-57a2d4851a1d">
      <Output>
      </Output>
    </UnitTestResult>
    <UnitTestResult executionId="4e6ffa37-dc9b-4d66-a4ab-b64df510362d" testId="52fd6cca-514c-504a-c1ca-f22d224aa47c" testName="GetFolderNameTest" computerName="OUJUN-PC" duration="00:00:00.0004176" startTime="2011-01-09T14:51:20.1984531+08:00" endTime="2011-01-09T14:51:20.2052891+08:00" testType="13cdc9d9-ddb5-4fa4-a97d-d965ccfc6d4b" outcome="Passed" testListId="8c84fa94-04c1-424b-9868-57a2d4851a1d">
      <Output>
      </Output>
    </UnitTestResult>
    <UnitTestResult executionId="299cb87f-5f08-4c90-a92e-3b11a95f3b87" testId="c85bd1df-f5c9-a74e-03cb-51ae5a966b18" testName="CreateDirTest" computerName="OUJUN-PC" duration="00:00:00.0009479" startTime="2011-01-09T14:51:20.2150547+08:00" endTime="2011-01-09T14:51:20.2218906+08:00" testType="13cdc9d9-ddb5-4fa4-a97d-d965ccfc6d4b" outcome="Passed" testListId="8c84fa94-04c1-424b-9868-57a2d4851a1d">
      <Output>
      </Output>
    </UnitTestResult>
    <UnitTestResult executionId="5886969d-ce55-442e-88c8-d4521f17fb23" testId="aa1c672f-deac-5517-8626-c3562f752d29" testName="DelDirTest" computerName="OUJUN-PC" duration="00:00:00.0023858" startTime="2011-01-09T14:51:20.2316563+08:00" endTime="2011-01-09T14:51:20.2404453+08:00" testType="13cdc9d9-ddb5-4fa4-a97d-d965ccfc6d4b" outcome="Passed" testListId="8c84fa94-04c1-424b-9868-57a2d4851a1d">
      <Output>
      </Output>
    </UnitTestResult>
    <UnitTestResult executionId="d2f5c00b-cfe1-40b8-966d-4e9dc55dc283" testId="4b63a06f-9885-091f-ef14-0a354e103e54" testName="GetParentPathTest" computerName="OUJUN-PC" duration="00:00:00.0007545" startTime="2011-01-09T14:51:20.2541172+08:00" endTime="2011-01-09T14:51:20.2609531+08:00" testType="13cdc9d9-ddb5-4fa4-a97d-d965ccfc6d4b" outcome="Passed" testListId="8c84fa94-04c1-424b-9868-57a2d4851a1d">
      <Output>
      </Output>
    </UnitTestResult>
    <UnitTestResult executionId="1e232bb2-9d17-4df8-83fc-a0f554b97cc7" testId="a9907a87-e931-0fbb-5120-eb8b90749c91" testName="CopyFilesExtTest" computerName="OUJUN-PC" duration="00:00:00.1382292" startTime="2011-01-09T14:51:20.2882969+08:00" endTime="2011-01-09T14:51:20.4338047+08:00" testType="13cdc9d9-ddb5-4fa4-a97d-d965ccfc6d4b" outcome="Passed" testListId="8c84fa94-04c1-424b-9868-57a2d4851a1d">
      <Output>
      </Output>
    </UnitTestResult>
    <UnitTestResult executionId="ddb4ab3f-4f7a-48ea-beb7-fb1a5a078427" testId="6b320bcc-4da7-e499-316c-a90c5fec1e9f" testName="CopyDirExtTest" computerName="OUJUN-PC" duration="00:00:00.0097957" startTime="2011-01-09T14:51:20.4435703+08:00" endTime="2011-01-09T14:51:20.4591953+08:00" testType="13cdc9d9-ddb5-4fa4-a97d-d965ccfc6d4b" outcome="Passed" testListId="8c84fa94-04c1-424b-9868-57a2d4851a1d">
      <Output>
      </Output>
    </UnitTestResult>
    <UnitTestResult executionId="00173a4e-8c1e-4c4d-8002-b135135b250a" testId="54a7f750-b04b-c012-a7e8-dafee4bd00f9" testName="BookConstructorTest" computerName="OUJUN-PC" duration="00:00:00.0038513" startTime="2011-01-09T14:51:20.4679844+08:00" endTime="2011-01-09T14:51:20.4777500+08:00" testType="13cdc9d9-ddb5-4fa4-a97d-d965ccfc6d4b" outcome="Passed" testListId="8c84fa94-04c1-424b-9868-57a2d4851a1d">
      <Output>
      </Output>
    </UnitTestResult>
    <UnitTestResult executionId="a3a521c0-9822-4241-a5e9-61dc671f9a7b" testId="c05ede38-2791-b312-2879-8d65bf73fd94" testName="BookConstructorTest1" computerName="OUJUN-PC" duration="00:00:00.0004627" startTime="2011-01-09T14:51:20.4875156+08:00" endTime="2011-01-09T14:51:20.4943516+08:00" testType="13cdc9d9-ddb5-4fa4-a97d-d965ccfc6d4b" outcome="Passed" testListId="8c84fa94-04c1-424b-9868-57a2d4851a1d">
      <Output>
      </Output>
    </UnitTestResult>
    <UnitTestResult executionId="eecaf17d-1daf-4d61-b5f7-0f041d3204f7" testId="1e655fec-4128-95dd-6c75-d4fae3337339" testName="AuthorTest" computerName="OUJUN-PC" duration="00:00:00.0006306" startTime="2011-01-09T14:51:20.5041172+08:00" endTime="2011-01-09T14:51:20.5109531+08:00" testType="13cdc9d9-ddb5-4fa4-a97d-d965ccfc6d4b" outcome="Passed" testListId="8c84fa94-04c1-424b-9868-57a2d4851a1d">
      <Output>
      </Output>
    </UnitTestResult>
    <UnitTestResult executionId="96a0d536-1836-4fdd-9bc8-9a17d8b88814" testId="c8df8285-b6e9-ff80-79cf-4c1cb9fb54cb" testName="DateTest" computerName="OUJUN-PC" duration="00:00:00.0006669" startTime="2011-01-09T14:51:20.5187656+08:00" endTime="2011-01-09T14:51:20.5285313+08:00" testType="13cdc9d9-ddb5-4fa4-a97d-d965ccfc6d4b" outcome="Passed" testListId="8c84fa94-04c1-424b-9868-57a2d4851a1d">
      <Output>
      </Output>
    </UnitTestResult>
    <UnitTestResult executionId="612c344c-b839-42d3-b940-f3c3508b059e" testId="3d730d73-27b1-9b8d-7120-843d5d4f105e" testName="DescriptionTest" computerName="OUJUN-PC" duration="00:00:00.0006541" startTime="2011-01-09T14:51:20.5373203+08:00" endTime="2011-01-09T14:51:20.5451328+08:00" testType="13cdc9d9-ddb5-4fa4-a97d-d965ccfc6d4b" outcome="Passed" testListId="8c84fa94-04c1-424b-9868-57a2d4851a1d">
      <Output>
      </Output>
    </UnitTestResult>
    <UnitTestResult executionId="01004f84-dc34-4c7a-b64b-5a01210dc4d3" testId="e6f610f5-d53a-9081-bbad-5e133df8f67b" testName="NameTest" computerName="OUJUN-PC" duration="00:00:00.0006142" startTime="2011-01-09T14:51:20.5539219+08:00" endTime="2011-01-09T14:51:20.5607578+08:00" testType="13cdc9d9-ddb5-4fa4-a97d-d965ccfc6d4b" outcome="Passed" testListId="8c84fa94-04c1-424b-9868-57a2d4851a1d">
      <Output>
      </Output>
    </UnitTestResult>
    <UnitTestResult executionId="074bc27b-7e09-4b80-8be9-769dd59bf4ff" testId="385238eb-0e86-cab3-edcc-952ab494f745" testName="GetNewNodeTest" computerName="OUJUN-PC" duration="00:00:00.0535769" startTime="2011-01-09T14:51:20.5705234+08:00" endTime="2011-01-09T14:51:20.6300938+08:00" testType="13cdc9d9-ddb5-4fa4-a97d-d965ccfc6d4b" outcome="Passed" testListId="8c84fa94-04c1-424b-9868-57a2d4851a1d">
      <Output>
      </Output>
    </UnitTestResult>
    <UnitTestResult executionId="bbe1e793-beee-485d-bfeb-dddaab2d73a9" testId="2efad361-4af2-b529-ac09-b5b305b3dc5d" testName="ContainNodeTest" computerName="OUJUN-PC" duration="00:00:00.0019599" startTime="2011-01-09T14:51:20.6398594+08:00" endTime="2011-01-09T14:51:20.6496250+08:00" testType="13cdc9d9-ddb5-4fa4-a97d-d965ccfc6d4b" outcome="Passed" testListId="8c84fa94-04c1-424b-9868-57a2d4851a1d">
      <Output>
      </Output>
    </UnitTestResult>
    <UnitTestResult executionId="eee2d05c-099f-432a-8e80-0597a257326f" testId="12f37cbd-9345-5dc8-b845-2a7f0f9298cb" testName="GetNewListItemTest" computerName="OUJUN-PC" duration="00:00:00.0039281" startTime="2011-01-09T14:51:20.6613438+08:00" endTime="2011-01-09T14:51:20.6720859+08:00" testType="13cdc9d9-ddb5-4fa4-a97d-d965ccfc6d4b" outcome="Passed" testListId="8c84fa94-04c1-424b-9868-57a2d4851a1d">
      <Output>
      </Output>
    </UnitTestResult>
    <UnitTestResult executionId="67206748-070c-4138-bb66-80284c3a587c" testId="e217c5dc-0a15-ad75-020f-d43885fa6bc4" testName="CanDragTest" computerName="OUJUN-PC" duration="00:00:00.0024288" startTime="2011-01-09T14:51:20.6867344+08:00" endTime="2011-01-09T14:51:20.6994297+08:00" testType="13cdc9d9-ddb5-4fa4-a97d-d965ccfc6d4b" outcome="Passed" testListId="8c84fa94-04c1-424b-9868-57a2d4851a1d">
      <Output>
      </Output>
    </UnitTestResult>
    <UnitTestResult executionId="0606da73-4544-41ed-9e2b-6d351dc61a73" testId="98d10aa3-ff17-648b-cc7e-ed011c1423e2" testName="AnalyseCurNodeTest" computerName="OUJUN-PC" duration="00:00:00.0029985" startTime="2011-01-09T14:51:20.7101719+08:00" endTime="2011-01-09T14:51:20.7209141+08:00" testType="13cdc9d9-ddb5-4fa4-a97d-d965ccfc6d4b" outcome="Passed" testListId="8c84fa94-04c1-424b-9868-57a2d4851a1d">
      <Output>
      </Output>
    </UnitTestResult>
    <UnitTestResult executionId="f7efbc65-50be-48ad-a13d-24ffdc81af32" testId="be9f75e5-decf-6223-5081-6fe6becf3c26" testName="CreateBookNodeTest" computerName="OUJUN-PC" duration="00:00:01.5509026" startTime="2011-01-09T14:51:20.7297031+08:00" endTime="2011-01-09T14:51:22.2882969+08:00" testType="13cdc9d9-ddb5-4fa4-a97d-d965ccfc6d4b" outcome="Passed" testListId="8c84fa94-04c1-424b-9868-57a2d4851a1d">
      <Output>
        <DebugTrace>未将对象引用设置到对象的实例。
       在 read_more.FormUtil.CreateBookNode(TreeNode node) 位置 C:\Users\oujun\Desktop\read_more\read_more\read_more Beta\FormUtil.cs:行号 350
----------------------------------------------------------------------
</DebugTrace>
      </Output>
    </UnitTestResult>
    <UnitTestResult executionId="f9f0a70c-15e8-42cc-ac66-af1723a3030e" testId="6cb14709-22bb-4299-3ea7-c19c58578070" testName="OutputBookListConstructorTest" computerName="OUJUN-PC" duration="00:00:00.0024554" startTime="2011-01-09T14:51:22.4045078+08:00" endTime="2011-01-09T14:51:22.4211094+08:00" testType="13cdc9d9-ddb5-4fa4-a97d-d965ccfc6d4b" outcome="Passed" testListId="8c84fa94-04c1-424b-9868-57a2d4851a1d">
      <Output>
      </Output>
    </UnitTestResult>
    <UnitTestResult executionId="02b9081f-5176-422e-9aec-0d4f16eb7ae4" testId="02b1d76b-a05d-2aa7-8d32-a7c54074278d" testName="AddOutputRangeTest" computerName="OUJUN-PC" duration="00:00:00.0006516" startTime="2011-01-09T14:51:22.4396641+08:00" endTime="2011-01-09T14:51:22.4513828+08:00" testType="13cdc9d9-ddb5-4fa4-a97d-d965ccfc6d4b" outcome="Passed" testListId="8c84fa94-04c1-424b-9868-57a2d4851a1d">
      <Output>
      </Output>
    </UnitTestResult>
  </Results>
</TestRun>