<?xml version="1.0" encoding="UTF-8"?>
<TestRun id="50ed379b-3d5e-406a-a408-e989d16f9526" name="oujun@OUJUN-PC 2011-01-09 14:47:19" runUser="oujun-PC\oujun" xmlns="http://microsoft.com/schemas/VisualStudio/TeamTest/2006">
  <TestRunConfiguration name="本地测试运行" id="77befa6a-4fce-432e-8fce-cb422d293a79">
    <Description>这是本地测试运行的默认测试运行配置。</Description>
    <Deployment runDeploymentRoot="C:\Users\oujun\Desktop\read_more\read_more\read_more Beta\TestResults\oujun_OUJUN-PC 2011-01-09 14_47_19">
      <DeploymentItem filename="C:\Users\oujun\Desktop\read_more\read_more\read_more Beta\bin\Debug\read_more.exe" />
    </Deployment>
    <TestTypeSpecific />
  </TestRunConfiguration>
  <ResultSummary outcome="Completed">
    <Counters total="20" executed="20" passed="20" error="0" failed="0" timeout="0" aborted="0" inconclusive="0" passedButRunAborted="0" notRunnable="0" notExecuted="0" disconnected="0" warning="0" completed="0" inProgress="0" pending="0" />
  </ResultSummary>
  <Times creation="2011-01-09T14:47:19.3556797+08:00" queuing="2011-01-09T14:47:24.5978672+08:00" start="2011-01-09T14:47:25.0168125+08:00" finish="2011-01-09T14:47:28.3595859+08:00" />
  <TestDefinitions>
    <UnitTest name="GetRelativeAppDirTest" storage="c:\users\oujun\desktop\read_more\read_more\read_more beta\testprojectreadmore\bin\debug\testprojectreadmore.dll" id="c23b9e62-2b38-abf3-74fe-976b3e963270">
      <Css projectStructure="" iteration="" />
      <Owners>
        <Owner name="" />
      </Owners>
      <Execution id="502c6709-7baa-447e-8a84-8b4ecdeda160" />
      <TestMethod codeBase="C:\Users\oujun\Desktop\read_more\read_more\read_more Beta\TestProjectReadMore\bin\Debug\TestProjectReadMore.dll" adapterTypeName="Microsoft.VisualStudio.TestTools.TestTypes.Unit.UnitTestAdapter, Microsoft.VisualStudio.QualityTools.Tips.UnitTest.Adapter, Version=9.0.0.0, Culture=neutral, PublicKeyToken=b03f5f7f11d50a3a" className="TestProjectReadMore.CommonUtilTest, TestProjectReadMore" name="GetRelativeAppDirTest" />
    </UnitTest>
    <UnitTest name="CopyDirExtTest" storage="c:\users\oujun\desktop\read_more\read_more\read_more beta\testprojectreadmore\bin\debug\testprojectreadmore.dll" id="6b320bcc-4da7-e499-316c-a90c5fec1e9f">
      <Css projectStructure="" iteration="" />
      <Owners>
        <Owner name="" />
      </Owners>
      <Execution id="e7a43488-efd3-436a-badb-d14b8ef92a75" />
      <TestMethod codeBase="C:\Users\oujun\Desktop\read_more\read_more\read_more Beta\TestProjectReadMore\bin\Debug\TestProjectReadMore.dll" adapterTypeName="Microsoft.VisualStudio.TestTools.TestTypes.Unit.UnitTestAdapter, Microsoft.VisualStudio.QualityTools.Tips.UnitTest.Adapter, Version=9.0.0.0, Culture=neutral, PublicKeyToken=b03f5f7f11d50a3a" className="TestProjectReadMore.CommonUtilTest, TestProjectReadMore" name="CopyDirExtTest" />
    </UnitTest>
    <UnitTest name="GetFolderNameTest" storage="c:\users\oujun\desktop\read_more\read_more\read_more beta\testprojectreadmore\bin\debug\testprojectreadmore.dll" id="52fd6cca-514c-504a-c1ca-f22d224aa47c">
      <Css projectStructure="" iteration="" />
      <Owners>
        <Owner name="" />
      </Owners>
      <Execution id="58b60466-d728-43b0-93da-ab708dbc2d95" />
      <TestMethod codeBase="C:\Users\oujun\Desktop\read_more\read_more\read_more Beta\TestProjectReadMore\bin\Debug\TestProjectReadMore.dll" adapterTypeName="Microsoft.VisualStudio.TestTools.TestTypes.Unit.UnitTestAdapter, Microsoft.VisualStudio.QualityTools.Tips.UnitTest.Adapter, Version=9.0.0.0, Culture=neutral, PublicKeyToken=b03f5f7f11d50a3a" className="TestProjectReadMore.CommonUtilTest, TestProjectReadMore" name="GetFolderNameTest" />
    </UnitTest>
    <UnitTest name="CreateBookNodeTest" storage="c:\users\oujun\desktop\read_more\read_more\read_more beta\testprojectreadmore\bin\debug\testprojectreadmore.dll" id="be9f75e5-decf-6223-5081-6fe6becf3c26">
      <Css projectStructure="" iteration="" />
      <Owners>
        <Owner name="" />
      </Owners>
      <Execution id="9060be42-0db4-49ca-aa5c-c209ed6df539" />
      <TestMethod codeBase="C:\Users\oujun\Desktop\read_more\read_more\read_more Beta\TestProjectReadMore\bin\Debug\TestProjectReadMore.dll" adapterTypeName="Microsoft.VisualStudio.TestTools.TestTypes.Unit.UnitTestAdapter, Microsoft.VisualStudio.QualityTools.Tips.UnitTest.Adapter, Version=9.0.0.0, Culture=neutral, PublicKeyToken=b03f5f7f11d50a3a" className="TestProjectReadMore.FormUtilTest, TestProjectReadMore" name="CreateBookNodeTest" />
    </UnitTest>
    <UnitTest name="AnalyseCurNodeTest" storage="c:\users\oujun\desktop\read_more\read_more\read_more beta\testprojectreadmore\bin\debug\testprojectreadmore.dll" id="98d10aa3-ff17-648b-cc7e-ed011c1423e2">
      <Css projectStructure="" iteration="" />
      <Owners>
        <Owner name="" />
      </Owners>
      <Execution id="03af3e9d-a5e5-4f35-8528-f077d3684179" />
      <TestMethod codeBase="C:\Users\oujun\Desktop\read_more\read_more\read_more Beta\TestProjectReadMore\bin\Debug\TestProjectReadMore.dll" adapterTypeName="Microsoft.VisualStudio.TestTools.TestTypes.Unit.UnitTestAdapter, Microsoft.VisualStudio.QualityTools.Tips.UnitTest.Adapter, Version=9.0.0.0, Culture=neutral, PublicKeyToken=b03f5f7f11d50a3a" className="TestProjectReadMore.FormUtilTest, TestProjectReadMore" name="AnalyseCurNodeTest" />
    </UnitTest>
    <UnitTest name="GetFileNameTest" storage="c:\users\oujun\desktop\read_more\read_more\read_more beta\testprojectreadmore\bin\debug\testprojectreadmore.dll" id="79458f1c-03c9-40c6-ec04-fec1e5a0f6aa">
      <Css projectStructure="" iteration="" />
      <Owners>
        <Owner name="" />
      </Owners>
      <Execution id="e730daf8-d533-4868-b337-6ddeccd3c95c" />
      <TestMethod codeBase="C:\Users\oujun\Desktop\read_more\read_more\read_more Beta\TestProjectReadMore\bin\Debug\TestProjectReadMore.dll" adapterTypeName="Microsoft.VisualStudio.TestTools.TestTypes.Unit.UnitTestAdapter, Microsoft.VisualStudio.QualityTools.Tips.UnitTest.Adapter, Version=9.0.0.0, Culture=neutral, PublicKeyToken=b03f5f7f11d50a3a" className="TestProjectReadMore.CommonUtilTest, TestProjectReadMore" name="GetFileNameTest" />
    </UnitTest>
    <UnitTest name="BookConstructorTest" storage="c:\users\oujun\desktop\read_more\read_more\read_more beta\testprojectreadmore\bin\debug\testprojectreadmore.dll" id="54a7f750-b04b-c012-a7e8-dafee4bd00f9">
      <Css projectStructure="" iteration="" />
      <Owners>
        <Owner name="" />
      </Owners>
      <Execution id="da894652-8aaa-4c7d-8762-bc702a49a235" />
      <TestMethod codeBase="C:\Users\oujun\Desktop\read_more\read_more\read_more Beta\TestProjectReadMore\bin\Debug\TestProjectReadMore.dll" adapterTypeName="Microsoft.VisualStudio.TestTools.TestTypes.Unit.UnitTestAdapter, Microsoft.VisualStudio.QualityTools.Tips.UnitTest.Adapter, Version=9.0.0.0, Culture=neutral, PublicKeyToken=b03f5f7f11d50a3a" className="TestProjectReadMore.BookTest, TestProjectReadMore" name="BookConstructorTest" />
    </UnitTest>
    <UnitTest name="BookConstructorTest1" storage="c:\users\oujun\desktop\read_more\read_more\read_more beta\testprojectreadmore\bin\debug\testprojectreadmore.dll" id="c05ede38-2791-b312-2879-8d65bf73fd94">
      <Css projectStructure="" iteration="" />
      <Owners>
        <Owner name="" />
      </Owners>
      <Execution id="ef748798-c938-47dd-a518-e74b77b14c32" />
      <TestMethod codeBase="C:\Users\oujun\Desktop\read_more\read_more\read_more Beta\TestProjectReadMore\bin\Debug\TestProjectReadMore.dll" adapterTypeName="Microsoft.VisualStudio.TestTools.TestTypes.Unit.UnitTestAdapter, Microsoft.VisualStudio.QualityTools.Tips.UnitTest.Adapter, Version=9.0.0.0, Culture=neutral, PublicKeyToken=b03f5f7f11d50a3a" className="TestProjectReadMore.BookTest, TestProjectReadMore" name="BookConstructorTest1" />
    </UnitTest>
    <UnitTest name="ContainNodeTest" storage="c:\users\oujun\desktop\read_more\read_more\read_more beta\testprojectreadmore\bin\debug\testprojectreadmore.dll" id="2efad361-4af2-b529-ac09-b5b305b3dc5d">
      <Css projectStructure="" iteration="" />
      <Owners>
        <Owner name="" />
      </Owners>
      <Execution id="f70053a3-338d-45dd-80dc-68010e183170" />
      <TestMethod codeBase="C:\Users\oujun\Desktop\read_more\read_more\read_more Beta\TestProjectReadMore\bin\Debug\TestProjectReadMore.dll" adapterTypeName="Microsoft.VisualStudio.TestTools.TestTypes.Unit.UnitTestAdapter, Microsoft.VisualStudio.QualityTools.Tips.UnitTest.Adapter, Version=9.0.0.0, Culture=neutral, PublicKeyToken=b03f5f7f11d50a3a" className="TestProjectReadMore.FormUtilTest, TestProjectReadMore" name="ContainNodeTest" />
    </UnitTest>
    <UnitTest name="CopyFilesExtTest" storage="c:\users\oujun\desktop\read_more\read_more\read_more beta\testprojectreadmore\bin\debug\testprojectreadmore.dll" id="a9907a87-e931-0fbb-5120-eb8b90749c91">
      <Css projectStructure="" iteration="" />
      <Owners>
        <Owner name="" />
      </Owners>
      <DeploymentItems>
        <DeploymentItem filename="read_more.exe" />
      </DeploymentItems>
      <Execution id="97cb0e90-bd2c-40f7-808d-c19465f3ee7d" />
      <TestMethod codeBase="C:\Users\oujun\Desktop\read_more\read_more\read_more Beta\TestProjectReadMore\bin\Debug\TestProjectReadMore.dll" adapterTypeName="Microsoft.VisualStudio.TestTools.TestTypes.Unit.UnitTestAdapter, Microsoft.VisualStudio.QualityTools.Tips.UnitTest.Adapter, Version=9.0.0.0, Culture=neutral, PublicKeyToken=b03f5f7f11d50a3a" className="TestProjectReadMore.CommonUtilTest, TestProjectReadMore" name="CopyFilesExtTest" />
    </UnitTest>
    <UnitTest name="GetNewNodeTest" storage="c:\users\oujun\desktop\read_more\read_more\read_more beta\testprojectreadmore\bin\debug\testprojectreadmore.dll" id="385238eb-0e86-cab3-edcc-952ab494f745">
      <Css projectStructure="" iteration="" />
      <Owners>
        <Owner name="" />
      </Owners>
      <Execution id="a0f4a16b-d4fc-41c6-9362-f520c3b748e0" />
      <TestMethod codeBase="C:\Users\oujun\Desktop\read_more\read_more\read_more Beta\TestProjectReadMore\bin\Debug\TestProjectReadMore.dll" adapterTypeName="Microsoft.VisualStudio.TestTools.TestTypes.Unit.UnitTestAdapter, Microsoft.VisualStudio.QualityTools.Tips.UnitTest.Adapter, Version=9.0.0.0, Culture=neutral, PublicKeyToken=b03f5f7f11d50a3a" className="TestProjectReadMore.FormUtilTest, TestProjectReadMore" name="GetNewNodeTest" />
    </UnitTest>
    <UnitTest name="DescriptionTest" storage="c:\users\oujun\desktop\read_more\read_more\read_more beta\testprojectreadmore\bin\debug\testprojectreadmore.dll" id="3d730d73-27b1-9b8d-7120-843d5d4f105e">
      <Css projectStructure="" iteration="" />
      <Owners>
        <Owner name="" />
      </Owners>
      <Execution id="69ae419c-59f5-422e-ad15-64084b2e7339" />
      <TestMethod codeBase="C:\Users\oujun\Desktop\read_more\read_more\read_more Beta\TestProjectReadMore\bin\Debug\TestProjectReadMore.dll" adapterTypeName="Microsoft.VisualStudio.TestTools.TestTypes.Unit.UnitTestAdapter, Microsoft.VisualStudio.QualityTools.Tips.UnitTest.Adapter, Version=9.0.0.0, Culture=neutral, PublicKeyToken=b03f5f7f11d50a3a" className="TestProjectReadMore.BookTest, TestProjectReadMore" name="DescriptionTest" />
    </UnitTest>
    <UnitTest name="AuthorTest" storage="c:\users\oujun\desktop\read_more\read_more\read_more beta\testprojectreadmore\bin\debug\testprojectreadmore.dll" id="1e655fec-4128-95dd-6c75-d4fae3337339">
      <Css projectStructure="" iteration="" />
      <Owners>
        <Owner name="" />
      </Owners>
      <Execution id="8c8e8f5c-162e-4e5a-a23f-23094ff29efc" />
      <TestMethod codeBase="C:\Users\oujun\Desktop\read_more\read_more\read_more Beta\TestProjectReadMore\bin\Debug\TestProjectReadMore.dll" adapterTypeName="Microsoft.VisualStudio.TestTools.TestTypes.Unit.UnitTestAdapter, Microsoft.VisualStudio.QualityTools.Tips.UnitTest.Adapter, Version=9.0.0.0, Culture=neutral, PublicKeyToken=b03f5f7f11d50a3a" className="TestProjectReadMore.BookTest, TestProjectReadMore" name="AuthorTest" />
    </UnitTest>
    <UnitTest name="GetNewListItemTest" storage="c:\users\oujun\desktop\read_more\read_more\read_more beta\testprojectreadmore\bin\debug\testprojectreadmore.dll" id="12f37cbd-9345-5dc8-b845-2a7f0f9298cb">
      <Css projectStructure="" iteration="" />
      <Owners>
        <Owner name="" />
      </Owners>
      <Execution id="8b195978-a5b6-450e-881d-15d3ec0e60c9" />
      <TestMethod codeBase="C:\Users\oujun\Desktop\read_more\read_more\read_more Beta\TestProjectReadMore\bin\Debug\TestProjectReadMore.dll" adapterTypeName="Microsoft.VisualStudio.TestTools.TestTypes.Unit.UnitTestAdapter, Microsoft.VisualStudio.QualityTools.Tips.UnitTest.Adapter, Version=9.0.0.0, Culture=neutral, PublicKeyToken=b03f5f7f11d50a3a" className="TestProjectReadMore.FormUtilTest, TestProjectReadMore" name="GetNewListItemTest" />
    </UnitTest>
    <UnitTest name="NameTest" storage="c:\users\oujun\desktop\read_more\read_more\read_more beta\testprojectreadmore\bin\debug\testprojectreadmore.dll" id="e6f610f5-d53a-9081-bbad-5e133df8f67b">
      <Css projectStructure="" iteration="" />
      <Owners>
        <Owner name="" />
      </Owners>
      <Execution id="80b1a073-1a7e-4756-ba1f-4b6c02b0d0cd" />
      <TestMethod codeBase="C:\Users\oujun\Desktop\read_more\read_more\read_more Beta\TestProjectReadMore\bin\Debug\TestProjectReadMore.dll" adapterTypeName="Microsoft.VisualStudio.TestTools.TestTypes.Unit.UnitTestAdapter, Microsoft.VisualStudio.QualityTools.Tips.UnitTest.Adapter, Version=9.0.0.0, Culture=neutral, PublicKeyToken=b03f5f7f11d50a3a" className="TestProjectReadMore.BookTest, TestProjectReadMore" name="NameTest" />
    </UnitTest>
    <UnitTest name="GetParentPathTest" storage="c:\users\oujun\desktop\read_more\read_more\read_more beta\testprojectreadmore\bin\debug\testprojectreadmore.dll" id="4b63a06f-9885-091f-ef14-0a354e103e54">
      <Css projectStructure="" iteration="" />
      <Owners>
        <Owner name="" />
      </Owners>
      <Execution id="b04de73e-4406-41b2-887b-6e03085251a6" />
      <TestMethod codeBase="C:\Users\oujun\Desktop\read_more\read_more\read_more Beta\TestProjectReadMore\bin\Debug\TestProjectReadMore.dll" adapterTypeName="Microsoft.VisualStudio.TestTools.TestTypes.Unit.UnitTestAdapter, Microsoft.VisualStudio.QualityTools.Tips.UnitTest.Adapter, Version=9.0.0.0, Culture=neutral, PublicKeyToken=b03f5f7f11d50a3a" className="TestProjectReadMore.CommonUtilTest, TestProjectReadMore" name="GetParentPathTest" />
    </UnitTest>
    <UnitTest name="CanDragTest" storage="c:\users\oujun\desktop\read_more\read_more\read_more beta\testprojectreadmore\bin\debug\testprojectreadmore.dll" id="e217c5dc-0a15-ad75-020f-d43885fa6bc4">
      <Css projectStructure="" iteration="" />
      <Owners>
        <Owner name="" />
      </Owners>
      <Execution id="3fd68cda-1523-4b5b-9de1-4a209524f03a" />
      <TestMethod codeBase="C:\Users\oujun\Desktop\read_more\read_more\read_more Beta\TestProjectReadMore\bin\Debug\TestProjectReadMore.dll" adapterTypeName="Microsoft.VisualStudio.TestTools.TestTypes.Unit.UnitTestAdapter, Microsoft.VisualStudio.QualityTools.Tips.UnitTest.Adapter, Version=9.0.0.0, Culture=neutral, PublicKeyToken=b03f5f7f11d50a3a" className="TestProjectReadMore.FormUtilTest, TestProjectReadMore" name="CanDragTest" />
    </UnitTest>
    <UnitTest name="DelDirTest" storage="c:\users\oujun\desktop\read_more\read_more\read_more beta\testprojectreadmore\bin\debug\testprojectreadmore.dll" id="aa1c672f-deac-5517-8626-c3562f752d29">
      <Css projectStructure="" iteration="" />
      <Owners>
        <Owner name="" />
      </Owners>
      <Execution id="bf3e6818-8e77-463d-9c06-45c29c26d7ce" />
      <TestMethod codeBase="C:\Users\oujun\Desktop\read_more\read_more\read_more Beta\TestProjectReadMore\bin\Debug\TestProjectReadMore.dll" adapterTypeName="Microsoft.VisualStudio.TestTools.TestTypes.Unit.UnitTestAdapter, Microsoft.VisualStudio.QualityTools.Tips.UnitTest.Adapter, Version=9.0.0.0, Culture=neutral, PublicKeyToken=b03f5f7f11d50a3a" className="TestProjectReadMore.CommonUtilTest, TestProjectReadMore" name="DelDirTest" />
    </UnitTest>
    <UnitTest name="DateTest" storage="c:\users\oujun\desktop\read_more\read_more\read_more beta\testprojectreadmore\bin\debug\testprojectreadmore.dll" id="c8df8285-b6e9-ff80-79cf-4c1cb9fb54cb">
      <Css projectStructure="" iteration="" />
      <Owners>
        <Owner name="" />
      </Owners>
      <Execution id="c513982e-e499-442c-83c7-4d148c732a62" />
      <TestMethod codeBase="C:\Users\oujun\Desktop\read_more\read_more\read_more Beta\TestProjectReadMore\bin\Debug\TestProjectReadMore.dll" adapterTypeName="Microsoft.VisualStudio.TestTools.TestTypes.Unit.UnitTestAdapter, Microsoft.VisualStudio.QualityTools.Tips.UnitTest.Adapter, Version=9.0.0.0, Culture=neutral, PublicKeyToken=b03f5f7f11d50a3a" className="TestProjectReadMore.BookTest, TestProjectReadMore" name="DateTest" />
    </UnitTest>
    <UnitTest name="CreateDirTest" storage="c:\users\oujun\desktop\read_more\read_more\read_more beta\testprojectreadmore\bin\debug\testprojectreadmore.dll" id="c85bd1df-f5c9-a74e-03cb-51ae5a966b18">
      <Css projectStructure="" iteration="" />
      <Owners>
        <Owner name="" />
      </Owners>
      <Execution id="b0351680-082e-42d4-b09c-6660244b27e3" />
      <TestMethod codeBase="C:\Users\oujun\Desktop\read_more\read_more\read_more Beta\TestProjectReadMore\bin\Debug\TestProjectReadMore.dll" adapterTypeName="Microsoft.VisualStudio.TestTools.TestTypes.Unit.UnitTestAdapter, Microsoft.VisualStudio.QualityTools.Tips.UnitTest.Adapter, Version=9.0.0.0, Culture=neutral, PublicKeyToken=b03f5f7f11d50a3a" className="TestProjectReadMore.CommonUtilTest, TestProjectReadMore" name="CreateDirTest" />
    </UnitTest>
  </TestDefinitions>
  <TestLists>
    <TestList name="列表中未列出的结果" id="8c84fa94-04c1-424b-9868-57a2d4851a1d" />
    <TestList name="所有已加载的结果" id="19431567-8539-422a-85d7-44ee4e166bda" />
  </TestLists>
  <TestEntries>
    <TestEntry testId="c23b9e62-2b38-abf3-74fe-976b3e963270" executionId="502c6709-7baa-447e-8a84-8b4ecdeda160" testListId="8c84fa94-04c1-424b-9868-57a2d4851a1d" />
    <TestEntry testId="79458f1c-03c9-40c6-ec04-fec1e5a0f6aa" executionId="e730daf8-d533-4868-b337-6ddeccd3c95c" testListId="8c84fa94-04c1-424b-9868-57a2d4851a1d" />
    <TestEntry testId="52fd6cca-514c-504a-c1ca-f22d224aa47c" executionId="58b60466-d728-43b0-93da-ab708dbc2d95" testListId="8c84fa94-04c1-424b-9868-57a2d4851a1d" />
    <TestEntry testId="c85bd1df-f5c9-a74e-03cb-51ae5a966b18" executionId="b0351680-082e-42d4-b09c-6660244b27e3" testListId="8c84fa94-04c1-424b-9868-57a2d4851a1d" />
    <TestEntry testId="aa1c672f-deac-5517-8626-c3562f752d29" executionId="bf3e6818-8e77-463d-9c06-45c29c26d7ce" testListId="8c84fa94-04c1-424b-9868-57a2d4851a1d" />
    <TestEntry testId="4b63a06f-9885-091f-ef14-0a354e103e54" executionId="b04de73e-4406-41b2-887b-6e03085251a6" testListId="8c84fa94-04c1-424b-9868-57a2d4851a1d" />
    <TestEntry testId="a9907a87-e931-0fbb-5120-eb8b90749c91" executionId="97cb0e90-bd2c-40f7-808d-c19465f3ee7d" testListId="8c84fa94-04c1-424b-9868-57a2d4851a1d" />
    <TestEntry testId="6b320bcc-4da7-e499-316c-a90c5fec1e9f" executionId="e7a43488-efd3-436a-badb-d14b8ef92a75" testListId="8c84fa94-04c1-424b-9868-57a2d4851a1d" />
    <TestEntry testId="54a7f750-b04b-c012-a7e8-dafee4bd00f9" executionId="da894652-8aaa-4c7d-8762-bc702a49a235" testListId="8c84fa94-04c1-424b-9868-57a2d4851a1d" />
    <TestEntry testId="c05ede38-2791-b312-2879-8d65bf73fd94" executionId="ef748798-c938-47dd-a518-e74b77b14c32" testListId="8c84fa94-04c1-424b-9868-57a2d4851a1d" />
    <TestEntry testId="1e655fec-4128-95dd-6c75-d4fae3337339" executionId="8c8e8f5c-162e-4e5a-a23f-23094ff29efc" testListId="8c84fa94-04c1-424b-9868-57a2d4851a1d" />
    <TestEntry testId="c8df8285-b6e9-ff80-79cf-4c1cb9fb54cb" executionId="c513982e-e499-442c-83c7-4d148c732a62" testListId="8c84fa94-04c1-424b-9868-57a2d4851a1d" />
    <TestEntry testId="3d730d73-27b1-9b8d-7120-843d5d4f105e" executionId="69ae419c-59f5-422e-ad15-64084b2e7339" testListId="8c84fa94-04c1-424b-9868-57a2d4851a1d" />
    <TestEntry testId="e6f610f5-d53a-9081-bbad-5e133df8f67b" executionId="80b1a073-1a7e-4756-ba1f-4b6c02b0d0cd" testListId="8c84fa94-04c1-424b-9868-57a2d4851a1d" />
    <TestEntry testId="385238eb-0e86-cab3-edcc-952ab494f745" executionId="a0f4a16b-d4fc-41c6-9362-f520c3b748e0" testListId="8c84fa94-04c1-424b-9868-57a2d4851a1d" />
    <TestEntry testId="2efad361-4af2-b529-ac09-b5b305b3dc5d" executionId="f70053a3-338d-45dd-80dc-68010e183170" testListId="8c84fa94-04c1-424b-9868-57a2d4851a1d" />
    <TestEntry testId="12f37cbd-9345-5dc8-b845-2a7f0f9298cb" executionId="8b195978-a5b6-450e-881d-15d3ec0e60c9" testListId="8c84fa94-04c1-424b-9868-57a2d4851a1d" />
    <TestEntry testId="e217c5dc-0a15-ad75-020f-d43885fa6bc4" executionId="3fd68cda-1523-4b5b-9de1-4a209524f03a" testListId="8c84fa94-04c1-424b-9868-57a2d4851a1d" />
    <TestEntry testId="98d10aa3-ff17-648b-cc7e-ed011c1423e2" executionId="03af3e9d-a5e5-4f35-8528-f077d3684179" testListId="8c84fa94-04c1-424b-9868-57a2d4851a1d" />
    <TestEntry testId="be9f75e5-decf-6223-5081-6fe6becf3c26" executionId="9060be42-0db4-49ca-aa5c-c209ed6df539" testListId="8c84fa94-04c1-424b-9868-57a2d4851a1d" />
  </TestEntries>
  <Results>
    <UnitTestResult executionId="502c6709-7baa-447e-8a84-8b4ecdeda160" testId="c23b9e62-2b38-abf3-74fe-976b3e963270" testName="GetRelativeAppDirTest" computerName="OUJUN-PC" duration="00:00:00.0359934" startTime="2011-01-09T14:47:25.2033359+08:00" endTime="2011-01-09T14:47:25.8019688+08:00" testType="13cdc9d9-ddb5-4fa4-a97d-d965ccfc6d4b" outcome="Passed" testListId="8c84fa94-04c1-424b-9868-57a2d4851a1d">
      <Output>
      </Output>
    </UnitTestResult>
    <UnitTestResult executionId="e730daf8-d533-4868-b337-6ddeccd3c95c" testId="79458f1c-03c9-40c6-ec04-fec1e5a0f6aa" testName="GetFileNameTest" computerName="OUJUN-PC" duration="00:00:00.0008404" startTime="2011-01-09T14:47:25.8127109+08:00" endTime="2011-01-09T14:47:25.8195469+08:00" testType="13cdc9d9-ddb5-4fa4-a97d-d965ccfc6d4b" outcome="Passed" testListId="8c84fa94-04c1-424b-9868-57a2d4851a1d">
      <Output>
      </Output>
    </UnitTestResult>
    <UnitTestResult executionId="58b60466-d728-43b0-93da-ab708dbc2d95" testId="52fd6cca-514c-504a-c1ca-f22d224aa47c" testName="GetFolderNameTest" computerName="OUJUN-PC" duration="00:00:00.0004192" startTime="2011-01-09T14:47:25.8283359+08:00" endTime="2011-01-09T14:47:25.8351719+08:00" testType="13cdc9d9-ddb5-4fa4-a97d-d965ccfc6d4b" outcome="Passed" testListId="8c84fa94-04c1-424b-9868-57a2d4851a1d">
      <Output>
      </Output>
    </UnitTestResult>
    <UnitTestResult executionId="b0351680-082e-42d4-b09c-6660244b27e3" testId="c85bd1df-f5c9-a74e-03cb-51ae5a966b18" testName="CreateDirTest" computerName="OUJUN-PC" duration="00:00:00.0018801" startTime="2011-01-09T14:47:25.8429844+08:00" endTime="2011-01-09T14:47:25.8507969+08:00" testType="13cdc9d9-ddb5-4fa4-a97d-d965ccfc6d4b" outcome="Passed" testListId="8c84fa94-04c1-424b-9868-57a2d4851a1d">
      <Output>
      </Output>
    </UnitTestResult>
    <UnitTestResult executionId="bf3e6818-8e77-463d-9c06-45c29c26d7ce" testId="aa1c672f-deac-5517-8626-c3562f752d29" testName="DelDirTest" computerName="OUJUN-PC" duration="00:00:00.0027702" startTime="2011-01-09T14:47:25.8595859+08:00" endTime="2011-01-09T14:47:25.8673984+08:00" testType="13cdc9d9-ddb5-4fa4-a97d-d965ccfc6d4b" outcome="Passed" testListId="8c84fa94-04c1-424b-9868-57a2d4851a1d">
      <Output>
      </Output>
    </UnitTestResult>
    <UnitTestResult executionId="b04de73e-4406-41b2-887b-6e03085251a6" testId="4b63a06f-9885-091f-ef14-0a354e103e54" testName="GetParentPathTest" computerName="OUJUN-PC" duration="00:00:00.0008067" startTime="2011-01-09T14:47:25.8771641+08:00" endTime="2011-01-09T14:47:25.8840000+08:00" testType="13cdc9d9-ddb5-4fa4-a97d-d965ccfc6d4b" outcome="Passed" testListId="8c84fa94-04c1-424b-9868-57a2d4851a1d">
      <Output>
      </Output>
    </UnitTestResult>
    <UnitTestResult executionId="97cb0e90-bd2c-40f7-808d-c19465f3ee7d" testId="a9907a87-e931-0fbb-5120-eb8b90749c91" testName="CopyFilesExtTest" computerName="OUJUN-PC" duration="00:00:00.1381565" startTime="2011-01-09T14:47:25.8918125+08:00" endTime="2011-01-09T14:47:26.0363438+08:00" testType="13cdc9d9-ddb5-4fa4-a97d-d965ccfc6d4b" outcome="Passed" testListId="8c84fa94-04c1-424b-9868-57a2d4851a1d">
      <Output>
      </Output>
    </UnitTestResult>
    <UnitTestResult executionId="e7a43488-efd3-436a-badb-d14b8ef92a75" testId="6b320bcc-4da7-e499-316c-a90c5fec1e9f" testName="CopyDirExtTest" computerName="OUJUN-PC" duration="00:00:00.0096360" startTime="2011-01-09T14:47:26.0500156+08:00" endTime="2011-01-09T14:47:26.0656406+08:00" testType="13cdc9d9-ddb5-4fa4-a97d-d965ccfc6d4b" outcome="Passed" testListId="8c84fa94-04c1-424b-9868-57a2d4851a1d">
      <Output>
      </Output>
    </UnitTestResult>
    <UnitTestResult executionId="da894652-8aaa-4c7d-8762-bc702a49a235" testId="54a7f750-b04b-c012-a7e8-dafee4bd00f9" testName="BookConstructorTest" computerName="OUJUN-PC" duration="00:00:00.0038841" startTime="2011-01-09T14:47:26.0754063+08:00" endTime="2011-01-09T14:47:26.0851719+08:00" testType="13cdc9d9-ddb5-4fa4-a97d-d965ccfc6d4b" outcome="Passed" testListId="8c84fa94-04c1-424b-9868-57a2d4851a1d">
      <Output>
      </Output>
    </UnitTestResult>
    <UnitTestResult executionId="ef748798-c938-47dd-a518-e74b77b14c32" testId="c05ede38-2791-b312-2879-8d65bf73fd94" testName="BookConstructorTest1" computerName="OUJUN-PC" duration="00:00:00.0004591" startTime="2011-01-09T14:47:26.0949375+08:00" endTime="2011-01-09T14:47:26.1007969+08:00" testType="13cdc9d9-ddb5-4fa4-a97d-d965ccfc6d4b" outcome="Passed" testListId="8c84fa94-04c1-424b-9868-57a2d4851a1d">
      <Output>
      </Output>
    </UnitTestResult>
    <UnitTestResult executionId="8c8e8f5c-162e-4e5a-a23f-23094ff29efc" testId="1e655fec-4128-95dd-6c75-d4fae3337339" testName="AuthorTest" computerName="OUJUN-PC" duration="00:00:00.0006408" startTime="2011-01-09T14:47:26.1105625+08:00" endTime="2011-01-09T14:47:26.1173984+08:00" testType="13cdc9d9-ddb5-4fa4-a97d-d965ccfc6d4b" outcome="Passed" testListId="8c84fa94-04c1-424b-9868-57a2d4851a1d">
      <Output>
      </Output>
    </UnitTestResult>
    <UnitTestResult executionId="c513982e-e499-442c-83c7-4d148c732a62" testId="c8df8285-b6e9-ff80-79cf-4c1cb9fb54cb" testName="DateTest" computerName="OUJUN-PC" duration="00:00:00.0007882" startTime="2011-01-09T14:47:26.1457188+08:00" endTime="2011-01-09T14:47:26.1515781+08:00" testType="13cdc9d9-ddb5-4fa4-a97d-d965ccfc6d4b" outcome="Passed" testListId="8c84fa94-04c1-424b-9868-57a2d4851a1d">
      <Output>
      </Output>
    </UnitTestResult>
    <UnitTestResult executionId="69ae419c-59f5-422e-ad15-64084b2e7339" testId="3d730d73-27b1-9b8d-7120-843d5d4f105e" testName="DescriptionTest" computerName="OUJUN-PC" duration="00:00:00.0006439" startTime="2011-01-09T14:47:26.1613438+08:00" endTime="2011-01-09T14:47:26.1681797+08:00" testType="13cdc9d9-ddb5-4fa4-a97d-d965ccfc6d4b" outcome="Passed" testListId="8c84fa94-04c1-424b-9868-57a2d4851a1d">
      <Output>
      </Output>
    </UnitTestResult>
    <UnitTestResult executionId="80b1a073-1a7e-4756-ba1f-4b6c02b0d0cd" testId="e6f610f5-d53a-9081-bbad-5e133df8f67b" testName="NameTest" computerName="OUJUN-PC" duration="00:00:00.0006229" startTime="2011-01-09T14:47:26.1769688+08:00" endTime="2011-01-09T14:47:26.1838047+08:00" testType="13cdc9d9-ddb5-4fa4-a97d-d965ccfc6d4b" outcome="Passed" testListId="8c84fa94-04c1-424b-9868-57a2d4851a1d">
      <Output>
      </Output>
    </UnitTestResult>
    <UnitTestResult executionId="a0f4a16b-d4fc-41c6-9362-f520c3b748e0" testId="385238eb-0e86-cab3-edcc-952ab494f745" testName="GetNewNodeTest" computerName="OUJUN-PC" duration="00:00:00.0807702" startTime="2011-01-09T14:47:26.1925938+08:00" endTime="2011-01-09T14:47:26.2795078+08:00" testType="13cdc9d9-ddb5-4fa4-a97d-d965ccfc6d4b" outcome="Passed" testListId="8c84fa94-04c1-424b-9868-57a2d4851a1d">
      <Output>
      </Output>
    </UnitTestResult>
    <UnitTestResult executionId="f70053a3-338d-45dd-80dc-68010e183170" testId="2efad361-4af2-b529-ac09-b5b305b3dc5d" testName="ContainNodeTest" computerName="OUJUN-PC" duration="00:00:00.0010795" startTime="2011-01-09T14:47:26.2912266+08:00" endTime="2011-01-09T14:47:26.3029453+08:00" testType="13cdc9d9-ddb5-4fa4-a97d-d965ccfc6d4b" outcome="Passed" testListId="8c84fa94-04c1-424b-9868-57a2d4851a1d">
      <Output>
      </Output>
    </UnitTestResult>
    <UnitTestResult executionId="8b195978-a5b6-450e-881d-15d3ec0e60c9" testId="12f37cbd-9345-5dc8-b845-2a7f0f9298cb" testName="GetNewListItemTest" computerName="OUJUN-PC" duration="00:00:00.0032765" startTime="2011-01-09T14:47:26.3117344+08:00" endTime="2011-01-09T14:47:26.3205234+08:00" testType="13cdc9d9-ddb5-4fa4-a97d-d965ccfc6d4b" outcome="Passed" testListId="8c84fa94-04c1-424b-9868-57a2d4851a1d">
      <Output>
      </Output>
    </UnitTestResult>
    <UnitTestResult executionId="3fd68cda-1523-4b5b-9de1-4a209524f03a" testId="e217c5dc-0a15-ad75-020f-d43885fa6bc4" testName="CanDragTest" computerName="OUJUN-PC" duration="00:00:00.0026463" startTime="2011-01-09T14:47:26.3322422+08:00" endTime="2011-01-09T14:47:26.3420078+08:00" testType="13cdc9d9-ddb5-4fa4-a97d-d965ccfc6d4b" outcome="Passed" testListId="8c84fa94-04c1-424b-9868-57a2d4851a1d">
      <Output>
      </Output>
    </UnitTestResult>
    <UnitTestResult executionId="03af3e9d-a5e5-4f35-8528-f077d3684179" testId="98d10aa3-ff17-648b-cc7e-ed011c1423e2" testName="AnalyseCurNodeTest" computerName="OUJUN-PC" duration="00:00:00.0029437" startTime="2011-01-09T14:47:26.3517734+08:00" endTime="2011-01-09T14:47:26.3605625+08:00" testType="13cdc9d9-ddb5-4fa4-a97d-d965ccfc6d4b" outcome="Passed" testListId="8c84fa94-04c1-424b-9868-57a2d4851a1d">
      <Output>
      </Output>
    </UnitTestResult>
    <UnitTestResult executionId="9060be42-0db4-49ca-aa5c-c209ed6df539" testId="be9f75e5-decf-6223-5081-6fe6becf3c26" testName="CreateBookNodeTest" computerName="OUJUN-PC" duration="00:00:01.6550660" startTime="2011-01-09T14:47:26.3703281+08:00" endTime="2011-01-09T14:47:28.0363438+08:00" testType="13cdc9d9-ddb5-4fa4-a97d-d965ccfc6d4b" outcome="Passed" testListId="8c84fa94-04c1-424b-9868-57a2d4851a1d">
      <Output>
        <DebugTrace>未将对象引用设置到对象的实例。
       在 read_more.FormUtil.CreateBookNode(TreeNode node) 位置 C:\Users\oujun\Desktop\read_more\read_more\read_more Beta\FormUtil.cs:行号 350
----------------------------------------------------------------------
</DebugTrace>
      </Output>
    </UnitTestResult>
  </Results>
</TestRun>