<?xml version="1.0" encoding="UTF-8"?>
<TestRun id="1f30dc7a-ac32-4559-b419-2be3a006d746" name="oujun@OUJUN-PC 2011-01-09 15:03:00" runUser="oujun-PC\oujun" xmlns="http://microsoft.com/schemas/VisualStudio/TeamTest/2006">
  <TestRunConfiguration name="本地测试运行" id="77befa6a-4fce-432e-8fce-cb422d293a79">
    <Description>这是本地测试运行的默认测试运行配置。</Description>
    <Deployment runDeploymentRoot="C:\Users\oujun\Desktop\read_more\read_more\read_more Beta\TestResults\oujun_OUJUN-PC 2011-01-09 15_03_00">
      <DeploymentItem filename="C:\Users\oujun\Desktop\read_more\read_more\read_more Beta\bin\Debug\read_more.exe" />
    </Deployment>
    <TestTypeSpecific />
  </TestRunConfiguration>
  <ResultSummary outcome="Failed">
    <Counters total="33" executed="33" passed="32" error="0" failed="1" timeout="0" aborted="0" inconclusive="0" passedButRunAborted="0" notRunnable="0" notExecuted="0" disconnected="0" warning="0" completed="0" inProgress="0" pending="0" />
  </ResultSummary>
  <Times creation="2011-01-09T15:03:00.0822422+08:00" queuing="2011-01-09T15:03:05.3605625+08:00" start="2011-01-09T15:03:05.7951328+08:00" finish="2011-01-09T15:03:12.6955234+08:00" />
  <TestDefinitions>
    <UnitTest name="GetRelativeAppDirTest" storage="c:\users\oujun\desktop\read_more\read_more\read_more beta\testprojectreadmore\bin\debug\testprojectreadmore.dll" id="c23b9e62-2b38-abf3-74fe-976b3e963270">
      <Css projectStructure="" iteration="" />
      <Owners>
        <Owner name="" />
      </Owners>
      <Execution id="cd651a42-dfd7-4e98-a021-1bb993ed2faa" />
      <TestMethod codeBase="C:\Users\oujun\Desktop\read_more\read_more\read_more Beta\TestProjectReadMore\bin\Debug\TestProjectReadMore.dll" adapterTypeName="Microsoft.VisualStudio.TestTools.TestTypes.Unit.UnitTestAdapter, Microsoft.VisualStudio.QualityTools.Tips.UnitTest.Adapter, Version=9.0.0.0, Culture=neutral, PublicKeyToken=b03f5f7f11d50a3a" className="TestProjectReadMore.CommonUtilTest, TestProjectReadMore" name="GetRelativeAppDirTest" />
    </UnitTest>
    <UnitTest name="FileTypeTest" storage="c:\users\oujun\desktop\read_more\read_more\read_more beta\testprojectreadmore\bin\debug\testprojectreadmore.dll" id="0c87d715-4e5b-2495-3236-1aef9d3e644e">
      <Css projectStructure="" iteration="" />
      <Owners>
        <Owner name="" />
      </Owners>
      <Execution id="4b63c062-c40f-46ee-9c29-8d507f511da4" />
      <TestMethod codeBase="C:\Users\oujun\Desktop\read_more\read_more\read_more Beta\TestProjectReadMore\bin\Debug\TestProjectReadMore.dll" adapterTypeName="Microsoft.VisualStudio.TestTools.TestTypes.Unit.UnitTestAdapter, Microsoft.VisualStudio.QualityTools.Tips.UnitTest.Adapter, Version=9.0.0.0, Culture=neutral, PublicKeyToken=b03f5f7f11d50a3a" className="TestProjectReadMore.SearchConditionTest, TestProjectReadMore" name="FileTypeTest" />
    </UnitTest>
    <UnitTest name="IsFilterDateTest" storage="c:\users\oujun\desktop\read_more\read_more\read_more beta\testprojectreadmore\bin\debug\testprojectreadmore.dll" id="3f401980-89cc-9094-e123-766bcfb45d55">
      <Css projectStructure="" iteration="" />
      <Owners>
        <Owner name="" />
      </Owners>
      <Execution id="a28fbc84-1a83-4066-b0c7-0368594eafec" />
      <TestMethod codeBase="C:\Users\oujun\Desktop\read_more\read_more\read_more Beta\TestProjectReadMore\bin\Debug\TestProjectReadMore.dll" adapterTypeName="Microsoft.VisualStudio.TestTools.TestTypes.Unit.UnitTestAdapter, Microsoft.VisualStudio.QualityTools.Tips.UnitTest.Adapter, Version=9.0.0.0, Culture=neutral, PublicKeyToken=b03f5f7f11d50a3a" className="TestProjectReadMore.SearchConditionTest, TestProjectReadMore" name="IsFilterDateTest" />
    </UnitTest>
    <UnitTest name="ExtsTest" storage="c:\users\oujun\desktop\read_more\read_more\read_more beta\testprojectreadmore\bin\debug\testprojectreadmore.dll" id="9f530c2d-9a5e-7986-34cf-f361249d188f">
      <Css projectStructure="" iteration="" />
      <Owners>
        <Owner name="" />
      </Owners>
      <Execution id="84abcca6-d852-48f2-a4be-e8800f2b8902" />
      <TestMethod codeBase="C:\Users\oujun\Desktop\read_more\read_more\read_more Beta\TestProjectReadMore\bin\Debug\TestProjectReadMore.dll" adapterTypeName="Microsoft.VisualStudio.TestTools.TestTypes.Unit.UnitTestAdapter, Microsoft.VisualStudio.QualityTools.Tips.UnitTest.Adapter, Version=9.0.0.0, Culture=neutral, PublicKeyToken=b03f5f7f11d50a3a" className="TestProjectReadMore.SearchConditionTest, TestProjectReadMore" name="ExtsTest" />
    </UnitTest>
    <UnitTest name="IsFilterFileTypeTest" storage="c:\users\oujun\desktop\read_more\read_more\read_more beta\testprojectreadmore\bin\debug\testprojectreadmore.dll" id="c4943f26-5feb-c14d-655c-abd2db40d8c4">
      <Css projectStructure="" iteration="" />
      <Owners>
        <Owner name="" />
      </Owners>
      <Execution id="d0787f2e-416b-4fa3-956f-dd22ec8efb39" />
      <TestMethod codeBase="C:\Users\oujun\Desktop\read_more\read_more\read_more Beta\TestProjectReadMore\bin\Debug\TestProjectReadMore.dll" adapterTypeName="Microsoft.VisualStudio.TestTools.TestTypes.Unit.UnitTestAdapter, Microsoft.VisualStudio.QualityTools.Tips.UnitTest.Adapter, Version=9.0.0.0, Culture=neutral, PublicKeyToken=b03f5f7f11d50a3a" className="TestProjectReadMore.SearchConditionTest, TestProjectReadMore" name="IsFilterFileTypeTest" />
    </UnitTest>
    <UnitTest name="CompareTest" storage="c:\users\oujun\desktop\read_more\read_more\read_more beta\testprojectreadmore\bin\debug\testprojectreadmore.dll" id="30746bd2-70a6-0f2a-272f-a06e14730683">
      <Css projectStructure="" iteration="" />
      <Owners>
        <Owner name="" />
      </Owners>
      <Execution id="87643222-08da-4755-89fc-f29022af1b94" />
      <TestMethod codeBase="C:\Users\oujun\Desktop\read_more\read_more\read_more Beta\TestProjectReadMore\bin\Debug\TestProjectReadMore.dll" adapterTypeName="Microsoft.VisualStudio.TestTools.TestTypes.Unit.UnitTestAdapter, Microsoft.VisualStudio.QualityTools.Tips.UnitTest.Adapter, Version=9.0.0.0, Culture=neutral, PublicKeyToken=b03f5f7f11d50a3a" className="TestProjectReadMore.SortTypeTest, TestProjectReadMore" name="CompareTest" />
    </UnitTest>
    <UnitTest name="CopyDirExtTest" storage="c:\users\oujun\desktop\read_more\read_more\read_more beta\testprojectreadmore\bin\debug\testprojectreadmore.dll" id="6b320bcc-4da7-e499-316c-a90c5fec1e9f">
      <Css projectStructure="" iteration="" />
      <Owners>
        <Owner name="" />
      </Owners>
      <Execution id="be5ed623-4969-4047-90d5-0704b74bfcac" />
      <TestMethod codeBase="C:\Users\oujun\Desktop\read_more\read_more\read_more Beta\TestProjectReadMore\bin\Debug\TestProjectReadMore.dll" adapterTypeName="Microsoft.VisualStudio.TestTools.TestTypes.Unit.UnitTestAdapter, Microsoft.VisualStudio.QualityTools.Tips.UnitTest.Adapter, Version=9.0.0.0, Culture=neutral, PublicKeyToken=b03f5f7f11d50a3a" className="TestProjectReadMore.CommonUtilTest, TestProjectReadMore" name="CopyDirExtTest" />
    </UnitTest>
    <UnitTest name="GetFolderNameTest" storage="c:\users\oujun\desktop\read_more\read_more\read_more beta\testprojectreadmore\bin\debug\testprojectreadmore.dll" id="52fd6cca-514c-504a-c1ca-f22d224aa47c">
      <Css projectStructure="" iteration="" />
      <Owners>
        <Owner name="" />
      </Owners>
      <Execution id="94167ac8-17a9-4521-bcf7-2ff12a1c44d5" />
      <TestMethod codeBase="C:\Users\oujun\Desktop\read_more\read_more\read_more Beta\TestProjectReadMore\bin\Debug\TestProjectReadMore.dll" adapterTypeName="Microsoft.VisualStudio.TestTools.TestTypes.Unit.UnitTestAdapter, Microsoft.VisualStudio.QualityTools.Tips.UnitTest.Adapter, Version=9.0.0.0, Culture=neutral, PublicKeyToken=b03f5f7f11d50a3a" className="TestProjectReadMore.CommonUtilTest, TestProjectReadMore" name="GetFolderNameTest" />
    </UnitTest>
    <UnitTest name="PathTest" storage="c:\users\oujun\desktop\read_more\read_more\read_more beta\testprojectreadmore\bin\debug\testprojectreadmore.dll" id="a3580d04-9c1b-f1d0-22d4-2bde5b4bcc59">
      <Css projectStructure="" iteration="" />
      <Owners>
        <Owner name="" />
      </Owners>
      <Execution id="4c4382b7-e201-4d98-a1d6-47f3ae6d901c" />
      <TestMethod codeBase="C:\Users\oujun\Desktop\read_more\read_more\read_more Beta\TestProjectReadMore\bin\Debug\TestProjectReadMore.dll" adapterTypeName="Microsoft.VisualStudio.TestTools.TestTypes.Unit.UnitTestAdapter, Microsoft.VisualStudio.QualityTools.Tips.UnitTest.Adapter, Version=9.0.0.0, Culture=neutral, PublicKeyToken=b03f5f7f11d50a3a" className="TestProjectReadMore.SearchConditionTest, TestProjectReadMore" name="PathTest" />
    </UnitTest>
    <UnitTest name="CreateBookNodeTest" storage="c:\users\oujun\desktop\read_more\read_more\read_more beta\testprojectreadmore\bin\debug\testprojectreadmore.dll" id="be9f75e5-decf-6223-5081-6fe6becf3c26">
      <Css projectStructure="" iteration="" />
      <Owners>
        <Owner name="" />
      </Owners>
      <Execution id="bc7a1564-6416-47d4-9598-9edb6e662723" />
      <TestMethod codeBase="C:\Users\oujun\Desktop\read_more\read_more\read_more Beta\TestProjectReadMore\bin\Debug\TestProjectReadMore.dll" adapterTypeName="Microsoft.VisualStudio.TestTools.TestTypes.Unit.UnitTestAdapter, Microsoft.VisualStudio.QualityTools.Tips.UnitTest.Adapter, Version=9.0.0.0, Culture=neutral, PublicKeyToken=b03f5f7f11d50a3a" className="TestProjectReadMore.FormUtilTest, TestProjectReadMore" name="CreateBookNodeTest" />
    </UnitTest>
    <UnitTest name="AnalyseCurNodeTest" storage="c:\users\oujun\desktop\read_more\read_more\read_more beta\testprojectreadmore\bin\debug\testprojectreadmore.dll" id="98d10aa3-ff17-648b-cc7e-ed011c1423e2">
      <Css projectStructure="" iteration="" />
      <Owners>
        <Owner name="" />
      </Owners>
      <Execution id="294ddc8a-8d6f-4eda-8e59-031b2d860c0c" />
      <TestMethod codeBase="C:\Users\oujun\Desktop\read_more\read_more\read_more Beta\TestProjectReadMore\bin\Debug\TestProjectReadMore.dll" adapterTypeName="Microsoft.VisualStudio.TestTools.TestTypes.Unit.UnitTestAdapter, Microsoft.VisualStudio.QualityTools.Tips.UnitTest.Adapter, Version=9.0.0.0, Culture=neutral, PublicKeyToken=b03f5f7f11d50a3a" className="TestProjectReadMore.FormUtilTest, TestProjectReadMore" name="AnalyseCurNodeTest" />
    </UnitTest>
    <UnitTest name="GetFileNameTest" storage="c:\users\oujun\desktop\read_more\read_more\read_more beta\testprojectreadmore\bin\debug\testprojectreadmore.dll" id="79458f1c-03c9-40c6-ec04-fec1e5a0f6aa">
      <Css projectStructure="" iteration="" />
      <Owners>
        <Owner name="" />
      </Owners>
      <Execution id="f9cd1dfe-39f6-493d-9c8e-0a74573a6f57" />
      <TestMethod codeBase="C:\Users\oujun\Desktop\read_more\read_more\read_more Beta\TestProjectReadMore\bin\Debug\TestProjectReadMore.dll" adapterTypeName="Microsoft.VisualStudio.TestTools.TestTypes.Unit.UnitTestAdapter, Microsoft.VisualStudio.QualityTools.Tips.UnitTest.Adapter, Version=9.0.0.0, Culture=neutral, PublicKeyToken=b03f5f7f11d50a3a" className="TestProjectReadMore.CommonUtilTest, TestProjectReadMore" name="GetFileNameTest" />
    </UnitTest>
    <UnitTest name="BookConstructorTest" storage="c:\users\oujun\desktop\read_more\read_more\read_more beta\testprojectreadmore\bin\debug\testprojectreadmore.dll" id="54a7f750-b04b-c012-a7e8-dafee4bd00f9">
      <Css projectStructure="" iteration="" />
      <Owners>
        <Owner name="" />
      </Owners>
      <Execution id="e88fd90c-e51e-44c5-a391-711ead70fc46" />
      <TestMethod codeBase="C:\Users\oujun\Desktop\read_more\read_more\read_more Beta\TestProjectReadMore\bin\Debug\TestProjectReadMore.dll" adapterTypeName="Microsoft.VisualStudio.TestTools.TestTypes.Unit.UnitTestAdapter, Microsoft.VisualStudio.QualityTools.Tips.UnitTest.Adapter, Version=9.0.0.0, Culture=neutral, PublicKeyToken=b03f5f7f11d50a3a" className="TestProjectReadMore.BookTest, TestProjectReadMore" name="BookConstructorTest" />
    </UnitTest>
    <UnitTest name="BookConstructorTest1" storage="c:\users\oujun\desktop\read_more\read_more\read_more beta\testprojectreadmore\bin\debug\testprojectreadmore.dll" id="c05ede38-2791-b312-2879-8d65bf73fd94">
      <Css projectStructure="" iteration="" />
      <Owners>
        <Owner name="" />
      </Owners>
      <Execution id="0450cc8f-b36d-492a-9e4a-a6a050653e8f" />
      <TestMethod codeBase="C:\Users\oujun\Desktop\read_more\read_more\read_more Beta\TestProjectReadMore\bin\Debug\TestProjectReadMore.dll" adapterTypeName="Microsoft.VisualStudio.TestTools.TestTypes.Unit.UnitTestAdapter, Microsoft.VisualStudio.QualityTools.Tips.UnitTest.Adapter, Version=9.0.0.0, Culture=neutral, PublicKeyToken=b03f5f7f11d50a3a" className="TestProjectReadMore.BookTest, TestProjectReadMore" name="BookConstructorTest1" />
    </UnitTest>
    <UnitTest name="ContainNodeTest" storage="c:\users\oujun\desktop\read_more\read_more\read_more beta\testprojectreadmore\bin\debug\testprojectreadmore.dll" id="2efad361-4af2-b529-ac09-b5b305b3dc5d">
      <Css projectStructure="" iteration="" />
      <Owners>
        <Owner name="" />
      </Owners>
      <Execution id="9a885a9b-b0a5-4163-ae86-40df873dbc79" />
      <TestMethod codeBase="C:\Users\oujun\Desktop\read_more\read_more\read_more Beta\TestProjectReadMore\bin\Debug\TestProjectReadMore.dll" adapterTypeName="Microsoft.VisualStudio.TestTools.TestTypes.Unit.UnitTestAdapter, Microsoft.VisualStudio.QualityTools.Tips.UnitTest.Adapter, Version=9.0.0.0, Culture=neutral, PublicKeyToken=b03f5f7f11d50a3a" className="TestProjectReadMore.FormUtilTest, TestProjectReadMore" name="ContainNodeTest" />
    </UnitTest>
    <UnitTest name="OutputBookListConstructorTest" storage="c:\users\oujun\desktop\read_more\read_more\read_more beta\testprojectreadmore\bin\debug\testprojectreadmore.dll" id="6cb14709-22bb-4299-3ea7-c19c58578070">
      <Css projectStructure="" iteration="" />
      <Owners>
        <Owner name="" />
      </Owners>
      <Execution id="5ca83726-94f0-4400-bee6-d3ce1ebdcc39" />
      <TestMethod codeBase="C:\Users\oujun\Desktop\read_more\read_more\read_more Beta\TestProjectReadMore\bin\Debug\TestProjectReadMore.dll" adapterTypeName="Microsoft.VisualStudio.TestTools.TestTypes.Unit.UnitTestAdapter, Microsoft.VisualStudio.QualityTools.Tips.UnitTest.Adapter, Version=9.0.0.0, Culture=neutral, PublicKeyToken=b03f5f7f11d50a3a" className="TestProjectReadMore.OutputBookListTest, TestProjectReadMore" name="OutputBookListConstructorTest" />
    </UnitTest>
    <UnitTest name="CopyFilesExtTest" storage="c:\users\oujun\desktop\read_more\read_more\read_more beta\testprojectreadmore\bin\debug\testprojectreadmore.dll" id="a9907a87-e931-0fbb-5120-eb8b90749c91">
      <Css projectStructure="" iteration="" />
      <Owners>
        <Owner name="" />
      </Owners>
      <DeploymentItems>
        <DeploymentItem filename="read_more.exe" />
      </DeploymentItems>
      <Execution id="7433a6cc-a099-47a4-8043-00c22397357c" />
      <TestMethod codeBase="C:\Users\oujun\Desktop\read_more\read_more\read_more Beta\TestProjectReadMore\bin\Debug\TestProjectReadMore.dll" adapterTypeName="Microsoft.VisualStudio.TestTools.TestTypes.Unit.UnitTestAdapter, Microsoft.VisualStudio.QualityTools.Tips.UnitTest.Adapter, Version=9.0.0.0, Culture=neutral, PublicKeyToken=b03f5f7f11d50a3a" className="TestProjectReadMore.CommonUtilTest, TestProjectReadMore" name="CopyFilesExtTest" />
    </UnitTest>
    <UnitTest name="GetNewNodeTest" storage="c:\users\oujun\desktop\read_more\read_more\read_more beta\testprojectreadmore\bin\debug\testprojectreadmore.dll" id="385238eb-0e86-cab3-edcc-952ab494f745">
      <Css projectStructure="" iteration="" />
      <Owners>
        <Owner name="" />
      </Owners>
      <Execution id="eef6980d-ceb8-4fc3-bea6-6e6dddea1e11" />
      <TestMethod codeBase="C:\Users\oujun\Desktop\read_more\read_more\read_more Beta\TestProjectReadMore\bin\Debug\TestProjectReadMore.dll" adapterTypeName="Microsoft.VisualStudio.TestTools.TestTypes.Unit.UnitTestAdapter, Microsoft.VisualStudio.QualityTools.Tips.UnitTest.Adapter, Version=9.0.0.0, Culture=neutral, PublicKeyToken=b03f5f7f11d50a3a" className="TestProjectReadMore.FormUtilTest, TestProjectReadMore" name="GetNewNodeTest" />
    </UnitTest>
    <UnitTest name="DescriptionTest" storage="c:\users\oujun\desktop\read_more\read_more\read_more beta\testprojectreadmore\bin\debug\testprojectreadmore.dll" id="3d730d73-27b1-9b8d-7120-843d5d4f105e">
      <Css projectStructure="" iteration="" />
      <Owners>
        <Owner name="" />
      </Owners>
      <Execution id="4091ff6a-52ff-43ec-8144-8c96c04b68d6" />
      <TestMethod codeBase="C:\Users\oujun\Desktop\read_more\read_more\read_more Beta\TestProjectReadMore\bin\Debug\TestProjectReadMore.dll" adapterTypeName="Microsoft.VisualStudio.TestTools.TestTypes.Unit.UnitTestAdapter, Microsoft.VisualStudio.QualityTools.Tips.UnitTest.Adapter, Version=9.0.0.0, Culture=neutral, PublicKeyToken=b03f5f7f11d50a3a" className="TestProjectReadMore.BookTest, TestProjectReadMore" name="DescriptionTest" />
    </UnitTest>
    <UnitTest name="AuthorTest" storage="c:\users\oujun\desktop\read_more\read_more\read_more beta\testprojectreadmore\bin\debug\testprojectreadmore.dll" id="1e655fec-4128-95dd-6c75-d4fae3337339">
      <Css projectStructure="" iteration="" />
      <Owners>
        <Owner name="" />
      </Owners>
      <Execution id="f5f64bd9-1deb-4a7e-9da6-8b104e3d8740" />
      <TestMethod codeBase="C:\Users\oujun\Desktop\read_more\read_more\read_more Beta\TestProjectReadMore\bin\Debug\TestProjectReadMore.dll" adapterTypeName="Microsoft.VisualStudio.TestTools.TestTypes.Unit.UnitTestAdapter, Microsoft.VisualStudio.QualityTools.Tips.UnitTest.Adapter, Version=9.0.0.0, Culture=neutral, PublicKeyToken=b03f5f7f11d50a3a" className="TestProjectReadMore.BookTest, TestProjectReadMore" name="AuthorTest" />
    </UnitTest>
    <UnitTest name="GetNewListItemTest" storage="c:\users\oujun\desktop\read_more\read_more\read_more beta\testprojectreadmore\bin\debug\testprojectreadmore.dll" id="12f37cbd-9345-5dc8-b845-2a7f0f9298cb">
      <Css projectStructure="" iteration="" />
      <Owners>
        <Owner name="" />
      </Owners>
      <Execution id="702848e1-fe34-483c-aa1d-ab4032ca44b4" />
      <TestMethod codeBase="C:\Users\oujun\Desktop\read_more\read_more\read_more Beta\TestProjectReadMore\bin\Debug\TestProjectReadMore.dll" adapterTypeName="Microsoft.VisualStudio.TestTools.TestTypes.Unit.UnitTestAdapter, Microsoft.VisualStudio.QualityTools.Tips.UnitTest.Adapter, Version=9.0.0.0, Culture=neutral, PublicKeyToken=b03f5f7f11d50a3a" className="TestProjectReadMore.FormUtilTest, TestProjectReadMore" name="GetNewListItemTest" />
    </UnitTest>
    <UnitTest name="NameTest" storage="c:\users\oujun\desktop\read_more\read_more\read_more beta\testprojectreadmore\bin\debug\testprojectreadmore.dll" id="e6f610f5-d53a-9081-bbad-5e133df8f67b">
      <Css projectStructure="" iteration="" />
      <Owners>
        <Owner name="" />
      </Owners>
      <Execution id="150fffd1-5626-492e-bc3b-a4cfe4ead766" />
      <TestMethod codeBase="C:\Users\oujun\Desktop\read_more\read_more\read_more Beta\TestProjectReadMore\bin\Debug\TestProjectReadMore.dll" adapterTypeName="Microsoft.VisualStudio.TestTools.TestTypes.Unit.UnitTestAdapter, Microsoft.VisualStudio.QualityTools.Tips.UnitTest.Adapter, Version=9.0.0.0, Culture=neutral, PublicKeyToken=b03f5f7f11d50a3a" className="TestProjectReadMore.BookTest, TestProjectReadMore" name="NameTest" />
    </UnitTest>
    <UnitTest name="SortComparerTest" storage="c:\users\oujun\desktop\read_more\read_more\read_more beta\testprojectreadmore\bin\debug\testprojectreadmore.dll" id="ebc66cce-4bbd-2489-f8af-0d6ed9ed89e2">
      <Css projectStructure="" iteration="" />
      <Owners>
        <Owner name="" />
      </Owners>
      <Execution id="ce5371a5-e9ea-46a8-bf64-2faafae64d44" />
      <TestMethod codeBase="C:\Users\oujun\Desktop\read_more\read_more\read_more Beta\TestProjectReadMore\bin\Debug\TestProjectReadMore.dll" adapterTypeName="Microsoft.VisualStudio.TestTools.TestTypes.Unit.UnitTestAdapter, Microsoft.VisualStudio.QualityTools.Tips.UnitTest.Adapter, Version=9.0.0.0, Culture=neutral, PublicKeyToken=b03f5f7f11d50a3a" className="TestProjectReadMore.SearchConditionTest, TestProjectReadMore" name="SortComparerTest" />
    </UnitTest>
    <UnitTest name="SearchRangeTest" storage="c:\users\oujun\desktop\read_more\read_more\read_more beta\testprojectreadmore\bin\debug\testprojectreadmore.dll" id="51922d2d-e8a5-fb4d-50bc-6d7c28030113">
      <Css projectStructure="" iteration="" />
      <Owners>
        <Owner name="" />
      </Owners>
      <Execution id="38fb4ed0-df0a-4af1-93f1-0d94ee757443" />
      <TestMethod codeBase="C:\Users\oujun\Desktop\read_more\read_more\read_more Beta\TestProjectReadMore\bin\Debug\TestProjectReadMore.dll" adapterTypeName="Microsoft.VisualStudio.TestTools.TestTypes.Unit.UnitTestAdapter, Microsoft.VisualStudio.QualityTools.Tips.UnitTest.Adapter, Version=9.0.0.0, Culture=neutral, PublicKeyToken=b03f5f7f11d50a3a" className="TestProjectReadMore.SearchConditionTest, TestProjectReadMore" name="SearchRangeTest" />
    </UnitTest>
    <UnitTest name="WriteErrorTest" storage="c:\users\oujun\desktop\read_more\read_more\read_more beta\testprojectreadmore\bin\debug\testprojectreadmore.dll" id="86d40c7b-eb77-2b0c-a39d-84b96b346fc2">
      <Css projectStructure="" iteration="" />
      <Owners>
        <Owner name="" />
      </Owners>
      <Execution id="9a78567c-dc18-4751-b38a-df34eb557f58" />
      <TestMethod codeBase="C:\Users\oujun\Desktop\read_more\read_more\read_more Beta\TestProjectReadMore\bin\Debug\TestProjectReadMore.dll" adapterTypeName="Microsoft.VisualStudio.TestTools.TestTypes.Unit.UnitTestAdapter, Microsoft.VisualStudio.QualityTools.Tips.UnitTest.Adapter, Version=9.0.0.0, Culture=neutral, PublicKeyToken=b03f5f7f11d50a3a" className="TestProjectReadMore.TraceLogTest, TestProjectReadMore" name="WriteErrorTest" />
    </UnitTest>
    <UnitTest name="GetParentPathTest" storage="c:\users\oujun\desktop\read_more\read_more\read_more beta\testprojectreadmore\bin\debug\testprojectreadmore.dll" id="4b63a06f-9885-091f-ef14-0a354e103e54">
      <Css projectStructure="" iteration="" />
      <Owners>
        <Owner name="" />
      </Owners>
      <Execution id="84cd8633-fae2-4967-9c6d-ed5f7b4449e5" />
      <TestMethod codeBase="C:\Users\oujun\Desktop\read_more\read_more\read_more Beta\TestProjectReadMore\bin\Debug\TestProjectReadMore.dll" adapterTypeName="Microsoft.VisualStudio.TestTools.TestTypes.Unit.UnitTestAdapter, Microsoft.VisualStudio.QualityTools.Tips.UnitTest.Adapter, Version=9.0.0.0, Culture=neutral, PublicKeyToken=b03f5f7f11d50a3a" className="TestProjectReadMore.CommonUtilTest, TestProjectReadMore" name="GetParentPathTest" />
    </UnitTest>
    <UnitTest name="GetInstanceTest" storage="c:\users\oujun\desktop\read_more\read_more\read_more beta\testprojectreadmore\bin\debug\testprojectreadmore.dll" id="61be7fd1-b218-c6af-eb95-e528cd771065">
      <Css projectStructure="" iteration="" />
      <Owners>
        <Owner name="" />
      </Owners>
      <Execution id="b9e2cb20-a09b-4ab2-baef-db84848768c0" />
      <TestMethod codeBase="C:\Users\oujun\Desktop\read_more\read_more\read_more Beta\TestProjectReadMore\bin\Debug\TestProjectReadMore.dll" adapterTypeName="Microsoft.VisualStudio.TestTools.TestTypes.Unit.UnitTestAdapter, Microsoft.VisualStudio.QualityTools.Tips.UnitTest.Adapter, Version=9.0.0.0, Culture=neutral, PublicKeyToken=b03f5f7f11d50a3a" className="TestProjectReadMore.TraceLogTest, TestProjectReadMore" name="GetInstanceTest" />
    </UnitTest>
    <UnitTest name="CanDragTest" storage="c:\users\oujun\desktop\read_more\read_more\read_more beta\testprojectreadmore\bin\debug\testprojectreadmore.dll" id="e217c5dc-0a15-ad75-020f-d43885fa6bc4">
      <Css projectStructure="" iteration="" />
      <Owners>
        <Owner name="" />
      </Owners>
      <Execution id="87b4b637-a2cb-45c6-b9f3-4bd02032b963" />
      <TestMethod codeBase="C:\Users\oujun\Desktop\read_more\read_more\read_more Beta\TestProjectReadMore\bin\Debug\TestProjectReadMore.dll" adapterTypeName="Microsoft.VisualStudio.TestTools.TestTypes.Unit.UnitTestAdapter, Microsoft.VisualStudio.QualityTools.Tips.UnitTest.Adapter, Version=9.0.0.0, Culture=neutral, PublicKeyToken=b03f5f7f11d50a3a" className="TestProjectReadMore.FormUtilTest, TestProjectReadMore" name="CanDragTest" />
    </UnitTest>
    <UnitTest name="DelDirTest" storage="c:\users\oujun\desktop\read_more\read_more\read_more beta\testprojectreadmore\bin\debug\testprojectreadmore.dll" id="aa1c672f-deac-5517-8626-c3562f752d29">
      <Css projectStructure="" iteration="" />
      <Owners>
        <Owner name="" />
      </Owners>
      <Execution id="df42d6d6-6bb4-4d7d-9561-a47fc7128bb3" />
      <TestMethod codeBase="C:\Users\oujun\Desktop\read_more\read_more\read_more Beta\TestProjectReadMore\bin\Debug\TestProjectReadMore.dll" adapterTypeName="Microsoft.VisualStudio.TestTools.TestTypes.Unit.UnitTestAdapter, Microsoft.VisualStudio.QualityTools.Tips.UnitTest.Adapter, Version=9.0.0.0, Culture=neutral, PublicKeyToken=b03f5f7f11d50a3a" className="TestProjectReadMore.CommonUtilTest, TestProjectReadMore" name="DelDirTest" />
    </UnitTest>
    <UnitTest name="KeyWordTest" storage="c:\users\oujun\desktop\read_more\read_more\read_more beta\testprojectreadmore\bin\debug\testprojectreadmore.dll" id="cdec032f-89bc-0555-bb46-633fe28ceeb8">
      <Css projectStructure="" iteration="" />
      <Owners>
        <Owner name="" />
      </Owners>
      <Execution id="5b01f309-9811-405d-994c-bbd8b9dc7b29" />
      <TestMethod codeBase="C:\Users\oujun\Desktop\read_more\read_more\read_more Beta\TestProjectReadMore\bin\Debug\TestProjectReadMore.dll" adapterTypeName="Microsoft.VisualStudio.TestTools.TestTypes.Unit.UnitTestAdapter, Microsoft.VisualStudio.QualityTools.Tips.UnitTest.Adapter, Version=9.0.0.0, Culture=neutral, PublicKeyToken=b03f5f7f11d50a3a" className="TestProjectReadMore.SearchConditionTest, TestProjectReadMore" name="KeyWordTest" />
    </UnitTest>
    <UnitTest name="DateTest" storage="c:\users\oujun\desktop\read_more\read_more\read_more beta\testprojectreadmore\bin\debug\testprojectreadmore.dll" id="c8df8285-b6e9-ff80-79cf-4c1cb9fb54cb">
      <Css projectStructure="" iteration="" />
      <Owners>
        <Owner name="" />
      </Owners>
      <Execution id="aa9b255f-d987-49f2-8f82-e5a7ec57ca8a" />
      <TestMethod codeBase="C:\Users\oujun\Desktop\read_more\read_more\read_more Beta\TestProjectReadMore\bin\Debug\TestProjectReadMore.dll" adapterTypeName="Microsoft.VisualStudio.TestTools.TestTypes.Unit.UnitTestAdapter, Microsoft.VisualStudio.QualityTools.Tips.UnitTest.Adapter, Version=9.0.0.0, Culture=neutral, PublicKeyToken=b03f5f7f11d50a3a" className="TestProjectReadMore.BookTest, TestProjectReadMore" name="DateTest" />
    </UnitTest>
    <UnitTest name="AddOutputRangeTest" storage="c:\users\oujun\desktop\read_more\read_more\read_more beta\testprojectreadmore\bin\debug\testprojectreadmore.dll" id="02b1d76b-a05d-2aa7-8d32-a7c54074278d">
      <Css projectStructure="" iteration="" />
      <Owners>
        <Owner name="" />
      </Owners>
      <Execution id="ae41c799-9724-401e-ba05-58675464eaea" />
      <TestMethod codeBase="C:\Users\oujun\Desktop\read_more\read_more\read_more Beta\TestProjectReadMore\bin\Debug\TestProjectReadMore.dll" adapterTypeName="Microsoft.VisualStudio.TestTools.TestTypes.Unit.UnitTestAdapter, Microsoft.VisualStudio.QualityTools.Tips.UnitTest.Adapter, Version=9.0.0.0, Culture=neutral, PublicKeyToken=b03f5f7f11d50a3a" className="TestProjectReadMore.OutputBookListTest, TestProjectReadMore" name="AddOutputRangeTest" />
    </UnitTest>
    <UnitTest name="CreateDirTest" storage="c:\users\oujun\desktop\read_more\read_more\read_more beta\testprojectreadmore\bin\debug\testprojectreadmore.dll" id="c85bd1df-f5c9-a74e-03cb-51ae5a966b18">
      <Css projectStructure="" iteration="" />
      <Owners>
        <Owner name="" />
      </Owners>
      <Execution id="e5d724f7-b328-4670-b289-43ea291bf8f4" />
      <TestMethod codeBase="C:\Users\oujun\Desktop\read_more\read_more\read_more Beta\TestProjectReadMore\bin\Debug\TestProjectReadMore.dll" adapterTypeName="Microsoft.VisualStudio.TestTools.TestTypes.Unit.UnitTestAdapter, Microsoft.VisualStudio.QualityTools.Tips.UnitTest.Adapter, Version=9.0.0.0, Culture=neutral, PublicKeyToken=b03f5f7f11d50a3a" className="TestProjectReadMore.CommonUtilTest, TestProjectReadMore" name="CreateDirTest" />
    </UnitTest>
  </TestDefinitions>
  <TestLists>
    <TestList name="列表中未列出的结果" id="8c84fa94-04c1-424b-9868-57a2d4851a1d" />
    <TestList name="所有已加载的结果" id="19431567-8539-422a-85d7-44ee4e166bda" />
  </TestLists>
  <TestEntries>
    <TestEntry testId="c23b9e62-2b38-abf3-74fe-976b3e963270" executionId="cd651a42-dfd7-4e98-a021-1bb993ed2faa" testListId="8c84fa94-04c1-424b-9868-57a2d4851a1d" />
    <TestEntry testId="79458f1c-03c9-40c6-ec04-fec1e5a0f6aa" executionId="f9cd1dfe-39f6-493d-9c8e-0a74573a6f57" testListId="8c84fa94-04c1-424b-9868-57a2d4851a1d" />
    <TestEntry testId="52fd6cca-514c-504a-c1ca-f22d224aa47c" executionId="94167ac8-17a9-4521-bcf7-2ff12a1c44d5" testListId="8c84fa94-04c1-424b-9868-57a2d4851a1d" />
    <TestEntry testId="c85bd1df-f5c9-a74e-03cb-51ae5a966b18" executionId="e5d724f7-b328-4670-b289-43ea291bf8f4" testListId="8c84fa94-04c1-424b-9868-57a2d4851a1d" />
    <TestEntry testId="aa1c672f-deac-5517-8626-c3562f752d29" executionId="df42d6d6-6bb4-4d7d-9561-a47fc7128bb3" testListId="8c84fa94-04c1-424b-9868-57a2d4851a1d" />
    <TestEntry testId="4b63a06f-9885-091f-ef14-0a354e103e54" executionId="84cd8633-fae2-4967-9c6d-ed5f7b4449e5" testListId="8c84fa94-04c1-424b-9868-57a2d4851a1d" />
    <TestEntry testId="a9907a87-e931-0fbb-5120-eb8b90749c91" executionId="7433a6cc-a099-47a4-8043-00c22397357c" testListId="8c84fa94-04c1-424b-9868-57a2d4851a1d" />
    <TestEntry testId="6b320bcc-4da7-e499-316c-a90c5fec1e9f" executionId="be5ed623-4969-4047-90d5-0704b74bfcac" testListId="8c84fa94-04c1-424b-9868-57a2d4851a1d" />
    <TestEntry testId="54a7f750-b04b-c012-a7e8-dafee4bd00f9" executionId="e88fd90c-e51e-44c5-a391-711ead70fc46" testListId="8c84fa94-04c1-424b-9868-57a2d4851a1d" />
    <TestEntry testId="c05ede38-2791-b312-2879-8d65bf73fd94" executionId="0450cc8f-b36d-492a-9e4a-a6a050653e8f" testListId="8c84fa94-04c1-424b-9868-57a2d4851a1d" />
    <TestEntry testId="1e655fec-4128-95dd-6c75-d4fae3337339" executionId="f5f64bd9-1deb-4a7e-9da6-8b104e3d8740" testListId="8c84fa94-04c1-424b-9868-57a2d4851a1d" />
    <TestEntry testId="c8df8285-b6e9-ff80-79cf-4c1cb9fb54cb" executionId="aa9b255f-d987-49f2-8f82-e5a7ec57ca8a" testListId="8c84fa94-04c1-424b-9868-57a2d4851a1d" />
    <TestEntry testId="3d730d73-27b1-9b8d-7120-843d5d4f105e" executionId="4091ff6a-52ff-43ec-8144-8c96c04b68d6" testListId="8c84fa94-04c1-424b-9868-57a2d4851a1d" />
    <TestEntry testId="e6f610f5-d53a-9081-bbad-5e133df8f67b" executionId="150fffd1-5626-492e-bc3b-a4cfe4ead766" testListId="8c84fa94-04c1-424b-9868-57a2d4851a1d" />
    <TestEntry testId="385238eb-0e86-cab3-edcc-952ab494f745" executionId="eef6980d-ceb8-4fc3-bea6-6e6dddea1e11" testListId="8c84fa94-04c1-424b-9868-57a2d4851a1d" />
    <TestEntry testId="2efad361-4af2-b529-ac09-b5b305b3dc5d" executionId="9a885a9b-b0a5-4163-ae86-40df873dbc79" testListId="8c84fa94-04c1-424b-9868-57a2d4851a1d" />
    <TestEntry testId="12f37cbd-9345-5dc8-b845-2a7f0f9298cb" executionId="702848e1-fe34-483c-aa1d-ab4032ca44b4" testListId="8c84fa94-04c1-424b-9868-57a2d4851a1d" />
    <TestEntry testId="e217c5dc-0a15-ad75-020f-d43885fa6bc4" executionId="87b4b637-a2cb-45c6-b9f3-4bd02032b963" testListId="8c84fa94-04c1-424b-9868-57a2d4851a1d" />
    <TestEntry testId="98d10aa3-ff17-648b-cc7e-ed011c1423e2" executionId="294ddc8a-8d6f-4eda-8e59-031b2d860c0c" testListId="8c84fa94-04c1-424b-9868-57a2d4851a1d" />
    <TestEntry testId="be9f75e5-decf-6223-5081-6fe6becf3c26" executionId="bc7a1564-6416-47d4-9598-9edb6e662723" testListId="8c84fa94-04c1-424b-9868-57a2d4851a1d" />
    <TestEntry testId="6cb14709-22bb-4299-3ea7-c19c58578070" executionId="5ca83726-94f0-4400-bee6-d3ce1ebdcc39" testListId="8c84fa94-04c1-424b-9868-57a2d4851a1d" />
    <TestEntry testId="02b1d76b-a05d-2aa7-8d32-a7c54074278d" executionId="ae41c799-9724-401e-ba05-58675464eaea" testListId="8c84fa94-04c1-424b-9868-57a2d4851a1d" />
    <TestEntry testId="61be7fd1-b218-c6af-eb95-e528cd771065" executionId="b9e2cb20-a09b-4ab2-baef-db84848768c0" testListId="8c84fa94-04c1-424b-9868-57a2d4851a1d" />
    <TestEntry testId="86d40c7b-eb77-2b0c-a39d-84b96b346fc2" executionId="9a78567c-dc18-4751-b38a-df34eb557f58" testListId="8c84fa94-04c1-424b-9868-57a2d4851a1d" />
    <TestEntry testId="30746bd2-70a6-0f2a-272f-a06e14730683" executionId="87643222-08da-4755-89fc-f29022af1b94" testListId="8c84fa94-04c1-424b-9868-57a2d4851a1d" />
    <TestEntry testId="ebc66cce-4bbd-2489-f8af-0d6ed9ed89e2" executionId="ce5371a5-e9ea-46a8-bf64-2faafae64d44" testListId="8c84fa94-04c1-424b-9868-57a2d4851a1d" />
    <TestEntry testId="51922d2d-e8a5-fb4d-50bc-6d7c28030113" executionId="38fb4ed0-df0a-4af1-93f1-0d94ee757443" testListId="8c84fa94-04c1-424b-9868-57a2d4851a1d" />
    <TestEntry testId="a3580d04-9c1b-f1d0-22d4-2bde5b4bcc59" executionId="4c4382b7-e201-4d98-a1d6-47f3ae6d901c" testListId="8c84fa94-04c1-424b-9868-57a2d4851a1d" />
    <TestEntry testId="cdec032f-89bc-0555-bb46-633fe28ceeb8" executionId="5b01f309-9811-405d-994c-bbd8b9dc7b29" testListId="8c84fa94-04c1-424b-9868-57a2d4851a1d" />
    <TestEntry testId="c4943f26-5feb-c14d-655c-abd2db40d8c4" executionId="d0787f2e-416b-4fa3-956f-dd22ec8efb39" testListId="8c84fa94-04c1-424b-9868-57a2d4851a1d" />
    <TestEntry testId="3f401980-89cc-9094-e123-766bcfb45d55" executionId="a28fbc84-1a83-4066-b0c7-0368594eafec" testListId="8c84fa94-04c1-424b-9868-57a2d4851a1d" />
    <TestEntry testId="0c87d715-4e5b-2495-3236-1aef9d3e644e" executionId="4b63c062-c40f-46ee-9c29-8d507f511da4" testListId="8c84fa94-04c1-424b-9868-57a2d4851a1d" />
    <TestEntry testId="9f530c2d-9a5e-7986-34cf-f361249d188f" executionId="84abcca6-d852-48f2-a4be-e8800f2b8902" testListId="8c84fa94-04c1-424b-9868-57a2d4851a1d" />
  </TestEntries>
  <Results>
    <UnitTestResult executionId="cd651a42-dfd7-4e98-a021-1bb993ed2faa" testId="c23b9e62-2b38-abf3-74fe-976b3e963270" testName="GetRelativeAppDirTest" computerName="OUJUN-PC" duration="00:00:00.0369588" startTime="2011-01-09T15:03:05.9640781+08:00" endTime="2011-01-09T15:03:06.5343906+08:00" testType="13cdc9d9-ddb5-4fa4-a97d-d965ccfc6d4b" outcome="Passed" testListId="8c84fa94-04c1-424b-9868-57a2d4851a1d">
      <Output>
      </Output>
    </UnitTestResult>
    <UnitTestResult executionId="f9cd1dfe-39f6-493d-9c8e-0a74573a6f57" testId="79458f1c-03c9-40c6-ec04-fec1e5a0f6aa" testName="GetFileNameTest" computerName="OUJUN-PC" duration="00:00:00.0008476" startTime="2011-01-09T15:03:06.5461094+08:00" endTime="2011-01-09T15:03:06.5539219+08:00" testType="13cdc9d9-ddb5-4fa4-a97d-d965ccfc6d4b" outcome="Passed" testListId="8c84fa94-04c1-424b-9868-57a2d4851a1d">
      <Output>
      </Output>
    </UnitTestResult>
    <UnitTestResult executionId="94167ac8-17a9-4521-bcf7-2ff12a1c44d5" testId="52fd6cca-514c-504a-c1ca-f22d224aa47c" testName="GetFolderNameTest" computerName="OUJUN-PC" duration="00:00:00.0004284" startTime="2011-01-09T15:03:06.5617344+08:00" endTime="2011-01-09T15:03:06.5675938+08:00" testType="13cdc9d9-ddb5-4fa4-a97d-d965ccfc6d4b" outcome="Passed" testListId="8c84fa94-04c1-424b-9868-57a2d4851a1d">
      <Output>
      </Output>
    </UnitTestResult>
    <UnitTestResult executionId="e5d724f7-b328-4670-b289-43ea291bf8f4" testId="c85bd1df-f5c9-a74e-03cb-51ae5a966b18" testName="CreateDirTest" computerName="OUJUN-PC" duration="00:00:00.0019369" startTime="2011-01-09T15:03:06.5763828+08:00" endTime="2011-01-09T15:03:06.5851719+08:00" testType="13cdc9d9-ddb5-4fa4-a97d-d965ccfc6d4b" outcome="Passed" testListId="8c84fa94-04c1-424b-9868-57a2d4851a1d">
      <Output>
      </Output>
    </UnitTestResult>
    <UnitTestResult executionId="df42d6d6-6bb4-4d7d-9561-a47fc7128bb3" testId="aa1c672f-deac-5517-8626-c3562f752d29" testName="DelDirTest" computerName="OUJUN-PC" duration="00:00:00.0022870" startTime="2011-01-09T15:03:06.5929844+08:00" endTime="2011-01-09T15:03:06.6007969+08:00" testType="13cdc9d9-ddb5-4fa4-a97d-d965ccfc6d4b" outcome="Passed" testListId="8c84fa94-04c1-424b-9868-57a2d4851a1d">
      <Output>
      </Output>
    </UnitTestResult>
    <UnitTestResult executionId="84cd8633-fae2-4967-9c6d-ed5f7b4449e5" testId="4b63a06f-9885-091f-ef14-0a354e103e54" testName="GetParentPathTest" computerName="OUJUN-PC" duration="00:00:00.0007135" startTime="2011-01-09T15:03:06.6105625+08:00" endTime="2011-01-09T15:03:06.6164219+08:00" testType="13cdc9d9-ddb5-4fa4-a97d-d965ccfc6d4b" outcome="Passed" testListId="8c84fa94-04c1-424b-9868-57a2d4851a1d">
      <Output>
      </Output>
    </UnitTestResult>
    <UnitTestResult executionId="7433a6cc-a099-47a4-8043-00c22397357c" testId="a9907a87-e931-0fbb-5120-eb8b90749c91" testName="CopyFilesExtTest" computerName="OUJUN-PC" duration="00:00:00.1439524" startTime="2011-01-09T15:03:06.6437656+08:00" endTime="2011-01-09T15:03:06.7970859+08:00" testType="13cdc9d9-ddb5-4fa4-a97d-d965ccfc6d4b" outcome="Passed" testListId="8c84fa94-04c1-424b-9868-57a2d4851a1d">
      <Output>
      </Output>
    </UnitTestResult>
    <UnitTestResult executionId="be5ed623-4969-4047-90d5-0704b74bfcac" testId="6b320bcc-4da7-e499-316c-a90c5fec1e9f" testName="CopyDirExtTest" computerName="OUJUN-PC" duration="00:00:00.0097194" startTime="2011-01-09T15:03:06.8097813+08:00" endTime="2011-01-09T15:03:06.8254063+08:00" testType="13cdc9d9-ddb5-4fa4-a97d-d965ccfc6d4b" outcome="Passed" testListId="8c84fa94-04c1-424b-9868-57a2d4851a1d">
      <Output>
      </Output>
    </UnitTestResult>
    <UnitTestResult executionId="e88fd90c-e51e-44c5-a391-711ead70fc46" testId="54a7f750-b04b-c012-a7e8-dafee4bd00f9" testName="BookConstructorTest" computerName="OUJUN-PC" duration="00:00:00.0044906" startTime="2011-01-09T15:03:06.8332188+08:00" endTime="2011-01-09T15:03:06.8429844+08:00" testType="13cdc9d9-ddb5-4fa4-a97d-d965ccfc6d4b" outcome="Passed" testListId="8c84fa94-04c1-424b-9868-57a2d4851a1d">
      <Output>
      </Output>
    </UnitTestResult>
    <UnitTestResult executionId="0450cc8f-b36d-492a-9e4a-a6a050653e8f" testId="c05ede38-2791-b312-2879-8d65bf73fd94" testName="BookConstructorTest1" computerName="OUJUN-PC" duration="00:00:00.0004765" startTime="2011-01-09T15:03:06.8527500+08:00" endTime="2011-01-09T15:03:06.8586094+08:00" testType="13cdc9d9-ddb5-4fa4-a97d-d965ccfc6d4b" outcome="Passed" testListId="8c84fa94-04c1-424b-9868-57a2d4851a1d">
      <Output>
      </Output>
    </UnitTestResult>
    <UnitTestResult executionId="f5f64bd9-1deb-4a7e-9da6-8b104e3d8740" testId="1e655fec-4128-95dd-6c75-d4fae3337339" testName="AuthorTest" computerName="OUJUN-PC" duration="00:00:00.0006306" startTime="2011-01-09T15:03:06.8693516+08:00" endTime="2011-01-09T15:03:06.8752109+08:00" testType="13cdc9d9-ddb5-4fa4-a97d-d965ccfc6d4b" outcome="Passed" testListId="8c84fa94-04c1-424b-9868-57a2d4851a1d">
      <Output>
      </Output>
    </UnitTestResult>
    <UnitTestResult executionId="aa9b255f-d987-49f2-8f82-e5a7ec57ca8a" testId="c8df8285-b6e9-ff80-79cf-4c1cb9fb54cb" testName="DateTest" computerName="OUJUN-PC" duration="00:00:00.0006147" startTime="2011-01-09T15:03:06.8859531+08:00" endTime="2011-01-09T15:03:06.8918125+08:00" testType="13cdc9d9-ddb5-4fa4-a97d-d965ccfc6d4b" outcome="Passed" testListId="8c84fa94-04c1-424b-9868-57a2d4851a1d">
      <Output>
      </Output>
    </UnitTestResult>
    <UnitTestResult executionId="4091ff6a-52ff-43ec-8144-8c96c04b68d6" testId="3d730d73-27b1-9b8d-7120-843d5d4f105e" testName="DescriptionTest" computerName="OUJUN-PC" duration="00:00:00.0006587" startTime="2011-01-09T15:03:06.9025547+08:00" endTime="2011-01-09T15:03:06.9084141+08:00" testType="13cdc9d9-ddb5-4fa4-a97d-d965ccfc6d4b" outcome="Passed" testListId="8c84fa94-04c1-424b-9868-57a2d4851a1d">
      <Output>
      </Output>
    </UnitTestResult>
    <UnitTestResult executionId="150fffd1-5626-492e-bc3b-a4cfe4ead766" testId="e6f610f5-d53a-9081-bbad-5e133df8f67b" testName="NameTest" computerName="OUJUN-PC" duration="00:00:00.0006142" startTime="2011-01-09T15:03:06.9181797+08:00" endTime="2011-01-09T15:03:06.9240391+08:00" testType="13cdc9d9-ddb5-4fa4-a97d-d965ccfc6d4b" outcome="Passed" testListId="8c84fa94-04c1-424b-9868-57a2d4851a1d">
      <Output>
      </Output>
    </UnitTestResult>
    <UnitTestResult executionId="eef6980d-ceb8-4fc3-bea6-6e6dddea1e11" testId="385238eb-0e86-cab3-edcc-952ab494f745" testName="GetNewNodeTest" computerName="OUJUN-PC" duration="00:00:00.0530977" startTime="2011-01-09T15:03:06.9318516+08:00" endTime="2011-01-09T15:03:06.9914219+08:00" testType="13cdc9d9-ddb5-4fa4-a97d-d965ccfc6d4b" outcome="Passed" testListId="8c84fa94-04c1-424b-9868-57a2d4851a1d">
      <Output>
      </Output>
    </UnitTestResult>
    <UnitTestResult executionId="9a885a9b-b0a5-4163-ae86-40df873dbc79" testId="2efad361-4af2-b529-ac09-b5b305b3dc5d" testName="ContainNodeTest" computerName="OUJUN-PC" duration="00:00:00.0009710" startTime="2011-01-09T15:03:07.0011875+08:00" endTime="2011-01-09T15:03:07.0090000+08:00" testType="13cdc9d9-ddb5-4fa4-a97d-d965ccfc6d4b" outcome="Passed" testListId="8c84fa94-04c1-424b-9868-57a2d4851a1d">
      <Output>
      </Output>
    </UnitTestResult>
    <UnitTestResult executionId="702848e1-fe34-483c-aa1d-ab4032ca44b4" testId="12f37cbd-9345-5dc8-b845-2a7f0f9298cb" testName="GetNewListItemTest" computerName="OUJUN-PC" duration="00:00:00.0038242" startTime="2011-01-09T15:03:07.0177891+08:00" endTime="2011-01-09T15:03:07.0275547+08:00" testType="13cdc9d9-ddb5-4fa4-a97d-d965ccfc6d4b" outcome="Passed" testListId="8c84fa94-04c1-424b-9868-57a2d4851a1d">
      <Output>
      </Output>
    </UnitTestResult>
    <UnitTestResult executionId="87b4b637-a2cb-45c6-b9f3-4bd02032b963" testId="e217c5dc-0a15-ad75-020f-d43885fa6bc4" testName="CanDragTest" computerName="OUJUN-PC" duration="00:00:00.0024703" startTime="2011-01-09T15:03:07.0500156+08:00" endTime="2011-01-09T15:03:07.0588047+08:00" testType="13cdc9d9-ddb5-4fa4-a97d-d965ccfc6d4b" outcome="Passed" testListId="8c84fa94-04c1-424b-9868-57a2d4851a1d">
      <Output>
      </Output>
    </UnitTestResult>
    <UnitTestResult executionId="294ddc8a-8d6f-4eda-8e59-031b2d860c0c" testId="98d10aa3-ff17-648b-cc7e-ed011c1423e2" testName="AnalyseCurNodeTest" computerName="OUJUN-PC" duration="00:00:00.0028449" startTime="2011-01-09T15:03:07.0705234+08:00" endTime="2011-01-09T15:03:07.0793125+08:00" testType="13cdc9d9-ddb5-4fa4-a97d-d965ccfc6d4b" outcome="Passed" testListId="8c84fa94-04c1-424b-9868-57a2d4851a1d">
      <Output>
      </Output>
    </UnitTestResult>
    <UnitTestResult executionId="bc7a1564-6416-47d4-9598-9edb6e662723" testId="be9f75e5-decf-6223-5081-6fe6becf3c26" testName="CreateBookNodeTest" computerName="OUJUN-PC" duration="00:00:04.7173100" startTime="2011-01-09T15:03:07.0910313+08:00" endTime="2011-01-09T15:03:11.8263828+08:00" testType="13cdc9d9-ddb5-4fa4-a97d-d965ccfc6d4b" outcome="Passed" testListId="8c84fa94-04c1-424b-9868-57a2d4851a1d">
      <Output>
        <DebugTrace>未将对象引用设置到对象的实例。
       在 read_more.FormUtil.CreateBookNode(TreeNode node) 位置 C:\Users\oujun\Desktop\read_more\read_more\read_more Beta\FormUtil.cs:行号 350
----------------------------------------------------------------------
</DebugTrace>
      </Output>
    </UnitTestResult>
    <UnitTestResult executionId="5ca83726-94f0-4400-bee6-d3ce1ebdcc39" testId="6cb14709-22bb-4299-3ea7-c19c58578070" testName="OutputBookListConstructorTest" computerName="OUJUN-PC" duration="00:00:00.0024349" startTime="2011-01-09T15:03:11.9191563+08:00" endTime="2011-01-09T15:03:11.9406406+08:00" testType="13cdc9d9-ddb5-4fa4-a97d-d965ccfc6d4b" outcome="Passed" testListId="8c84fa94-04c1-424b-9868-57a2d4851a1d">
      <Output>
      </Output>
    </UnitTestResult>
    <UnitTestResult executionId="ae41c799-9724-401e-ba05-58675464eaea" testId="02b1d76b-a05d-2aa7-8d32-a7c54074278d" testName="AddOutputRangeTest" computerName="OUJUN-PC" duration="00:00:00.0005835" startTime="2011-01-09T15:03:11.9562656+08:00" endTime="2011-01-09T15:03:11.9670078+08:00" testType="13cdc9d9-ddb5-4fa4-a97d-d965ccfc6d4b" outcome="Passed" testListId="8c84fa94-04c1-424b-9868-57a2d4851a1d">
      <Output>
      </Output>
    </UnitTestResult>
    <UnitTestResult executionId="b9e2cb20-a09b-4ab2-baef-db84848768c0" testId="61be7fd1-b218-c6af-eb95-e528cd771065" testName="GetInstanceTest" computerName="OUJUN-PC" duration="00:00:00.0010846" startTime="2011-01-09T15:03:11.9884922+08:00" endTime="2011-01-09T15:03:11.9982578+08:00" testType="13cdc9d9-ddb5-4fa4-a97d-d965ccfc6d4b" outcome="Passed" testListId="8c84fa94-04c1-424b-9868-57a2d4851a1d">
      <Output>
      </Output>
    </UnitTestResult>
    <UnitTestResult executionId="9a78567c-dc18-4751-b38a-df34eb557f58" testId="86d40c7b-eb77-2b0c-a39d-84b96b346fc2" testName="WriteErrorTest" computerName="OUJUN-PC" duration="00:00:00.1785347" startTime="2011-01-09T15:03:12.0109531+08:00" endTime="2011-01-09T15:03:12.1984531+08:00" testType="13cdc9d9-ddb5-4fa4-a97d-d965ccfc6d4b" outcome="Failed" testListId="8c84fa94-04c1-424b-9868-57a2d4851a1d">
      <Output>
        <ErrorInfo>
          <Message>测试方法 TestProjectReadMore.TraceLogTest.WriteErrorTest 引发异常:  System.IO.IOException: 文件“D:\VS2008\Common7\IDE\errorlog.log”正由另一进程使用，因此该进程无法访问该文件。。</Message>
          <StackTrace>    在 System.IO.__Error.WinIOError(Int32 errorCode, String maybeFullPath)
   在 System.IO.FileStream.Init(String path, FileMode mode, FileAccess access, Int32 rights, Boolean useRights, FileShare share, Int32 bufferSize, FileOptions options, SECURITY_ATTRIBUTES secAttrs, String msgPath, Boolean bFromProxy)
   在 System.IO.FileStream..ctor(String path, FileMode mode, FileAccess access, FileShare share, Int32 bufferSize, FileOptions options)
   在 System.IO.StreamWriter.CreateFile(String path, Boolean append)
   在 System.IO.StreamWriter..ctor(String path, Boolean append, Encoding encoding, Int32 bufferSize)
   在 System.IO.StreamWriter..ctor(String path, Boolean append)
   在 read_more.TraceLog..ctor() 位置 C:\Users\oujun\Desktop\read_more\read_more\read_more Beta\TraceLog.cs:行号 13
   在 read_more.TraceLog_Accessor..ctor()
   在 TestProjectReadMore.TraceLogTest.WriteErrorTest() 位置 C:\Users\oujun\Desktop\read_more\read_more\read_more Beta\TestProjectReadMore\TraceLogTest.cs:行号 88
</StackTrace>
        </ErrorInfo>
      </Output>
    </UnitTestResult>
    <UnitTestResult executionId="87643222-08da-4755-89fc-f29022af1b94" testId="30746bd2-70a6-0f2a-272f-a06e14730683" testName="CompareTest" computerName="OUJUN-PC" duration="00:00:00.0024713" startTime="2011-01-09T15:03:12.2668125+08:00" endTime="2011-01-09T15:03:12.2834141+08:00" testType="13cdc9d9-ddb5-4fa4-a97d-d965ccfc6d4b" outcome="Passed" testListId="8c84fa94-04c1-424b-9868-57a2d4851a1d">
      <Output>
      </Output>
    </UnitTestResult>
    <UnitTestResult executionId="ce5371a5-e9ea-46a8-bf64-2faafae64d44" testId="ebc66cce-4bbd-2489-f8af-0d6ed9ed89e2" testName="SortComparerTest" computerName="OUJUN-PC" duration="00:00:00.0019113" startTime="2011-01-09T15:03:12.3615391+08:00" endTime="2011-01-09T15:03:12.3732578+08:00" testType="13cdc9d9-ddb5-4fa4-a97d-d965ccfc6d4b" outcome="Passed" testListId="8c84fa94-04c1-424b-9868-57a2d4851a1d">
      <Output>
      </Output>
    </UnitTestResult>
    <UnitTestResult executionId="38fb4ed0-df0a-4af1-93f1-0d94ee757443" testId="51922d2d-e8a5-fb4d-50bc-6d7c28030113" testName="SearchRangeTest" computerName="OUJUN-PC" duration="00:00:00.0008456" startTime="2011-01-09T15:03:12.3849766+08:00" endTime="2011-01-09T15:03:12.3937656+08:00" testType="13cdc9d9-ddb5-4fa4-a97d-d965ccfc6d4b" outcome="Passed" testListId="8c84fa94-04c1-424b-9868-57a2d4851a1d">
      <Output>
      </Output>
    </UnitTestResult>
    <UnitTestResult executionId="4c4382b7-e201-4d98-a1d6-47f3ae6d901c" testId="a3580d04-9c1b-f1d0-22d4-2bde5b4bcc59" testName="PathTest" computerName="OUJUN-PC" duration="00:00:00.0010329" startTime="2011-01-09T15:03:12.4103672+08:00" endTime="2011-01-09T15:03:12.4191563+08:00" testType="13cdc9d9-ddb5-4fa4-a97d-d965ccfc6d4b" outcome="Passed" testListId="8c84fa94-04c1-424b-9868-57a2d4851a1d">
      <Output>
      </Output>
    </UnitTestResult>
    <UnitTestResult executionId="5b01f309-9811-405d-994c-bbd8b9dc7b29" testId="cdec032f-89bc-0555-bb46-633fe28ceeb8" testName="KeyWordTest" computerName="OUJUN-PC" duration="00:00:00.0008635" startTime="2011-01-09T15:03:12.4338047+08:00" endTime="2011-01-09T15:03:12.4425938+08:00" testType="13cdc9d9-ddb5-4fa4-a97d-d965ccfc6d4b" outcome="Passed" testListId="8c84fa94-04c1-424b-9868-57a2d4851a1d">
      <Output>
      </Output>
    </UnitTestResult>
    <UnitTestResult executionId="d0787f2e-416b-4fa3-956f-dd22ec8efb39" testId="c4943f26-5feb-c14d-655c-abd2db40d8c4" testName="IsFilterFileTypeTest" computerName="OUJUN-PC" duration="00:00:00.0007181" startTime="2011-01-09T15:03:12.4543125+08:00" endTime="2011-01-09T15:03:12.4631016+08:00" testType="13cdc9d9-ddb5-4fa4-a97d-d965ccfc6d4b" outcome="Passed" testListId="8c84fa94-04c1-424b-9868-57a2d4851a1d">
      <Output>
      </Output>
    </UnitTestResult>
    <UnitTestResult executionId="a28fbc84-1a83-4066-b0c7-0368594eafec" testId="3f401980-89cc-9094-e123-766bcfb45d55" testName="IsFilterDateTest" computerName="OUJUN-PC" duration="00:00:00.0007836" startTime="2011-01-09T15:03:12.4728672+08:00" endTime="2011-01-09T15:03:12.4806797+08:00" testType="13cdc9d9-ddb5-4fa4-a97d-d965ccfc6d4b" outcome="Passed" testListId="8c84fa94-04c1-424b-9868-57a2d4851a1d">
      <Output>
      </Output>
    </UnitTestResult>
    <UnitTestResult executionId="4b63c062-c40f-46ee-9c29-8d507f511da4" testId="0c87d715-4e5b-2495-3236-1aef9d3e644e" testName="FileTypeTest" computerName="OUJUN-PC" duration="00:00:00.0016057" startTime="2011-01-09T15:03:12.4953281+08:00" endTime="2011-01-09T15:03:12.5041172+08:00" testType="13cdc9d9-ddb5-4fa4-a97d-d965ccfc6d4b" outcome="Passed" testListId="8c84fa94-04c1-424b-9868-57a2d4851a1d">
      <Output>
      </Output>
    </UnitTestResult>
    <UnitTestResult executionId="84abcca6-d852-48f2-a4be-e8800f2b8902" testId="9f530c2d-9a5e-7986-34cf-f361249d188f" testName="ExtsTest" computerName="OUJUN-PC" duration="00:00:00.0007145" startTime="2011-01-09T15:03:12.5177891+08:00" endTime="2011-01-09T15:03:12.5265781+08:00" testType="13cdc9d9-ddb5-4fa4-a97d-d965ccfc6d4b" outcome="Passed" testListId="8c84fa94-04c1-424b-9868-57a2d4851a1d">
      <Output>
      </Output>
    </UnitTestResult>
  </Results>
</TestRun>