<?xml version="1.0" encoding="UTF-8"?>
<TestRun id="841f90a4-9571-4e24-b02a-f7b0ed877f21" name="oujun@OUJUN-PC 2011-01-09 14:58:21" runUser="oujun-PC\oujun" xmlns="http://microsoft.com/schemas/VisualStudio/TeamTest/2006">
  <TestRunConfiguration name="本地测试运行" id="77befa6a-4fce-432e-8fce-cb422d293a79">
    <Description>这是本地测试运行的默认测试运行配置。</Description>
    <Deployment runDeploymentRoot="C:\Users\oujun\Desktop\read_more\read_more\read_more Beta\TestResults\oujun_OUJUN-PC 2011-01-09 14_58_21">
      <DeploymentItem filename="C:\Users\oujun\Desktop\read_more\read_more\read_more Beta\bin\Debug\read_more.exe" />
    </Deployment>
    <TestTypeSpecific />
  </TestRunConfiguration>
  <ResultSummary outcome="Failed">
    <Counters total="26" executed="26" passed="24" error="0" failed="1" timeout="0" aborted="0" inconclusive="1" passedButRunAborted="0" notRunnable="0" notExecuted="0" disconnected="0" warning="0" completed="0" inProgress="0" pending="0" />
  </ResultSummary>
  <Times creation="2011-01-09T14:58:21.3244297+08:00" queuing="2011-01-09T14:58:26.7150547+08:00" start="2011-01-09T14:58:27.1730625+08:00" finish="2011-01-09T14:58:30.5881016+08:00" />
  <TestDefinitions>
    <UnitTest name="GetRelativeAppDirTest" storage="c:\users\oujun\desktop\read_more\read_more\read_more beta\testprojectreadmore\bin\debug\testprojectreadmore.dll" id="c23b9e62-2b38-abf3-74fe-976b3e963270">
      <Css projectStructure="" iteration="" />
      <Owners>
        <Owner name="" />
      </Owners>
      <Execution id="67fa1f10-d9d8-4381-b021-05a983c635b8" />
      <TestMethod codeBase="C:\Users\oujun\Desktop\read_more\read_more\read_more Beta\TestProjectReadMore\bin\Debug\TestProjectReadMore.dll" adapterTypeName="Microsoft.VisualStudio.TestTools.TestTypes.Unit.UnitTestAdapter, Microsoft.VisualStudio.QualityTools.Tips.UnitTest.Adapter, Version=9.0.0.0, Culture=neutral, PublicKeyToken=b03f5f7f11d50a3a" className="TestProjectReadMore.CommonUtilTest, TestProjectReadMore" name="GetRelativeAppDirTest" />
    </UnitTest>
    <UnitTest name="SortTypeConstructorTest" storage="c:\users\oujun\desktop\read_more\read_more\read_more beta\testprojectreadmore\bin\debug\testprojectreadmore.dll" id="e62dc69d-e9dc-cfff-2117-6c35b2b7e98f">
      <Css projectStructure="" iteration="" />
      <Owners>
        <Owner name="" />
      </Owners>
      <Execution id="83604404-e661-4419-b1d7-8878609cbf06" />
      <TestMethod codeBase="C:\Users\oujun\Desktop\read_more\read_more\read_more Beta\TestProjectReadMore\bin\Debug\TestProjectReadMore.dll" adapterTypeName="Microsoft.VisualStudio.TestTools.TestTypes.Unit.UnitTestAdapter, Microsoft.VisualStudio.QualityTools.Tips.UnitTest.Adapter, Version=9.0.0.0, Culture=neutral, PublicKeyToken=b03f5f7f11d50a3a" className="TestProjectReadMore.SortTypeTest, TestProjectReadMore" name="SortTypeConstructorTest" />
    </UnitTest>
    <UnitTest name="CompareTest" storage="c:\users\oujun\desktop\read_more\read_more\read_more beta\testprojectreadmore\bin\debug\testprojectreadmore.dll" id="30746bd2-70a6-0f2a-272f-a06e14730683">
      <Css projectStructure="" iteration="" />
      <Owners>
        <Owner name="" />
      </Owners>
      <Execution id="2f58c952-4066-4c24-8b24-f4a10e907b35" />
      <TestMethod codeBase="C:\Users\oujun\Desktop\read_more\read_more\read_more Beta\TestProjectReadMore\bin\Debug\TestProjectReadMore.dll" adapterTypeName="Microsoft.VisualStudio.TestTools.TestTypes.Unit.UnitTestAdapter, Microsoft.VisualStudio.QualityTools.Tips.UnitTest.Adapter, Version=9.0.0.0, Culture=neutral, PublicKeyToken=b03f5f7f11d50a3a" className="TestProjectReadMore.SortTypeTest, TestProjectReadMore" name="CompareTest" />
    </UnitTest>
    <UnitTest name="CopyDirExtTest" storage="c:\users\oujun\desktop\read_more\read_more\read_more beta\testprojectreadmore\bin\debug\testprojectreadmore.dll" id="6b320bcc-4da7-e499-316c-a90c5fec1e9f">
      <Css projectStructure="" iteration="" />
      <Owners>
        <Owner name="" />
      </Owners>
      <Execution id="586b4972-156f-42ee-9292-1d35e022ff98" />
      <TestMethod codeBase="C:\Users\oujun\Desktop\read_more\read_more\read_more Beta\TestProjectReadMore\bin\Debug\TestProjectReadMore.dll" adapterTypeName="Microsoft.VisualStudio.TestTools.TestTypes.Unit.UnitTestAdapter, Microsoft.VisualStudio.QualityTools.Tips.UnitTest.Adapter, Version=9.0.0.0, Culture=neutral, PublicKeyToken=b03f5f7f11d50a3a" className="TestProjectReadMore.CommonUtilTest, TestProjectReadMore" name="CopyDirExtTest" />
    </UnitTest>
    <UnitTest name="GetFolderNameTest" storage="c:\users\oujun\desktop\read_more\read_more\read_more beta\testprojectreadmore\bin\debug\testprojectreadmore.dll" id="52fd6cca-514c-504a-c1ca-f22d224aa47c">
      <Css projectStructure="" iteration="" />
      <Owners>
        <Owner name="" />
      </Owners>
      <Execution id="cf08f2e3-be53-4ec9-945b-21fd1da85c70" />
      <TestMethod codeBase="C:\Users\oujun\Desktop\read_more\read_more\read_more Beta\TestProjectReadMore\bin\Debug\TestProjectReadMore.dll" adapterTypeName="Microsoft.VisualStudio.TestTools.TestTypes.Unit.UnitTestAdapter, Microsoft.VisualStudio.QualityTools.Tips.UnitTest.Adapter, Version=9.0.0.0, Culture=neutral, PublicKeyToken=b03f5f7f11d50a3a" className="TestProjectReadMore.CommonUtilTest, TestProjectReadMore" name="GetFolderNameTest" />
    </UnitTest>
    <UnitTest name="CreateBookNodeTest" storage="c:\users\oujun\desktop\read_more\read_more\read_more beta\testprojectreadmore\bin\debug\testprojectreadmore.dll" id="be9f75e5-decf-6223-5081-6fe6becf3c26">
      <Css projectStructure="" iteration="" />
      <Owners>
        <Owner name="" />
      </Owners>
      <Execution id="82a2782d-ff8c-4c28-a3fd-7f061d2b94a0" />
      <TestMethod codeBase="C:\Users\oujun\Desktop\read_more\read_more\read_more Beta\TestProjectReadMore\bin\Debug\TestProjectReadMore.dll" adapterTypeName="Microsoft.VisualStudio.TestTools.TestTypes.Unit.UnitTestAdapter, Microsoft.VisualStudio.QualityTools.Tips.UnitTest.Adapter, Version=9.0.0.0, Culture=neutral, PublicKeyToken=b03f5f7f11d50a3a" className="TestProjectReadMore.FormUtilTest, TestProjectReadMore" name="CreateBookNodeTest" />
    </UnitTest>
    <UnitTest name="AnalyseCurNodeTest" storage="c:\users\oujun\desktop\read_more\read_more\read_more beta\testprojectreadmore\bin\debug\testprojectreadmore.dll" id="98d10aa3-ff17-648b-cc7e-ed011c1423e2">
      <Css projectStructure="" iteration="" />
      <Owners>
        <Owner name="" />
      </Owners>
      <Execution id="751fcc55-6224-4c97-b53e-a5b281464cc8" />
      <TestMethod codeBase="C:\Users\oujun\Desktop\read_more\read_more\read_more Beta\TestProjectReadMore\bin\Debug\TestProjectReadMore.dll" adapterTypeName="Microsoft.VisualStudio.TestTools.TestTypes.Unit.UnitTestAdapter, Microsoft.VisualStudio.QualityTools.Tips.UnitTest.Adapter, Version=9.0.0.0, Culture=neutral, PublicKeyToken=b03f5f7f11d50a3a" className="TestProjectReadMore.FormUtilTest, TestProjectReadMore" name="AnalyseCurNodeTest" />
    </UnitTest>
    <UnitTest name="GetFileNameTest" storage="c:\users\oujun\desktop\read_more\read_more\read_more beta\testprojectreadmore\bin\debug\testprojectreadmore.dll" id="79458f1c-03c9-40c6-ec04-fec1e5a0f6aa">
      <Css projectStructure="" iteration="" />
      <Owners>
        <Owner name="" />
      </Owners>
      <Execution id="9efd26a7-bc8a-414a-a92b-0e53733ec546" />
      <TestMethod codeBase="C:\Users\oujun\Desktop\read_more\read_more\read_more Beta\TestProjectReadMore\bin\Debug\TestProjectReadMore.dll" adapterTypeName="Microsoft.VisualStudio.TestTools.TestTypes.Unit.UnitTestAdapter, Microsoft.VisualStudio.QualityTools.Tips.UnitTest.Adapter, Version=9.0.0.0, Culture=neutral, PublicKeyToken=b03f5f7f11d50a3a" className="TestProjectReadMore.CommonUtilTest, TestProjectReadMore" name="GetFileNameTest" />
    </UnitTest>
    <UnitTest name="BookConstructorTest" storage="c:\users\oujun\desktop\read_more\read_more\read_more beta\testprojectreadmore\bin\debug\testprojectreadmore.dll" id="54a7f750-b04b-c012-a7e8-dafee4bd00f9">
      <Css projectStructure="" iteration="" />
      <Owners>
        <Owner name="" />
      </Owners>
      <Execution id="4ebe7073-1bc7-42c2-95ea-41f6450c0fe4" />
      <TestMethod codeBase="C:\Users\oujun\Desktop\read_more\read_more\read_more Beta\TestProjectReadMore\bin\Debug\TestProjectReadMore.dll" adapterTypeName="Microsoft.VisualStudio.TestTools.TestTypes.Unit.UnitTestAdapter, Microsoft.VisualStudio.QualityTools.Tips.UnitTest.Adapter, Version=9.0.0.0, Culture=neutral, PublicKeyToken=b03f5f7f11d50a3a" className="TestProjectReadMore.BookTest, TestProjectReadMore" name="BookConstructorTest" />
    </UnitTest>
    <UnitTest name="BookConstructorTest1" storage="c:\users\oujun\desktop\read_more\read_more\read_more beta\testprojectreadmore\bin\debug\testprojectreadmore.dll" id="c05ede38-2791-b312-2879-8d65bf73fd94">
      <Css projectStructure="" iteration="" />
      <Owners>
        <Owner name="" />
      </Owners>
      <Execution id="a4e27980-bee1-43be-a149-176528f2131d" />
      <TestMethod codeBase="C:\Users\oujun\Desktop\read_more\read_more\read_more Beta\TestProjectReadMore\bin\Debug\TestProjectReadMore.dll" adapterTypeName="Microsoft.VisualStudio.TestTools.TestTypes.Unit.UnitTestAdapter, Microsoft.VisualStudio.QualityTools.Tips.UnitTest.Adapter, Version=9.0.0.0, Culture=neutral, PublicKeyToken=b03f5f7f11d50a3a" className="TestProjectReadMore.BookTest, TestProjectReadMore" name="BookConstructorTest1" />
    </UnitTest>
    <UnitTest name="ContainNodeTest" storage="c:\users\oujun\desktop\read_more\read_more\read_more beta\testprojectreadmore\bin\debug\testprojectreadmore.dll" id="2efad361-4af2-b529-ac09-b5b305b3dc5d">
      <Css projectStructure="" iteration="" />
      <Owners>
        <Owner name="" />
      </Owners>
      <Execution id="0146b79c-8cdc-4e57-801b-4ca6f0f20f0c" />
      <TestMethod codeBase="C:\Users\oujun\Desktop\read_more\read_more\read_more Beta\TestProjectReadMore\bin\Debug\TestProjectReadMore.dll" adapterTypeName="Microsoft.VisualStudio.TestTools.TestTypes.Unit.UnitTestAdapter, Microsoft.VisualStudio.QualityTools.Tips.UnitTest.Adapter, Version=9.0.0.0, Culture=neutral, PublicKeyToken=b03f5f7f11d50a3a" className="TestProjectReadMore.FormUtilTest, TestProjectReadMore" name="ContainNodeTest" />
    </UnitTest>
    <UnitTest name="OutputBookListConstructorTest" storage="c:\users\oujun\desktop\read_more\read_more\read_more beta\testprojectreadmore\bin\debug\testprojectreadmore.dll" id="6cb14709-22bb-4299-3ea7-c19c58578070">
      <Css projectStructure="" iteration="" />
      <Owners>
        <Owner name="" />
      </Owners>
      <Execution id="ae38894e-08e6-4145-bc38-7a0c7dd7f6cd" />
      <TestMethod codeBase="C:\Users\oujun\Desktop\read_more\read_more\read_more Beta\TestProjectReadMore\bin\Debug\TestProjectReadMore.dll" adapterTypeName="Microsoft.VisualStudio.TestTools.TestTypes.Unit.UnitTestAdapter, Microsoft.VisualStudio.QualityTools.Tips.UnitTest.Adapter, Version=9.0.0.0, Culture=neutral, PublicKeyToken=b03f5f7f11d50a3a" className="TestProjectReadMore.OutputBookListTest, TestProjectReadMore" name="OutputBookListConstructorTest" />
    </UnitTest>
    <UnitTest name="CopyFilesExtTest" storage="c:\users\oujun\desktop\read_more\read_more\read_more beta\testprojectreadmore\bin\debug\testprojectreadmore.dll" id="a9907a87-e931-0fbb-5120-eb8b90749c91">
      <Css projectStructure="" iteration="" />
      <Owners>
        <Owner name="" />
      </Owners>
      <DeploymentItems>
        <DeploymentItem filename="read_more.exe" />
      </DeploymentItems>
      <Execution id="540d162c-3fe3-425a-bfba-8233eb577461" />
      <TestMethod codeBase="C:\Users\oujun\Desktop\read_more\read_more\read_more Beta\TestProjectReadMore\bin\Debug\TestProjectReadMore.dll" adapterTypeName="Microsoft.VisualStudio.TestTools.TestTypes.Unit.UnitTestAdapter, Microsoft.VisualStudio.QualityTools.Tips.UnitTest.Adapter, Version=9.0.0.0, Culture=neutral, PublicKeyToken=b03f5f7f11d50a3a" className="TestProjectReadMore.CommonUtilTest, TestProjectReadMore" name="CopyFilesExtTest" />
    </UnitTest>
    <UnitTest name="GetNewNodeTest" storage="c:\users\oujun\desktop\read_more\read_more\read_more beta\testprojectreadmore\bin\debug\testprojectreadmore.dll" id="385238eb-0e86-cab3-edcc-952ab494f745">
      <Css projectStructure="" iteration="" />
      <Owners>
        <Owner name="" />
      </Owners>
      <Execution id="824d9cfa-2a49-4864-bf4b-e535b4808c9b" />
      <TestMethod codeBase="C:\Users\oujun\Desktop\read_more\read_more\read_more Beta\TestProjectReadMore\bin\Debug\TestProjectReadMore.dll" adapterTypeName="Microsoft.VisualStudio.TestTools.TestTypes.Unit.UnitTestAdapter, Microsoft.VisualStudio.QualityTools.Tips.UnitTest.Adapter, Version=9.0.0.0, Culture=neutral, PublicKeyToken=b03f5f7f11d50a3a" className="TestProjectReadMore.FormUtilTest, TestProjectReadMore" name="GetNewNodeTest" />
    </UnitTest>
    <UnitTest name="DescriptionTest" storage="c:\users\oujun\desktop\read_more\read_more\read_more beta\testprojectreadmore\bin\debug\testprojectreadmore.dll" id="3d730d73-27b1-9b8d-7120-843d5d4f105e">
      <Css projectStructure="" iteration="" />
      <Owners>
        <Owner name="" />
      </Owners>
      <Execution id="40f7cc5e-5cce-4edc-87ce-468ffdb16dba" />
      <TestMethod codeBase="C:\Users\oujun\Desktop\read_more\read_more\read_more Beta\TestProjectReadMore\bin\Debug\TestProjectReadMore.dll" adapterTypeName="Microsoft.VisualStudio.TestTools.TestTypes.Unit.UnitTestAdapter, Microsoft.VisualStudio.QualityTools.Tips.UnitTest.Adapter, Version=9.0.0.0, Culture=neutral, PublicKeyToken=b03f5f7f11d50a3a" className="TestProjectReadMore.BookTest, TestProjectReadMore" name="DescriptionTest" />
    </UnitTest>
    <UnitTest name="AuthorTest" storage="c:\users\oujun\desktop\read_more\read_more\read_more beta\testprojectreadmore\bin\debug\testprojectreadmore.dll" id="1e655fec-4128-95dd-6c75-d4fae3337339">
      <Css projectStructure="" iteration="" />
      <Owners>
        <Owner name="" />
      </Owners>
      <Execution id="031cf3d0-d01d-4ef7-bc55-2805f08cde3b" />
      <TestMethod codeBase="C:\Users\oujun\Desktop\read_more\read_more\read_more Beta\TestProjectReadMore\bin\Debug\TestProjectReadMore.dll" adapterTypeName="Microsoft.VisualStudio.TestTools.TestTypes.Unit.UnitTestAdapter, Microsoft.VisualStudio.QualityTools.Tips.UnitTest.Adapter, Version=9.0.0.0, Culture=neutral, PublicKeyToken=b03f5f7f11d50a3a" className="TestProjectReadMore.BookTest, TestProjectReadMore" name="AuthorTest" />
    </UnitTest>
    <UnitTest name="GetNewListItemTest" storage="c:\users\oujun\desktop\read_more\read_more\read_more beta\testprojectreadmore\bin\debug\testprojectreadmore.dll" id="12f37cbd-9345-5dc8-b845-2a7f0f9298cb">
      <Css projectStructure="" iteration="" />
      <Owners>
        <Owner name="" />
      </Owners>
      <Execution id="097e1956-dbbb-4ea4-aa7c-3aab0ff72388" />
      <TestMethod codeBase="C:\Users\oujun\Desktop\read_more\read_more\read_more Beta\TestProjectReadMore\bin\Debug\TestProjectReadMore.dll" adapterTypeName="Microsoft.VisualStudio.TestTools.TestTypes.Unit.UnitTestAdapter, Microsoft.VisualStudio.QualityTools.Tips.UnitTest.Adapter, Version=9.0.0.0, Culture=neutral, PublicKeyToken=b03f5f7f11d50a3a" className="TestProjectReadMore.FormUtilTest, TestProjectReadMore" name="GetNewListItemTest" />
    </UnitTest>
    <UnitTest name="NameTest" storage="c:\users\oujun\desktop\read_more\read_more\read_more beta\testprojectreadmore\bin\debug\testprojectreadmore.dll" id="e6f610f5-d53a-9081-bbad-5e133df8f67b">
      <Css projectStructure="" iteration="" />
      <Owners>
        <Owner name="" />
      </Owners>
      <Execution id="7e27f621-c90e-4aef-b520-2bd026b31ec7" />
      <TestMethod codeBase="C:\Users\oujun\Desktop\read_more\read_more\read_more Beta\TestProjectReadMore\bin\Debug\TestProjectReadMore.dll" adapterTypeName="Microsoft.VisualStudio.TestTools.TestTypes.Unit.UnitTestAdapter, Microsoft.VisualStudio.QualityTools.Tips.UnitTest.Adapter, Version=9.0.0.0, Culture=neutral, PublicKeyToken=b03f5f7f11d50a3a" className="TestProjectReadMore.BookTest, TestProjectReadMore" name="NameTest" />
    </UnitTest>
    <UnitTest name="WriteErrorTest" storage="c:\users\oujun\desktop\read_more\read_more\read_more beta\testprojectreadmore\bin\debug\testprojectreadmore.dll" id="86d40c7b-eb77-2b0c-a39d-84b96b346fc2">
      <Css projectStructure="" iteration="" />
      <Owners>
        <Owner name="" />
      </Owners>
      <Execution id="917bd143-428b-4fc7-8061-34bbbfccb0b5" />
      <TestMethod codeBase="C:\Users\oujun\Desktop\read_more\read_more\read_more Beta\TestProjectReadMore\bin\Debug\TestProjectReadMore.dll" adapterTypeName="Microsoft.VisualStudio.TestTools.TestTypes.Unit.UnitTestAdapter, Microsoft.VisualStudio.QualityTools.Tips.UnitTest.Adapter, Version=9.0.0.0, Culture=neutral, PublicKeyToken=b03f5f7f11d50a3a" className="TestProjectReadMore.TraceLogTest, TestProjectReadMore" name="WriteErrorTest" />
    </UnitTest>
    <UnitTest name="GetParentPathTest" storage="c:\users\oujun\desktop\read_more\read_more\read_more beta\testprojectreadmore\bin\debug\testprojectreadmore.dll" id="4b63a06f-9885-091f-ef14-0a354e103e54">
      <Css projectStructure="" iteration="" />
      <Owners>
        <Owner name="" />
      </Owners>
      <Execution id="63740426-13d9-41d8-967e-f1a6f4e7bcb4" />
      <TestMethod codeBase="C:\Users\oujun\Desktop\read_more\read_more\read_more Beta\TestProjectReadMore\bin\Debug\TestProjectReadMore.dll" adapterTypeName="Microsoft.VisualStudio.TestTools.TestTypes.Unit.UnitTestAdapter, Microsoft.VisualStudio.QualityTools.Tips.UnitTest.Adapter, Version=9.0.0.0, Culture=neutral, PublicKeyToken=b03f5f7f11d50a3a" className="TestProjectReadMore.CommonUtilTest, TestProjectReadMore" name="GetParentPathTest" />
    </UnitTest>
    <UnitTest name="GetInstanceTest" storage="c:\users\oujun\desktop\read_more\read_more\read_more beta\testprojectreadmore\bin\debug\testprojectreadmore.dll" id="61be7fd1-b218-c6af-eb95-e528cd771065">
      <Css projectStructure="" iteration="" />
      <Owners>
        <Owner name="" />
      </Owners>
      <Execution id="dd9b70cc-bd55-4340-93f4-ca2d9baf438b" />
      <TestMethod codeBase="C:\Users\oujun\Desktop\read_more\read_more\read_more Beta\TestProjectReadMore\bin\Debug\TestProjectReadMore.dll" adapterTypeName="Microsoft.VisualStudio.TestTools.TestTypes.Unit.UnitTestAdapter, Microsoft.VisualStudio.QualityTools.Tips.UnitTest.Adapter, Version=9.0.0.0, Culture=neutral, PublicKeyToken=b03f5f7f11d50a3a" className="TestProjectReadMore.TraceLogTest, TestProjectReadMore" name="GetInstanceTest" />
    </UnitTest>
    <UnitTest name="CanDragTest" storage="c:\users\oujun\desktop\read_more\read_more\read_more beta\testprojectreadmore\bin\debug\testprojectreadmore.dll" id="e217c5dc-0a15-ad75-020f-d43885fa6bc4">
      <Css projectStructure="" iteration="" />
      <Owners>
        <Owner name="" />
      </Owners>
      <Execution id="1f118ad7-fb19-4cd4-a5e2-92daae9305a1" />
      <TestMethod codeBase="C:\Users\oujun\Desktop\read_more\read_more\read_more Beta\TestProjectReadMore\bin\Debug\TestProjectReadMore.dll" adapterTypeName="Microsoft.VisualStudio.TestTools.TestTypes.Unit.UnitTestAdapter, Microsoft.VisualStudio.QualityTools.Tips.UnitTest.Adapter, Version=9.0.0.0, Culture=neutral, PublicKeyToken=b03f5f7f11d50a3a" className="TestProjectReadMore.FormUtilTest, TestProjectReadMore" name="CanDragTest" />
    </UnitTest>
    <UnitTest name="DelDirTest" storage="c:\users\oujun\desktop\read_more\read_more\read_more beta\testprojectreadmore\bin\debug\testprojectreadmore.dll" id="aa1c672f-deac-5517-8626-c3562f752d29">
      <Css projectStructure="" iteration="" />
      <Owners>
        <Owner name="" />
      </Owners>
      <Execution id="0fedff42-1513-40e6-8358-39a727b21cc5" />
      <TestMethod codeBase="C:\Users\oujun\Desktop\read_more\read_more\read_more Beta\TestProjectReadMore\bin\Debug\TestProjectReadMore.dll" adapterTypeName="Microsoft.VisualStudio.TestTools.TestTypes.Unit.UnitTestAdapter, Microsoft.VisualStudio.QualityTools.Tips.UnitTest.Adapter, Version=9.0.0.0, Culture=neutral, PublicKeyToken=b03f5f7f11d50a3a" className="TestProjectReadMore.CommonUtilTest, TestProjectReadMore" name="DelDirTest" />
    </UnitTest>
    <UnitTest name="DateTest" storage="c:\users\oujun\desktop\read_more\read_more\read_more beta\testprojectreadmore\bin\debug\testprojectreadmore.dll" id="c8df8285-b6e9-ff80-79cf-4c1cb9fb54cb">
      <Css projectStructure="" iteration="" />
      <Owners>
        <Owner name="" />
      </Owners>
      <Execution id="250db8cc-35ee-4b37-943a-1faf00e0f5c0" />
      <TestMethod codeBase="C:\Users\oujun\Desktop\read_more\read_more\read_more Beta\TestProjectReadMore\bin\Debug\TestProjectReadMore.dll" adapterTypeName="Microsoft.VisualStudio.TestTools.TestTypes.Unit.UnitTestAdapter, Microsoft.VisualStudio.QualityTools.Tips.UnitTest.Adapter, Version=9.0.0.0, Culture=neutral, PublicKeyToken=b03f5f7f11d50a3a" className="TestProjectReadMore.BookTest, TestProjectReadMore" name="DateTest" />
    </UnitTest>
    <UnitTest name="AddOutputRangeTest" storage="c:\users\oujun\desktop\read_more\read_more\read_more beta\testprojectreadmore\bin\debug\testprojectreadmore.dll" id="02b1d76b-a05d-2aa7-8d32-a7c54074278d">
      <Css projectStructure="" iteration="" />
      <Owners>
        <Owner name="" />
      </Owners>
      <Execution id="9dde1b32-1e08-4cb1-8c14-70bc8a5cc2a9" />
      <TestMethod codeBase="C:\Users\oujun\Desktop\read_more\read_more\read_more Beta\TestProjectReadMore\bin\Debug\TestProjectReadMore.dll" adapterTypeName="Microsoft.VisualStudio.TestTools.TestTypes.Unit.UnitTestAdapter, Microsoft.VisualStudio.QualityTools.Tips.UnitTest.Adapter, Version=9.0.0.0, Culture=neutral, PublicKeyToken=b03f5f7f11d50a3a" className="TestProjectReadMore.OutputBookListTest, TestProjectReadMore" name="AddOutputRangeTest" />
    </UnitTest>
    <UnitTest name="CreateDirTest" storage="c:\users\oujun\desktop\read_more\read_more\read_more beta\testprojectreadmore\bin\debug\testprojectreadmore.dll" id="c85bd1df-f5c9-a74e-03cb-51ae5a966b18">
      <Css projectStructure="" iteration="" />
      <Owners>
        <Owner name="" />
      </Owners>
      <Execution id="c3553fa9-1fe3-4fdb-87cf-4e4897a8ec06" />
      <TestMethod codeBase="C:\Users\oujun\Desktop\read_more\read_more\read_more Beta\TestProjectReadMore\bin\Debug\TestProjectReadMore.dll" adapterTypeName="Microsoft.VisualStudio.TestTools.TestTypes.Unit.UnitTestAdapter, Microsoft.VisualStudio.QualityTools.Tips.UnitTest.Adapter, Version=9.0.0.0, Culture=neutral, PublicKeyToken=b03f5f7f11d50a3a" className="TestProjectReadMore.CommonUtilTest, TestProjectReadMore" name="CreateDirTest" />
    </UnitTest>
  </TestDefinitions>
  <TestLists>
    <TestList name="列表中未列出的结果" id="8c84fa94-04c1-424b-9868-57a2d4851a1d" />
    <TestList name="所有已加载的结果" id="19431567-8539-422a-85d7-44ee4e166bda" />
  </TestLists>
  <TestEntries>
    <TestEntry testId="c23b9e62-2b38-abf3-74fe-976b3e963270" executionId="67fa1f10-d9d8-4381-b021-05a983c635b8" testListId="8c84fa94-04c1-424b-9868-57a2d4851a1d" />
    <TestEntry testId="79458f1c-03c9-40c6-ec04-fec1e5a0f6aa" executionId="9efd26a7-bc8a-414a-a92b-0e53733ec546" testListId="8c84fa94-04c1-424b-9868-57a2d4851a1d" />
    <TestEntry testId="52fd6cca-514c-504a-c1ca-f22d224aa47c" executionId="cf08f2e3-be53-4ec9-945b-21fd1da85c70" testListId="8c84fa94-04c1-424b-9868-57a2d4851a1d" />
    <TestEntry testId="c85bd1df-f5c9-a74e-03cb-51ae5a966b18" executionId="c3553fa9-1fe3-4fdb-87cf-4e4897a8ec06" testListId="8c84fa94-04c1-424b-9868-57a2d4851a1d" />
    <TestEntry testId="aa1c672f-deac-5517-8626-c3562f752d29" executionId="0fedff42-1513-40e6-8358-39a727b21cc5" testListId="8c84fa94-04c1-424b-9868-57a2d4851a1d" />
    <TestEntry testId="4b63a06f-9885-091f-ef14-0a354e103e54" executionId="63740426-13d9-41d8-967e-f1a6f4e7bcb4" testListId="8c84fa94-04c1-424b-9868-57a2d4851a1d" />
    <TestEntry testId="a9907a87-e931-0fbb-5120-eb8b90749c91" executionId="540d162c-3fe3-425a-bfba-8233eb577461" testListId="8c84fa94-04c1-424b-9868-57a2d4851a1d" />
    <TestEntry testId="6b320bcc-4da7-e499-316c-a90c5fec1e9f" executionId="586b4972-156f-42ee-9292-1d35e022ff98" testListId="8c84fa94-04c1-424b-9868-57a2d4851a1d" />
    <TestEntry testId="54a7f750-b04b-c012-a7e8-dafee4bd00f9" executionId="4ebe7073-1bc7-42c2-95ea-41f6450c0fe4" testListId="8c84fa94-04c1-424b-9868-57a2d4851a1d" />
    <TestEntry testId="c05ede38-2791-b312-2879-8d65bf73fd94" executionId="a4e27980-bee1-43be-a149-176528f2131d" testListId="8c84fa94-04c1-424b-9868-57a2d4851a1d" />
    <TestEntry testId="1e655fec-4128-95dd-6c75-d4fae3337339" executionId="031cf3d0-d01d-4ef7-bc55-2805f08cde3b" testListId="8c84fa94-04c1-424b-9868-57a2d4851a1d" />
    <TestEntry testId="c8df8285-b6e9-ff80-79cf-4c1cb9fb54cb" executionId="250db8cc-35ee-4b37-943a-1faf00e0f5c0" testListId="8c84fa94-04c1-424b-9868-57a2d4851a1d" />
    <TestEntry testId="3d730d73-27b1-9b8d-7120-843d5d4f105e" executionId="40f7cc5e-5cce-4edc-87ce-468ffdb16dba" testListId="8c84fa94-04c1-424b-9868-57a2d4851a1d" />
    <TestEntry testId="e6f610f5-d53a-9081-bbad-5e133df8f67b" executionId="7e27f621-c90e-4aef-b520-2bd026b31ec7" testListId="8c84fa94-04c1-424b-9868-57a2d4851a1d" />
    <TestEntry testId="385238eb-0e86-cab3-edcc-952ab494f745" executionId="824d9cfa-2a49-4864-bf4b-e535b4808c9b" testListId="8c84fa94-04c1-424b-9868-57a2d4851a1d" />
    <TestEntry testId="2efad361-4af2-b529-ac09-b5b305b3dc5d" executionId="0146b79c-8cdc-4e57-801b-4ca6f0f20f0c" testListId="8c84fa94-04c1-424b-9868-57a2d4851a1d" />
    <TestEntry testId="12f37cbd-9345-5dc8-b845-2a7f0f9298cb" executionId="097e1956-dbbb-4ea4-aa7c-3aab0ff72388" testListId="8c84fa94-04c1-424b-9868-57a2d4851a1d" />
    <TestEntry testId="e217c5dc-0a15-ad75-020f-d43885fa6bc4" executionId="1f118ad7-fb19-4cd4-a5e2-92daae9305a1" testListId="8c84fa94-04c1-424b-9868-57a2d4851a1d" />
    <TestEntry testId="98d10aa3-ff17-648b-cc7e-ed011c1423e2" executionId="751fcc55-6224-4c97-b53e-a5b281464cc8" testListId="8c84fa94-04c1-424b-9868-57a2d4851a1d" />
    <TestEntry testId="be9f75e5-decf-6223-5081-6fe6becf3c26" executionId="82a2782d-ff8c-4c28-a3fd-7f061d2b94a0" testListId="8c84fa94-04c1-424b-9868-57a2d4851a1d" />
    <TestEntry testId="6cb14709-22bb-4299-3ea7-c19c58578070" executionId="ae38894e-08e6-4145-bc38-7a0c7dd7f6cd" testListId="8c84fa94-04c1-424b-9868-57a2d4851a1d" />
    <TestEntry testId="02b1d76b-a05d-2aa7-8d32-a7c54074278d" executionId="9dde1b32-1e08-4cb1-8c14-70bc8a5cc2a9" testListId="8c84fa94-04c1-424b-9868-57a2d4851a1d" />
    <TestEntry testId="61be7fd1-b218-c6af-eb95-e528cd771065" executionId="dd9b70cc-bd55-4340-93f4-ca2d9baf438b" testListId="8c84fa94-04c1-424b-9868-57a2d4851a1d" />
    <TestEntry testId="86d40c7b-eb77-2b0c-a39d-84b96b346fc2" executionId="917bd143-428b-4fc7-8061-34bbbfccb0b5" testListId="8c84fa94-04c1-424b-9868-57a2d4851a1d" />
    <TestEntry testId="30746bd2-70a6-0f2a-272f-a06e14730683" executionId="2f58c952-4066-4c24-8b24-f4a10e907b35" testListId="8c84fa94-04c1-424b-9868-57a2d4851a1d" />
    <TestEntry testId="e62dc69d-e9dc-cfff-2117-6c35b2b7e98f" executionId="83604404-e661-4419-b1d7-8878609cbf06" testListId="8c84fa94-04c1-424b-9868-57a2d4851a1d" />
  </TestEntries>
  <Results>
    <UnitTestResult executionId="67fa1f10-d9d8-4381-b021-05a983c635b8" testId="c23b9e62-2b38-abf3-74fe-976b3e963270" testName="GetRelativeAppDirTest" computerName="OUJUN-PC" duration="00:00:00.0426836" startTime="2011-01-09T14:58:27.3625156+08:00" endTime="2011-01-09T14:58:27.9562656+08:00" testType="13cdc9d9-ddb5-4fa4-a97d-d965ccfc6d4b" outcome="Passed" testListId="8c84fa94-04c1-424b-9868-57a2d4851a1d">
      <Output>
      </Output>
    </UnitTestResult>
    <UnitTestResult executionId="9efd26a7-bc8a-414a-a92b-0e53733ec546" testId="79458f1c-03c9-40c6-ec04-fec1e5a0f6aa" testName="GetFileNameTest" computerName="OUJUN-PC" duration="00:00:00.0008476" startTime="2011-01-09T14:58:27.9806797+08:00" endTime="2011-01-09T14:58:27.9884922+08:00" testType="13cdc9d9-ddb5-4fa4-a97d-d965ccfc6d4b" outcome="Passed" testListId="8c84fa94-04c1-424b-9868-57a2d4851a1d">
      <Output>
      </Output>
    </UnitTestResult>
    <UnitTestResult executionId="cf08f2e3-be53-4ec9-945b-21fd1da85c70" testId="52fd6cca-514c-504a-c1ca-f22d224aa47c" testName="GetFolderNameTest" computerName="OUJUN-PC" duration="00:00:00.0004330" startTime="2011-01-09T14:58:28.0177891+08:00" endTime="2011-01-09T14:58:28.0236484+08:00" testType="13cdc9d9-ddb5-4fa4-a97d-d965ccfc6d4b" outcome="Passed" testListId="8c84fa94-04c1-424b-9868-57a2d4851a1d">
      <Output>
      </Output>
    </UnitTestResult>
    <UnitTestResult executionId="c3553fa9-1fe3-4fdb-87cf-4e4897a8ec06" testId="c85bd1df-f5c9-a74e-03cb-51ae5a966b18" testName="CreateDirTest" computerName="OUJUN-PC" duration="00:00:00.0021068" startTime="2011-01-09T14:58:28.0353672+08:00" endTime="2011-01-09T14:58:28.0441563+08:00" testType="13cdc9d9-ddb5-4fa4-a97d-d965ccfc6d4b" outcome="Passed" testListId="8c84fa94-04c1-424b-9868-57a2d4851a1d">
      <Output>
      </Output>
    </UnitTestResult>
    <UnitTestResult executionId="0fedff42-1513-40e6-8358-39a727b21cc5" testId="aa1c672f-deac-5517-8626-c3562f752d29" testName="DelDirTest" computerName="OUJUN-PC" duration="00:00:00.0022717" startTime="2011-01-09T14:58:28.0529453+08:00" endTime="2011-01-09T14:58:28.0617344+08:00" testType="13cdc9d9-ddb5-4fa4-a97d-d965ccfc6d4b" outcome="Passed" testListId="8c84fa94-04c1-424b-9868-57a2d4851a1d">
      <Output>
      </Output>
    </UnitTestResult>
    <UnitTestResult executionId="63740426-13d9-41d8-967e-f1a6f4e7bcb4" testId="4b63a06f-9885-091f-ef14-0a354e103e54" testName="GetParentPathTest" computerName="OUJUN-PC" duration="00:00:00.0006751" startTime="2011-01-09T14:58:28.0715000+08:00" endTime="2011-01-09T14:58:28.0783359+08:00" testType="13cdc9d9-ddb5-4fa4-a97d-d965ccfc6d4b" outcome="Passed" testListId="8c84fa94-04c1-424b-9868-57a2d4851a1d">
      <Output>
      </Output>
    </UnitTestResult>
    <UnitTestResult executionId="540d162c-3fe3-425a-bfba-8233eb577461" testId="a9907a87-e931-0fbb-5120-eb8b90749c91" testName="CopyFilesExtTest" computerName="OUJUN-PC" duration="00:00:00.1392411" startTime="2011-01-09T14:58:28.0900547+08:00" endTime="2011-01-09T14:58:28.2355625+08:00" testType="13cdc9d9-ddb5-4fa4-a97d-d965ccfc6d4b" outcome="Passed" testListId="8c84fa94-04c1-424b-9868-57a2d4851a1d">
      <Output>
      </Output>
    </UnitTestResult>
    <UnitTestResult executionId="586b4972-156f-42ee-9292-1d35e022ff98" testId="6b320bcc-4da7-e499-316c-a90c5fec1e9f" testName="CopyDirExtTest" computerName="OUJUN-PC" duration="00:00:00.0117552" startTime="2011-01-09T14:58:28.2463047+08:00" endTime="2011-01-09T14:58:28.2629063+08:00" testType="13cdc9d9-ddb5-4fa4-a97d-d965ccfc6d4b" outcome="Passed" testListId="8c84fa94-04c1-424b-9868-57a2d4851a1d">
      <Output>
      </Output>
    </UnitTestResult>
    <UnitTestResult executionId="4ebe7073-1bc7-42c2-95ea-41f6450c0fe4" testId="54a7f750-b04b-c012-a7e8-dafee4bd00f9" testName="BookConstructorTest" computerName="OUJUN-PC" duration="00:00:00.0038457" startTime="2011-01-09T14:58:28.2716953+08:00" endTime="2011-01-09T14:58:28.2824375+08:00" testType="13cdc9d9-ddb5-4fa4-a97d-d965ccfc6d4b" outcome="Passed" testListId="8c84fa94-04c1-424b-9868-57a2d4851a1d">
      <Output>
      </Output>
    </UnitTestResult>
    <UnitTestResult executionId="a4e27980-bee1-43be-a149-176528f2131d" testId="c05ede38-2791-b312-2879-8d65bf73fd94" testName="BookConstructorTest1" computerName="OUJUN-PC" duration="00:00:00.0004765" startTime="2011-01-09T14:58:28.2931797+08:00" endTime="2011-01-09T14:58:28.3000156+08:00" testType="13cdc9d9-ddb5-4fa4-a97d-d965ccfc6d4b" outcome="Passed" testListId="8c84fa94-04c1-424b-9868-57a2d4851a1d">
      <Output>
      </Output>
    </UnitTestResult>
    <UnitTestResult executionId="031cf3d0-d01d-4ef7-bc55-2805f08cde3b" testId="1e655fec-4128-95dd-6c75-d4fae3337339" testName="AuthorTest" computerName="OUJUN-PC" duration="00:00:00.0006260" startTime="2011-01-09T14:58:28.3097813+08:00" endTime="2011-01-09T14:58:28.3156406+08:00" testType="13cdc9d9-ddb5-4fa4-a97d-d965ccfc6d4b" outcome="Passed" testListId="8c84fa94-04c1-424b-9868-57a2d4851a1d">
      <Output>
      </Output>
    </UnitTestResult>
    <UnitTestResult executionId="250db8cc-35ee-4b37-943a-1faf00e0f5c0" testId="c8df8285-b6e9-ff80-79cf-4c1cb9fb54cb" testName="DateTest" computerName="OUJUN-PC" duration="00:00:00.0006209" startTime="2011-01-09T14:58:28.3273594+08:00" endTime="2011-01-09T14:58:28.3332188+08:00" testType="13cdc9d9-ddb5-4fa4-a97d-d965ccfc6d4b" outcome="Passed" testListId="8c84fa94-04c1-424b-9868-57a2d4851a1d">
      <Output>
      </Output>
    </UnitTestResult>
    <UnitTestResult executionId="40f7cc5e-5cce-4edc-87ce-468ffdb16dba" testId="3d730d73-27b1-9b8d-7120-843d5d4f105e" testName="DescriptionTest" computerName="OUJUN-PC" duration="00:00:00.0006562" startTime="2011-01-09T14:58:28.3420078+08:00" endTime="2011-01-09T14:58:28.3498203+08:00" testType="13cdc9d9-ddb5-4fa4-a97d-d965ccfc6d4b" outcome="Passed" testListId="8c84fa94-04c1-424b-9868-57a2d4851a1d">
      <Output>
      </Output>
    </UnitTestResult>
    <UnitTestResult executionId="7e27f621-c90e-4aef-b520-2bd026b31ec7" testId="e6f610f5-d53a-9081-bbad-5e133df8f67b" testName="NameTest" computerName="OUJUN-PC" duration="00:00:00.0006122" startTime="2011-01-09T14:58:28.3595859+08:00" endTime="2011-01-09T14:58:28.3664219+08:00" testType="13cdc9d9-ddb5-4fa4-a97d-d965ccfc6d4b" outcome="Passed" testListId="8c84fa94-04c1-424b-9868-57a2d4851a1d">
      <Output>
      </Output>
    </UnitTestResult>
    <UnitTestResult executionId="824d9cfa-2a49-4864-bf4b-e535b4808c9b" testId="385238eb-0e86-cab3-edcc-952ab494f745" testName="GetNewNodeTest" computerName="OUJUN-PC" duration="00:00:00.0515104" startTime="2011-01-09T14:58:28.3781406+08:00" endTime="2011-01-09T14:58:28.4367344+08:00" testType="13cdc9d9-ddb5-4fa4-a97d-d965ccfc6d4b" outcome="Passed" testListId="8c84fa94-04c1-424b-9868-57a2d4851a1d">
      <Output>
      </Output>
    </UnitTestResult>
    <UnitTestResult executionId="0146b79c-8cdc-4e57-801b-4ca6f0f20f0c" testId="2efad361-4af2-b529-ac09-b5b305b3dc5d" testName="ContainNodeTest" computerName="OUJUN-PC" duration="00:00:00.0009316" startTime="2011-01-09T14:58:28.4494297+08:00" endTime="2011-01-09T14:58:28.4562656+08:00" testType="13cdc9d9-ddb5-4fa4-a97d-d965ccfc6d4b" outcome="Passed" testListId="8c84fa94-04c1-424b-9868-57a2d4851a1d">
      <Output>
      </Output>
    </UnitTestResult>
    <UnitTestResult executionId="097e1956-dbbb-4ea4-aa7c-3aab0ff72388" testId="12f37cbd-9345-5dc8-b845-2a7f0f9298cb" testName="GetNewListItemTest" computerName="OUJUN-PC" duration="00:00:00.0048648" startTime="2011-01-09T14:58:28.4650547+08:00" endTime="2011-01-09T14:58:28.4767734+08:00" testType="13cdc9d9-ddb5-4fa4-a97d-d965ccfc6d4b" outcome="Passed" testListId="8c84fa94-04c1-424b-9868-57a2d4851a1d">
      <Output>
      </Output>
    </UnitTestResult>
    <UnitTestResult executionId="1f118ad7-fb19-4cd4-a5e2-92daae9305a1" testId="e217c5dc-0a15-ad75-020f-d43885fa6bc4" testName="CanDragTest" computerName="OUJUN-PC" duration="00:00:00.0024201" startTime="2011-01-09T14:58:28.4923984+08:00" endTime="2011-01-09T14:58:28.5011875+08:00" testType="13cdc9d9-ddb5-4fa4-a97d-d965ccfc6d4b" outcome="Passed" testListId="8c84fa94-04c1-424b-9868-57a2d4851a1d">
      <Output>
      </Output>
    </UnitTestResult>
    <UnitTestResult executionId="751fcc55-6224-4c97-b53e-a5b281464cc8" testId="98d10aa3-ff17-648b-cc7e-ed011c1423e2" testName="AnalyseCurNodeTest" computerName="OUJUN-PC" duration="00:00:00.0032396" startTime="2011-01-09T14:58:28.5129063+08:00" endTime="2011-01-09T14:58:28.5226719+08:00" testType="13cdc9d9-ddb5-4fa4-a97d-d965ccfc6d4b" outcome="Passed" testListId="8c84fa94-04c1-424b-9868-57a2d4851a1d">
      <Output>
      </Output>
    </UnitTestResult>
    <UnitTestResult executionId="82a2782d-ff8c-4c28-a3fd-7f061d2b94a0" testId="be9f75e5-decf-6223-5081-6fe6becf3c26" testName="CreateBookNodeTest" computerName="OUJUN-PC" duration="00:00:01.2974181" startTime="2011-01-09T14:58:28.5334141+08:00" endTime="2011-01-09T14:58:29.8410313+08:00" testType="13cdc9d9-ddb5-4fa4-a97d-d965ccfc6d4b" outcome="Passed" testListId="8c84fa94-04c1-424b-9868-57a2d4851a1d">
      <Output>
        <DebugTrace>未将对象引用设置到对象的实例。
       在 read_more.FormUtil.CreateBookNode(TreeNode node) 位置 C:\Users\oujun\Desktop\read_more\read_more\read_more Beta\FormUtil.cs:行号 350
----------------------------------------------------------------------
</DebugTrace>
      </Output>
    </UnitTestResult>
    <UnitTestResult executionId="ae38894e-08e6-4145-bc38-7a0c7dd7f6cd" testId="6cb14709-22bb-4299-3ea7-c19c58578070" testName="OutputBookListConstructorTest" computerName="OUJUN-PC" duration="00:00:00.0029852" startTime="2011-01-09T14:58:29.9396641+08:00" endTime="2011-01-09T14:58:29.9631016+08:00" testType="13cdc9d9-ddb5-4fa4-a97d-d965ccfc6d4b" outcome="Passed" testListId="8c84fa94-04c1-424b-9868-57a2d4851a1d">
      <Output>
      </Output>
    </UnitTestResult>
    <UnitTestResult executionId="9dde1b32-1e08-4cb1-8c14-70bc8a5cc2a9" testId="02b1d76b-a05d-2aa7-8d32-a7c54074278d" testName="AddOutputRangeTest" computerName="OUJUN-PC" duration="00:00:00.0006905" startTime="2011-01-09T14:58:29.9767734+08:00" endTime="2011-01-09T14:58:30.0041172+08:00" testType="13cdc9d9-ddb5-4fa4-a97d-d965ccfc6d4b" outcome="Passed" testListId="8c84fa94-04c1-424b-9868-57a2d4851a1d">
      <Output>
      </Output>
    </UnitTestResult>
    <UnitTestResult executionId="dd9b70cc-bd55-4340-93f4-ca2d9baf438b" testId="61be7fd1-b218-c6af-eb95-e528cd771065" testName="GetInstanceTest" computerName="OUJUN-PC" duration="00:00:00.0011926" startTime="2011-01-09T14:58:30.0705234+08:00" endTime="2011-01-09T14:58:30.0822422+08:00" testType="13cdc9d9-ddb5-4fa4-a97d-d965ccfc6d4b" outcome="Passed" testListId="8c84fa94-04c1-424b-9868-57a2d4851a1d">
      <Output>
      </Output>
    </UnitTestResult>
    <UnitTestResult executionId="917bd143-428b-4fc7-8061-34bbbfccb0b5" testId="86d40c7b-eb77-2b0c-a39d-84b96b346fc2" testName="WriteErrorTest" computerName="OUJUN-PC" duration="00:00:00.0749420" startTime="2011-01-09T14:58:30.1047031+08:00" endTime="2011-01-09T14:58:30.1886875+08:00" testType="13cdc9d9-ddb5-4fa4-a97d-d965ccfc6d4b" outcome="Failed" testListId="8c84fa94-04c1-424b-9868-57a2d4851a1d">
      <Output>
        <ErrorInfo>
          <Message>测试方法 TestProjectReadMore.TraceLogTest.WriteErrorTest 引发异常:  System.IO.IOException: 文件“D:\VS2008\Common7\IDE\errorlog.log”正由另一进程使用，因此该进程无法访问该文件。。</Message>
          <StackTrace>    在 System.IO.__Error.WinIOError(Int32 errorCode, String maybeFullPath)
   在 System.IO.FileStream.Init(String path, FileMode mode, FileAccess access, Int32 rights, Boolean useRights, FileShare share, Int32 bufferSize, FileOptions options, SECURITY_ATTRIBUTES secAttrs, String msgPath, Boolean bFromProxy)
   在 System.IO.FileStream..ctor(String path, FileMode mode, FileAccess access, FileShare share, Int32 bufferSize, FileOptions options)
   在 System.IO.StreamWriter.CreateFile(String path, Boolean append)
   在 System.IO.StreamWriter..ctor(String path, Boolean append, Encoding encoding, Int32 bufferSize)
   在 System.IO.StreamWriter..ctor(String path, Boolean append)
   在 read_more.TraceLog..ctor() 位置 C:\Users\oujun\Desktop\read_more\read_more\read_more Beta\TraceLog.cs:行号 13
   在 read_more.TraceLog_Accessor..ctor()
   在 TestProjectReadMore.TraceLogTest.WriteErrorTest() 位置 C:\Users\oujun\Desktop\read_more\read_more\read_more Beta\TestProjectReadMore\TraceLogTest.cs:行号 88
</StackTrace>
        </ErrorInfo>
      </Output>
    </UnitTestResult>
    <UnitTestResult executionId="2f58c952-4066-4c24-8b24-f4a10e907b35" testId="30746bd2-70a6-0f2a-272f-a06e14730683" testName="CompareTest" computerName="OUJUN-PC" duration="00:00:00.0019794" startTime="2011-01-09T14:58:30.2297031+08:00" endTime="2011-01-09T14:58:30.2404453+08:00" testType="13cdc9d9-ddb5-4fa4-a97d-d965ccfc6d4b" outcome="Passed" testListId="8c84fa94-04c1-424b-9868-57a2d4851a1d">
      <Output>
      </Output>
    </UnitTestResult>
    <UnitTestResult executionId="83604404-e661-4419-b1d7-8878609cbf06" testId="e62dc69d-e9dc-cfff-2117-6c35b2b7e98f" testName="SortTypeConstructorTest" computerName="OUJUN-PC" duration="00:00:00.1659518" startTime="2011-01-09T14:58:30.2541172+08:00" endTime="2011-01-09T14:58:30.4289219+08:00" testType="13cdc9d9-ddb5-4fa4-a97d-d965ccfc6d4b" outcome="Inconclusive" testListId="8c84fa94-04c1-424b-9868-57a2d4851a1d">
      <Output>
        <ErrorInfo>
          <Message>Assert.Inconclusive 失败。TODO: 实现用来验证目标的代码</Message>
          <StackTrace>   在 TestProjectReadMore.SortTypeTest.SortTypeConstructorTest() 位置 C:\Users\oujun\Desktop\read_more\read_more\read_more Beta\TestProjectReadMore\SortTypeTest.cs:行号 89
</StackTrace>
        </ErrorInfo>
      </Output>
    </UnitTestResult>
  </Results>
</TestRun>